<?xml version="1.0" encoding="UTF-8"?>
<coverage generated="1609647789803" clover="3.2.0">
  <project timestamp="1609647789804" name="All files">
    <metrics statements="1441" coveredstatements="761" conditionals="787" coveredconditionals="363" methods="278" coveredmethods="116" elements="2506" coveredelements="1240" complexity="0" loc="1441" ncloc="1441" packages="4" files="22" classes="22"/>
    <package name="dist.lib">
      <metrics statements="266" coveredstatements="143" conditionals="190" coveredconditionals="94" methods="79" coveredmethods="31"/>
      <file name="Errors.js" path="/home/jesse/Desktop/work/hylar-core/dist/lib/Errors.js">
        <metrics statements="14" coveredstatements="8" conditionals="0" coveredconditionals="0" methods="6" coveredmethods="0"/>
        <line num="5" count="1" type="stmt"/>
        <line num="6" count="1" type="stmt"/>
        <line num="8" count="0" type="stmt"/>
        <line num="10" count="1" type="stmt"/>
        <line num="12" count="0" type="stmt"/>
        <line num="14" count="1" type="stmt"/>
        <line num="16" count="0" type="stmt"/>
        <line num="18" count="1" type="stmt"/>
        <line num="20" count="0" type="stmt"/>
        <line num="22" count="1" type="stmt"/>
        <line num="24" count="0" type="stmt"/>
        <line num="26" count="1" type="stmt"/>
        <line num="28" count="0" type="stmt"/>
        <line num="30" count="1" type="stmt"/>
      </file>
      <file name="ParsingInterface.js" path="/home/jesse/Desktop/work/hylar-core/dist/lib/ParsingInterface.js">
        <metrics statements="23" coveredstatements="19" conditionals="17" coveredconditionals="11" methods="5" coveredmethods="5"/>
        <line num="6" count="1" type="cond" truecount="3" falsecount="0"/>
        <line num="7" count="1" type="cond" truecount="3" falsecount="1"/>
        <line num="9" count="1" type="stmt"/>
        <line num="10" count="1" type="stmt"/>
        <line num="11" count="1" type="stmt"/>
        <line num="12" count="1" type="stmt"/>
        <line num="26" count="4" type="cond" truecount="1" falsecount="1"/>
        <line num="28" count="1" type="stmt"/>
        <line num="30" count="4" type="stmt"/>
        <line num="32" count="1" type="stmt"/>
        <line num="34" count="1" type="stmt"/>
        <line num="35" count="1" type="stmt"/>
        <line num="36" count="1" type="stmt"/>
        <line num="37" count="3" type="cond" truecount="1" falsecount="1"/>
        <line num="38" count="0" type="stmt"/>
        <line num="39" count="0" type="cond" truecount="0" falsecount="2"/>
        <line num="40" count="0" type="stmt"/>
        <line num="43" count="0" type="stmt"/>
        <line num="47" count="3" type="cond" truecount="2" falsecount="0"/>
        <line num="48" count="1" type="stmt"/>
        <line num="51" count="2" type="stmt"/>
        <line num="54" count="1" type="stmt"/>
        <line num="56" count="1" type="stmt"/>
      </file>
      <file name="Prefixes.js" path="/home/jesse/Desktop/work/hylar-core/dist/lib/Prefixes.js">
        <metrics statements="20" coveredstatements="9" conditionals="13" coveredconditionals="8" methods="9" coveredmethods="4"/>
        <line num="5" count="1" type="cond" truecount="3" falsecount="0"/>
        <line num="6" count="1" type="cond" truecount="3" falsecount="1"/>
        <line num="8" count="1" type="stmt"/>
        <line num="13" count="1" type="stmt"/>
        <line num="16" count="1" type="stmt"/>
        <line num="17" count="1" type="stmt"/>
        <line num="25" count="0" type="stmt"/>
        <line num="28" count="0" type="stmt"/>
        <line num="31" count="44" type="cond" truecount="2" falsecount="0"/>
        <line num="34" count="0" type="stmt"/>
        <line num="37" count="0" type="stmt"/>
        <line num="38" count="0" type="cond" truecount="0" falsecount="2"/>
        <line num="39" count="0" type="stmt"/>
        <line num="42" count="0" type="stmt"/>
        <line num="45" count="44" type="stmt"/>
        <line num="48" count="0" type="stmt"/>
        <line num="49" count="0" type="stmt"/>
        <line num="50" count="0" type="cond" truecount="0" falsecount="2"/>
        <line num="51" count="0" type="stmt"/>
        <line num="56" count="1" type="stmt"/>
      </file>
      <file name="ReasoningEngine.js" path="/home/jesse/Desktop/work/hylar-core/dist/lib/ReasoningEngine.js">
        <metrics statements="104" coveredstatements="55" conditionals="60" coveredconditionals="26" methods="32" coveredmethods="14"/>
        <line num="7" count="1" type="cond" truecount="4" falsecount="1"/>
        <line num="8" count="0" type="cond" truecount="0" falsecount="2"/>
        <line num="9" count="0" type="stmt"/>
        <line num="11" count="0" type="cond" truecount="0" falsecount="2"/>
        <line num="12" count="0" type="stmt"/>
        <line num="14" count="1" type="cond" truecount="4" falsecount="1"/>
        <line num="15" count="0" type="stmt"/>
        <line num="17" count="0" type="stmt"/>
        <line num="19" count="1" type="cond" truecount="3" falsecount="0"/>
        <line num="20" count="3" type="cond" truecount="3" falsecount="1"/>
        <line num="21" count="0" type="stmt"/>
        <line num="22" count="0" type="cond" truecount="0" falsecount="6"/>
        <line num="23" count="0" type="stmt"/>
        <line num="24" count="0" type="stmt"/>
        <line num="26" count="1" type="cond" truecount="3" falsecount="0"/>
        <line num="27" count="0" type="cond" truecount="0" falsecount="2"/>
        <line num="28" count="2" type="cond" truecount="2" falsecount="0"/>
        <line num="29" count="0" type="stmt"/>
        <line num="30" count="0" type="stmt"/>
        <line num="31" count="2" type="cond" truecount="1" falsecount="1"/>
        <line num="32" count="2" type="cond" truecount="2" falsecount="0"/>
        <line num="35" count="1" type="stmt"/>
        <line num="36" count="1" type="stmt"/>
        <line num="37" count="1" type="stmt"/>
        <line num="38" count="1" type="stmt"/>
        <line num="39" count="1" type="stmt"/>
        <line num="53" count="0" type="stmt"/>
        <line num="54" count="0" type="stmt"/>
        <line num="55" count="0" type="stmt"/>
        <line num="58" count="0" type="cond" truecount="0" falsecount="6"/>
        <line num="59" count="0" type="stmt"/>
        <line num="62" count="0" type="cond" truecount="0" falsecount="6"/>
        <line num="63" count="0" type="stmt"/>
        <line num="66" count="0" type="stmt"/>
        <line num="67" count="0" type="stmt"/>
        <line num="69" count="0" type="stmt"/>
        <line num="71" count="0" type="stmt"/>
        <line num="72" count="0" type="stmt"/>
        <line num="73" count="0" type="stmt"/>
        <line num="74" count="0" type="stmt"/>
        <line num="81" count="1" type="stmt"/>
        <line num="91" count="2" type="stmt"/>
        <line num="92" count="2" type="stmt"/>
        <line num="93" count="2" type="stmt"/>
        <line num="94" count="2" type="stmt"/>
        <line num="95" count="2" type="stmt"/>
        <line num="96" count="2" type="stmt"/>
        <line num="97" count="2" type="stmt"/>
        <line num="98" count="2" type="stmt"/>
        <line num="99" count="2" type="stmt"/>
        <line num="100" count="2" type="stmt"/>
        <line num="103" count="2" type="stmt"/>
        <line num="104" count="2" type="stmt"/>
        <line num="106" count="2" type="stmt"/>
        <line num="109" count="2" type="stmt"/>
        <line num="110" count="2" type="stmt"/>
        <line num="111" count="2" type="stmt"/>
        <line num="113" count="2" type="stmt"/>
        <line num="114" count="2" type="cond" truecount="1" falsecount="1"/>
        <line num="115" count="0" type="stmt"/>
        <line num="118" count="2" type="stmt"/>
        <line num="119" count="2" type="stmt"/>
        <line num="120" count="2" type="stmt"/>
        <line num="125" count="2" type="stmt"/>
        <line num="126" count="2" type="stmt"/>
        <line num="127" count="2" type="stmt"/>
        <line num="129" count="2" type="stmt"/>
        <line num="130" count="2" type="cond" truecount="1" falsecount="1"/>
        <line num="131" count="0" type="stmt"/>
        <line num="134" count="2" type="stmt"/>
        <line num="139" count="5" type="stmt"/>
        <line num="140" count="5" type="stmt"/>
        <line num="141" count="5" type="stmt"/>
        <line num="142" count="5" type="stmt"/>
        <line num="144" count="5" type="stmt"/>
        <line num="145" count="5" type="cond" truecount="2" falsecount="0"/>
        <line num="146" count="3" type="stmt"/>
        <line num="149" count="2" type="stmt"/>
        <line num="150" count="2" type="stmt"/>
        <line num="152" count="2" type="stmt"/>
        <line num="159" count="2" type="stmt"/>
        <line num="163" count="1" type="stmt"/>
        <line num="171" count="0" type="stmt"/>
        <line num="173" count="1" type="stmt"/>
        <line num="188" count="0" type="stmt"/>
        <line num="189" count="0" type="stmt"/>
        <line num="190" count="0" type="stmt"/>
        <line num="191" count="0" type="stmt"/>
        <line num="193" count="0" type="cond" truecount="0" falsecount="2"/>
        <line num="194" count="0" type="stmt"/>
        <line num="197" count="0" type="stmt"/>
        <line num="204" count="0" type="stmt"/>
        <line num="205" count="0" type="stmt"/>
        <line num="206" count="0" type="stmt"/>
        <line num="208" count="0" type="stmt"/>
        <line num="209" count="0" type="cond" truecount="0" falsecount="2"/>
        <line num="210" count="0" type="stmt"/>
        <line num="213" count="0" type="stmt"/>
        <line num="221" count="0" type="stmt"/>
        <line num="222" count="0" type="stmt"/>
        <line num="223" count="0" type="stmt"/>
        <line num="224" count="0" type="stmt"/>
        <line num="225" count="0" type="stmt"/>
        <line num="228" count="1" type="stmt"/>
      </file>
      <file name="RegularExpressions.js" path="/home/jesse/Desktop/work/hylar-core/dist/lib/RegularExpressions.js">
        <metrics statements="2" coveredstatements="2" conditionals="0" coveredconditionals="0" methods="0" coveredmethods="0"/>
        <line num="5" count="1" type="stmt"/>
        <line num="6" count="1" type="stmt"/>
      </file>
      <file name="Rules.js" path="/home/jesse/Desktop/work/hylar-core/dist/lib/Rules.js">
        <metrics statements="22" coveredstatements="12" conditionals="34" coveredconditionals="20" methods="7" coveredmethods="2"/>
        <line num="5" count="1" type="cond" truecount="4" falsecount="1"/>
        <line num="6" count="0" type="cond" truecount="0" falsecount="2"/>
        <line num="7" count="0" type="stmt"/>
        <line num="9" count="0" type="cond" truecount="0" falsecount="2"/>
        <line num="10" count="0" type="stmt"/>
        <line num="12" count="1" type="cond" truecount="4" falsecount="1"/>
        <line num="13" count="0" type="stmt"/>
        <line num="15" count="0" type="stmt"/>
        <line num="17" count="1" type="cond" truecount="3" falsecount="0"/>
        <line num="18" count="1" type="cond" truecount="3" falsecount="1"/>
        <line num="19" count="0" type="stmt"/>
        <line num="20" count="0" type="cond" truecount="0" falsecount="6"/>
        <line num="21" count="0" type="stmt"/>
        <line num="22" count="0" type="stmt"/>
        <line num="24" count="1" type="cond" truecount="3" falsecount="0"/>
        <line num="25" count="1" type="cond" truecount="3" falsecount="1"/>
        <line num="27" count="1" type="stmt"/>
        <line num="28" count="1" type="stmt"/>
        <line num="33" count="1" type="stmt"/>
        <line num="34" count="1" type="stmt"/>
        <line num="35" count="1" type="stmt"/>
        <line num="51" count="1" type="stmt"/>
      </file>
      <file name="Utils.js" path="/home/jesse/Desktop/work/hylar-core/dist/lib/Utils.js">
        <metrics statements="81" coveredstatements="38" conditionals="66" coveredconditionals="29" methods="20" coveredmethods="6"/>
        <line num="6" count="1" type="cond" truecount="4" falsecount="1"/>
        <line num="7" count="0" type="cond" truecount="0" falsecount="2"/>
        <line num="8" count="0" type="stmt"/>
        <line num="10" count="0" type="cond" truecount="0" falsecount="2"/>
        <line num="11" count="0" type="stmt"/>
        <line num="13" count="1" type="cond" truecount="4" falsecount="1"/>
        <line num="14" count="0" type="stmt"/>
        <line num="16" count="0" type="stmt"/>
        <line num="18" count="1" type="cond" truecount="3" falsecount="0"/>
        <line num="19" count="1" type="cond" truecount="3" falsecount="1"/>
        <line num="20" count="0" type="stmt"/>
        <line num="21" count="0" type="cond" truecount="0" falsecount="6"/>
        <line num="22" count="0" type="stmt"/>
        <line num="23" count="0" type="stmt"/>
        <line num="25" count="1" type="cond" truecount="3" falsecount="0"/>
        <line num="26" count="1" type="cond" truecount="3" falsecount="1"/>
        <line num="28" count="1" type="stmt"/>
        <line num="29" count="1" type="stmt"/>
        <line num="30" count="1" type="stmt"/>
        <line num="31" count="1" type="stmt"/>
        <line num="40" count="336" type="stmt"/>
        <line num="41" count="336" type="stmt"/>
        <line num="42" count="336" type="stmt"/>
        <line num="43" count="336" type="stmt"/>
        <line num="44" count="832" type="cond" truecount="2" falsecount="0"/>
        <line num="45" count="810" type="stmt"/>
        <line num="47" count="336" type="stmt"/>
        <line num="48" count="756" type="stmt"/>
        <line num="50" count="336" type="stmt"/>
        <line num="52" count="1" type="stmt"/>
        <line num="54" count="0" type="stmt"/>
        <line num="56" count="1" type="stmt"/>
        <line num="58" count="5" type="stmt"/>
        <line num="60" count="1" type="stmt"/>
        <line num="67" count="903" type="cond" truecount="2" falsecount="0"/>
        <line num="68" count="22" type="stmt"/>
        <line num="70" count="881" type="stmt"/>
        <line num="71" count="881" type="stmt"/>
        <line num="74" count="0" type="stmt"/>
        <line num="77" count="1" type="stmt"/>
        <line num="84" count="301" type="stmt"/>
        <line num="85" count="301" type="cond" truecount="5" falsecount="0"/>
        <line num="88" count="0" type="stmt"/>
        <line num="91" count="1" type="stmt"/>
        <line num="93" count="0" type="cond" truecount="0" falsecount="4"/>
        <line num="94" count="0" type="stmt"/>
        <line num="95" count="0" type="stmt"/>
        <line num="96" count="0" type="stmt"/>
        <line num="98" count="1" type="stmt"/>
        <line num="100" count="0" type="cond" truecount="0" falsecount="2"/>
        <line num="101" count="0" type="stmt"/>
        <line num="103" count="0" type="cond" truecount="0" falsecount="2"/>
        <line num="104" count="0" type="stmt"/>
        <line num="106" count="0" type="stmt"/>
        <line num="107" count="0" type="cond" truecount="0" falsecount="2"/>
        <line num="108" count="0" type="stmt"/>
        <line num="111" count="0" type="stmt"/>
        <line num="113" count="1" type="stmt"/>
        <line num="115" count="0" type="stmt"/>
        <line num="117" count="1" type="stmt"/>
        <line num="119" count="0" type="stmt"/>
        <line num="120" count="0" type="stmt"/>
        <line num="121" count="0" type="cond" truecount="0" falsecount="2"/>
        <line num="122" count="0" type="stmt"/>
        <line num="124" count="0" type="stmt"/>
        <line num="126" count="1" type="stmt"/>
        <line num="128" count="0" type="stmt"/>
        <line num="130" count="1" type="stmt"/>
        <line num="132" count="0" type="cond" truecount="0" falsecount="5"/>
        <line num="135" count="0" type="stmt"/>
        <line num="137" count="0" type="stmt"/>
        <line num="139" count="1" type="stmt"/>
        <line num="141" count="0" type="cond" truecount="0" falsecount="2"/>
        <line num="142" count="0" type="cond" truecount="0" falsecount="2"/>
        <line num="143" count="0" type="cond" truecount="0" falsecount="2"/>
        <line num="144" count="0" type="stmt"/>
        <line num="147" count="0" type="stmt"/>
        <line num="149" count="0" type="stmt"/>
        <line num="151" count="0" type="stmt"/>
        <line num="153" count="0" type="stmt"/>
        <line num="155" count="1" type="stmt"/>
      </file>
    </package>
    <package name="dist.lib.Logics">
      <metrics statements="532" coveredstatements="276" conditionals="330" coveredconditionals="164" methods="93" coveredmethods="39"/>
      <file name="Fact.js" path="/home/jesse/Desktop/work/hylar-core/dist/lib/Logics/Fact.js">
        <metrics statements="96" coveredstatements="36" conditionals="84" coveredconditionals="35" methods="21" coveredmethods="4"/>
        <line num="5" count="1" type="cond" truecount="4" falsecount="1"/>
        <line num="6" count="0" type="cond" truecount="0" falsecount="2"/>
        <line num="7" count="0" type="stmt"/>
        <line num="9" count="0" type="cond" truecount="0" falsecount="2"/>
        <line num="10" count="0" type="stmt"/>
        <line num="12" count="1" type="cond" truecount="4" falsecount="1"/>
        <line num="13" count="0" type="stmt"/>
        <line num="15" count="0" type="stmt"/>
        <line num="17" count="1" type="cond" truecount="3" falsecount="0"/>
        <line num="18" count="2" type="cond" truecount="3" falsecount="1"/>
        <line num="19" count="0" type="stmt"/>
        <line num="20" count="0" type="cond" truecount="0" falsecount="6"/>
        <line num="21" count="0" type="stmt"/>
        <line num="22" count="0" type="stmt"/>
        <line num="24" count="1" type="stmt"/>
        <line num="25" count="1" type="stmt"/>
        <line num="26" count="1" type="stmt"/>
        <line num="37" count="301" type="cond" truecount="2" falsecount="0"/>
        <line num="38" count="11" type="stmt"/>
        <line num="40" count="301" type="stmt"/>
        <line num="41" count="301" type="stmt"/>
        <line num="42" count="301" type="stmt"/>
        <line num="43" count="301" type="stmt"/>
        <line num="44" count="301" type="stmt"/>
        <line num="45" count="301" type="stmt"/>
        <line num="46" count="301" type="stmt"/>
        <line num="47" count="301" type="stmt"/>
        <line num="48" count="301" type="stmt"/>
        <line num="49" count="301" type="cond" truecount="4" falsecount="0"/>
        <line num="50" count="260" type="stmt"/>
        <line num="52" count="301" type="stmt"/>
        <line num="53" count="301" type="cond" truecount="2" falsecount="0"/>
        <line num="54" count="57" type="stmt"/>
        <line num="56" count="301" type="cond" truecount="2" falsecount="0"/>
        <line num="57" count="249" type="stmt"/>
        <line num="59" count="301" type="cond" truecount="2" falsecount="0"/>
        <line num="60" count="73" type="stmt"/>
        <line num="62" count="301" type="stmt"/>
        <line num="63" count="301" type="cond" truecount="1" falsecount="1"/>
        <line num="64" count="0" type="stmt"/>
        <line num="66" count="301" type="stmt"/>
        <line num="74" count="301" type="cond" truecount="2" falsecount="0"/>
        <line num="75" count="11" type="stmt"/>
        <line num="78" count="290" type="stmt"/>
        <line num="80" count="301" type="cond" truecount="2" falsecount="0"/>
        <line num="83" count="183" type="stmt"/>
        <line num="87" count="0" type="cond" truecount="0" falsecount="2"/>
        <line num="88" count="0" type="stmt"/>
        <line num="90" count="0" type="cond" truecount="0" falsecount="2"/>
        <line num="91" count="0" type="stmt"/>
        <line num="94" count="0" type="stmt"/>
        <line num="96" count="0" type="stmt"/>
        <line num="100" count="0" type="cond" truecount="0" falsecount="2"/>
        <line num="101" count="0" type="stmt"/>
        <line num="104" count="0" type="stmt"/>
        <line num="106" count="0" type="stmt"/>
        <line num="109" count="0" type="stmt"/>
        <line num="112" count="0" type="stmt"/>
        <line num="115" count="0" type="stmt"/>
        <line num="119" count="0" type="cond" truecount="0" falsecount="2"/>
        <line num="120" count="0" type="stmt"/>
        <line num="123" count="0" type="stmt"/>
        <line num="125" count="0" type="cond" truecount="0" falsecount="2"/>
        <line num="133" count="0" type="cond" truecount="0" falsecount="4"/>
        <line num="139" count="0" type="cond" truecount="0" falsecount="3"/>
        <line num="149" count="0" type="stmt"/>
        <line num="150" count="0" type="stmt"/>
        <line num="151" count="0" type="cond" truecount="0" falsecount="2"/>
        <line num="152" count="0" type="stmt"/>
        <line num="155" count="0" type="stmt"/>
        <line num="167" count="0" type="cond" truecount="0" falsecount="2"/>
        <line num="168" count="0" type="stmt"/>
        <line num="170" count="0" type="cond" truecount="0" falsecount="4"/>
        <line num="171" count="0" type="stmt"/>
        <line num="174" count="0" type="stmt"/>
        <line num="176" count="0" type="stmt"/>
        <line num="177" count="0" type="stmt"/>
        <line num="178" count="0" type="stmt"/>
        <line num="179" count="0" type="stmt"/>
        <line num="180" count="0" type="cond" truecount="0" falsecount="2"/>
        <line num="182" count="0" type="stmt"/>
        <line num="184" count="0" type="stmt"/>
        <line num="187" count="0" type="stmt"/>
        <line num="188" count="0" type="stmt"/>
        <line num="189" count="0" type="cond" truecount="0" falsecount="2"/>
        <line num="190" count="0" type="stmt"/>
        <line num="193" count="0" type="stmt"/>
        <line num="194" count="0" type="cond" truecount="0" falsecount="2"/>
        <line num="195" count="0" type="stmt"/>
        <line num="196" count="0" type="stmt"/>
        <line num="201" count="0" type="stmt"/>
        <line num="204" count="0" type="cond" truecount="0" falsecount="2"/>
        <line num="205" count="0" type="stmt"/>
        <line num="206" count="0" type="cond" truecount="0" falsecount="2"/>
        <line num="207" count="0" type="stmt"/>
        <line num="213" count="1" type="stmt"/>
      </file>
      <file name="Logics.js" path="/home/jesse/Desktop/work/hylar-core/dist/lib/Logics/Logics.js">
        <metrics statements="214" coveredstatements="96" conditionals="106" coveredconditionals="40" methods="32" coveredmethods="13"/>
        <line num="7" count="1" type="cond" truecount="4" falsecount="1"/>
        <line num="8" count="0" type="cond" truecount="0" falsecount="2"/>
        <line num="9" count="0" type="stmt"/>
        <line num="11" count="0" type="cond" truecount="0" falsecount="2"/>
        <line num="12" count="0" type="stmt"/>
        <line num="14" count="1" type="cond" truecount="4" falsecount="1"/>
        <line num="15" count="0" type="stmt"/>
        <line num="17" count="0" type="stmt"/>
        <line num="19" count="1" type="cond" truecount="3" falsecount="0"/>
        <line num="20" count="2" type="cond" truecount="3" falsecount="1"/>
        <line num="21" count="0" type="stmt"/>
        <line num="22" count="0" type="cond" truecount="0" falsecount="6"/>
        <line num="23" count="0" type="stmt"/>
        <line num="24" count="0" type="stmt"/>
        <line num="26" count="1" type="cond" truecount="3" falsecount="0"/>
        <line num="27" count="5" type="cond" truecount="4" falsecount="0"/>
        <line num="29" count="1" type="stmt"/>
        <line num="30" count="1" type="stmt"/>
        <line num="31" count="1" type="stmt"/>
        <line num="32" count="1" type="stmt"/>
        <line num="33" count="1" type="stmt"/>
        <line num="34" count="1" type="stmt"/>
        <line num="35" count="1" type="stmt"/>
        <line num="36" count="1" type="stmt"/>
        <line num="37" count="1" type="stmt"/>
        <line num="49" count="0" type="stmt"/>
        <line num="50" count="0" type="stmt"/>
        <line num="51" count="0" type="cond" truecount="0" falsecount="4"/>
        <line num="52" count="0" type="stmt"/>
        <line num="53" count="0" type="stmt"/>
        <line num="54" count="0" type="stmt"/>
        <line num="55" count="0" type="stmt"/>
        <line num="59" count="0" type="stmt"/>
        <line num="60" count="0" type="cond" truecount="0" falsecount="2"/>
        <line num="61" count="0" type="stmt"/>
        <line num="64" count="1" type="stmt"/>
        <line num="71" count="2" type="stmt"/>
        <line num="72" count="2" type="stmt"/>
        <line num="73" count="3" type="stmt"/>
        <line num="74" count="3" type="cond" truecount="1" falsecount="1"/>
        <line num="75" count="0" type="stmt"/>
        <line num="78" count="2" type="stmt"/>
        <line num="80" count="1" type="stmt"/>
        <line num="87" count="2" type="stmt"/>
        <line num="88" count="2" type="stmt"/>
        <line num="89" count="3" type="stmt"/>
        <line num="90" count="3" type="cond" truecount="1" falsecount="1"/>
        <line num="91" count="3" type="stmt"/>
        <line num="94" count="2" type="stmt"/>
        <line num="96" count="1" type="stmt"/>
        <line num="106" count="9" type="stmt"/>
        <line num="107" count="9" type="stmt"/>
        <line num="108" count="468" type="stmt"/>
        <line num="109" count="468" type="stmt"/>
        <line num="110" count="1294" type="stmt"/>
        <line num="111" count="2985" type="cond" truecount="2" falsecount="0"/>
        <line num="112" count="177" type="stmt"/>
        <line num="113" count="177" type="stmt"/>
        <line num="116" count="1294" type="cond" truecount="2" falsecount="0"/>
        <line num="117" count="177" type="stmt"/>
        <line num="118" count="177" type="stmt"/>
        <line num="122" count="9" type="stmt"/>
        <line num="124" count="1" type="stmt"/>
        <line num="133" count="2985" type="cond" truecount="3" falsecount="0"/>
        <line num="137" count="1" type="stmt"/>
        <line num="146" count="3553" type="cond" truecount="2" falsecount="0"/>
        <line num="148" count="1" type="stmt"/>
        <line num="155" count="0" type="cond" truecount="0" falsecount="3"/>
        <line num="158" count="1" type="stmt"/>
        <line num="165" count="0" type="cond" truecount="0" falsecount="4"/>
        <line num="166" count="0" type="stmt"/>
        <line num="167" count="0" type="stmt"/>
        <line num="168" count="0" type="stmt"/>
        <line num="169" count="0" type="cond" truecount="0" falsecount="2"/>
        <line num="170" count="0" type="stmt"/>
        <line num="173" count="0" type="stmt"/>
        <line num="175" count="1" type="stmt"/>
        <line num="185" count="4" type="stmt"/>
        <line num="186" count="4" type="stmt"/>
        <line num="187" count="3" type="stmt"/>
        <line num="188" count="3" type="stmt"/>
        <line num="189" count="0" type="cond" truecount="0" falsecount="2"/>
        <line num="190" count="0" type="stmt"/>
        <line num="191" count="0" type="stmt"/>
        <line num="194" count="3" type="cond" truecount="1" falsecount="1"/>
        <line num="195" count="3" type="stmt"/>
        <line num="198" count="4" type="stmt"/>
        <line num="200" count="1" type="stmt"/>
        <line num="207" count="123" type="stmt"/>
        <line num="208" count="123" type="stmt"/>
        <line num="211" count="0" type="stmt"/>
        <line num="214" count="1" type="stmt"/>
        <line num="216" count="0" type="stmt"/>
        <line num="217" count="0" type="stmt"/>
        <line num="218" count="0" type="stmt"/>
        <line num="220" count="0" type="stmt"/>
        <line num="221" count="0" type="stmt"/>
        <line num="222" count="0" type="cond" truecount="0" falsecount="2"/>
        <line num="223" count="0" type="cond" truecount="0" falsecount="2"/>
        <line num="224" count="0" type="stmt"/>
        <line num="227" count="0" type="stmt"/>
        <line num="228" count="0" type="stmt"/>
        <line num="232" count="0" type="stmt"/>
        <line num="235" count="0" type="stmt"/>
        <line num="236" count="0" type="stmt"/>
        <line num="237" count="0" type="cond" truecount="0" falsecount="4"/>
        <line num="238" count="0" type="stmt"/>
        <line num="241" count="0" type="stmt"/>
        <line num="246" count="1" type="stmt"/>
        <line num="248" count="0" type="stmt"/>
        <line num="249" count="0" type="stmt"/>
        <line num="250" count="0" type="stmt"/>
        <line num="251" count="0" type="stmt"/>
        <line num="252" count="0" type="stmt"/>
        <line num="256" count="1" type="stmt"/>
        <line num="258" count="0" type="stmt"/>
        <line num="259" count="0" type="stmt"/>
        <line num="261" count="0" type="stmt"/>
        <line num="262" count="0" type="cond" truecount="0" falsecount="2"/>
        <line num="263" count="0" type="stmt"/>
        <line num="264" count="0" type="cond" truecount="0" falsecount="2"/>
        <line num="265" count="0" type="stmt"/>
        <line num="266" count="0" type="stmt"/>
        <line num="267" count="0" type="stmt"/>
        <line num="270" count="0" type="stmt"/>
        <line num="272" count="0" type="stmt"/>
        <line num="274" count="0" type="stmt"/>
        <line num="276" count="1" type="stmt"/>
        <line num="278" count="0" type="stmt"/>
        <line num="279" count="0" type="cond" truecount="0" falsecount="2"/>
        <line num="280" count="0" type="stmt"/>
        <line num="281" count="0" type="stmt"/>
        <line num="282" count="0" type="stmt"/>
        <line num="287" count="1" type="stmt"/>
        <line num="289" count="0" type="stmt"/>
        <line num="290" count="0" type="stmt"/>
        <line num="291" count="0" type="stmt"/>
        <line num="293" count="0" type="stmt"/>
        <line num="295" count="1" type="stmt"/>
        <line num="298" count="0" type="stmt"/>
        <line num="299" count="0" type="cond" truecount="0" falsecount="4"/>
        <line num="300" count="0" type="stmt"/>
        <line num="302" count="0" type="stmt"/>
        <line num="303" count="0" type="stmt"/>
        <line num="304" count="0" type="stmt"/>
        <line num="305" count="0" type="stmt"/>
        <line num="308" count="0" type="stmt"/>
        <line num="310" count="1" type="stmt"/>
        <line num="312" count="0" type="stmt"/>
        <line num="314" count="0" type="stmt"/>
        <line num="315" count="0" type="cond" truecount="0" falsecount="2"/>
        <line num="317" count="0" type="cond" truecount="0" falsecount="2"/>
        <line num="318" count="0" type="stmt"/>
        <line num="319" count="0" type="stmt"/>
        <line num="320" count="0" type="stmt"/>
        <line num="323" count="0" type="stmt"/>
        <line num="327" count="0" type="stmt"/>
        <line num="329" count="1" type="stmt"/>
        <line num="331" count="0" type="stmt"/>
        <line num="332" count="0" type="stmt"/>
        <line num="333" count="0" type="stmt"/>
        <line num="334" count="0" type="stmt"/>
        <line num="336" count="1" type="stmt"/>
        <line num="340" count="0" type="stmt"/>
        <line num="342" count="0" type="cond" truecount="0" falsecount="2"/>
        <line num="343" count="0" type="stmt"/>
        <line num="344" count="0" type="stmt"/>
        <line num="347" count="0" type="stmt"/>
        <line num="348" count="0" type="stmt"/>
        <line num="350" count="0" type="stmt"/>
        <line num="351" count="0" type="stmt"/>
        <line num="352" count="0" type="stmt"/>
        <line num="353" count="0" type="cond" truecount="0" falsecount="2"/>
        <line num="354" count="0" type="stmt"/>
        <line num="355" count="0" type="cond" truecount="0" falsecount="2"/>
        <line num="356" count="0" type="stmt"/>
        <line num="358" count="0" type="stmt"/>
        <line num="361" count="0" type="cond" truecount="0" falsecount="2"/>
        <line num="362" count="0" type="stmt"/>
        <line num="365" count="0" type="stmt"/>
        <line num="367" count="1" type="stmt"/>
        <line num="369" count="2" type="stmt"/>
        <line num="370" count="2" type="stmt"/>
        <line num="371" count="66" type="stmt"/>
        <line num="372" count="66" type="cond" truecount="1" falsecount="1"/>
        <line num="373" count="66" type="stmt"/>
        <line num="376" count="0" type="stmt"/>
        <line num="379" count="2" type="stmt"/>
        <line num="381" count="1" type="stmt"/>
        <line num="383" count="66" type="stmt"/>
        <line num="384" count="66" type="stmt"/>
        <line num="385" count="66" type="stmt"/>
        <line num="386" count="66" type="stmt"/>
        <line num="387" count="66" type="stmt"/>
        <line num="389" count="1" type="stmt"/>
        <line num="391" count="132" type="stmt"/>
        <line num="392" count="132" type="cond" truecount="2" falsecount="0"/>
        <line num="394" count="11" type="stmt"/>
        <line num="397" count="121" type="stmt"/>
        <line num="398" count="239" type="stmt"/>
        <line num="399" count="239" type="stmt"/>
        <line num="400" count="717" type="cond" truecount="2" falsecount="0"/>
        <line num="401" count="44" type="stmt"/>
        <line num="403" count="717" type="stmt"/>
        <line num="405" count="239" type="stmt"/>
        <line num="408" count="132" type="stmt"/>
        <line num="410" count="1" type="stmt"/>
        <line num="412" count="123" type="cond" truecount="2" falsecount="0"/>
        <line num="414" count="1" type="stmt"/>
        <line num="416" count="0" type="stmt"/>
        <line num="417" count="0" type="stmt"/>
        <line num="418" count="0" type="stmt"/>
        <line num="420" count="0" type="stmt"/>
        <line num="422" count="1" type="stmt"/>
      </file>
      <file name="Rule.js" path="/home/jesse/Desktop/work/hylar-core/dist/lib/Logics/Rule.js">
        <metrics statements="78" coveredstatements="39" conditionals="44" coveredconditionals="24" methods="14" coveredmethods="4"/>
        <line num="5" count="1" type="cond" truecount="4" falsecount="1"/>
        <line num="6" count="0" type="cond" truecount="0" falsecount="2"/>
        <line num="7" count="0" type="stmt"/>
        <line num="9" count="0" type="cond" truecount="0" falsecount="2"/>
        <line num="10" count="0" type="stmt"/>
        <line num="12" count="1" type="cond" truecount="4" falsecount="1"/>
        <line num="13" count="0" type="stmt"/>
        <line num="15" count="0" type="stmt"/>
        <line num="17" count="1" type="cond" truecount="3" falsecount="0"/>
        <line num="18" count="1" type="cond" truecount="3" falsecount="1"/>
        <line num="19" count="0" type="stmt"/>
        <line num="20" count="0" type="cond" truecount="0" falsecount="6"/>
        <line num="21" count="0" type="stmt"/>
        <line num="22" count="0" type="stmt"/>
        <line num="24" count="1" type="stmt"/>
        <line num="25" count="1" type="stmt"/>
        <line num="35" count="66" type="stmt"/>
        <line num="36" count="66" type="stmt"/>
        <line num="37" count="66" type="stmt"/>
        <line num="38" count="66" type="stmt"/>
        <line num="39" count="66" type="stmt"/>
        <line num="40" count="66" type="stmt"/>
        <line num="41" count="66" type="stmt"/>
        <line num="42" count="66" type="stmt"/>
        <line num="43" count="66" type="stmt"/>
        <line num="44" count="177" type="cond" truecount="1" falsecount="1"/>
        <line num="45" count="177" type="stmt"/>
        <line num="48" count="0" type="stmt"/>
        <line num="51" count="66" type="stmt"/>
        <line num="52" count="177" type="stmt"/>
        <line num="54" count="66" type="stmt"/>
        <line num="55" count="73" type="stmt"/>
        <line num="57" count="66" type="stmt"/>
        <line num="64" count="0" type="stmt"/>
        <line num="65" count="0" type="stmt"/>
        <line num="66" count="0" type="stmt"/>
        <line num="68" count="0" type="stmt"/>
        <line num="69" count="0" type="stmt"/>
        <line num="71" count="0" type="stmt"/>
        <line num="74" count="0" type="stmt"/>
        <line num="81" count="67" type="stmt"/>
        <line num="82" count="67" type="stmt"/>
        <line num="83" count="67" type="stmt"/>
        <line num="84" count="179" type="stmt"/>
        <line num="85" count="179" type="cond" truecount="1" falsecount="1"/>
        <line num="86" count="0" type="stmt"/>
        <line num="88" count="179" type="cond" truecount="2" falsecount="0"/>
        <line num="89" count="136" type="stmt"/>
        <line num="91" count="179" type="cond" truecount="2" falsecount="0"/>
        <line num="92" count="25" type="stmt"/>
        <line num="94" count="179" type="stmt"/>
        <line num="99" count="67" type="stmt"/>
        <line num="101" count="137" type="cond" truecount="4" falsecount="0"/>
        <line num="102" count="67" type="stmt"/>
        <line num="103" count="179" type="stmt"/>
        <line num="105" count="67" type="stmt"/>
        <line num="108" count="0" type="stmt"/>
        <line num="109" count="0" type="stmt"/>
        <line num="110" count="0" type="stmt"/>
        <line num="111" count="0" type="stmt"/>
        <line num="112" count="0" type="cond" truecount="0" falsecount="2"/>
        <line num="113" count="0" type="stmt"/>
        <line num="117" count="0" type="stmt"/>
        <line num="120" count="0" type="cond" truecount="0" falsecount="2"/>
        <line num="121" count="0" type="stmt"/>
        <line num="125" count="0" type="stmt"/>
        <line num="126" count="0" type="stmt"/>
        <line num="127" count="0" type="stmt"/>
        <line num="128" count="0" type="stmt"/>
        <line num="130" count="0" type="stmt"/>
        <line num="131" count="0" type="stmt"/>
        <line num="133" count="0" type="stmt"/>
        <line num="134" count="0" type="stmt"/>
        <line num="135" count="0" type="stmt"/>
        <line num="137" count="0" type="stmt"/>
        <line num="138" count="0" type="stmt"/>
        <line num="141" count="1" type="stmt"/>
        <line num="142" count="1" type="stmt"/>
      </file>
      <file name="Solver.js" path="/home/jesse/Desktop/work/hylar-core/dist/lib/Logics/Solver.js">
        <metrics statements="144" coveredstatements="105" conditionals="96" coveredconditionals="65" methods="26" coveredmethods="18"/>
        <line num="5" count="1" type="cond" truecount="4" falsecount="1"/>
        <line num="6" count="0" type="cond" truecount="0" falsecount="2"/>
        <line num="7" count="0" type="stmt"/>
        <line num="9" count="0" type="cond" truecount="0" falsecount="2"/>
        <line num="10" count="0" type="stmt"/>
        <line num="12" count="1" type="cond" truecount="4" falsecount="1"/>
        <line num="13" count="0" type="stmt"/>
        <line num="15" count="0" type="stmt"/>
        <line num="17" count="1" type="cond" truecount="3" falsecount="0"/>
        <line num="18" count="2" type="cond" truecount="3" falsecount="1"/>
        <line num="19" count="0" type="stmt"/>
        <line num="20" count="0" type="cond" truecount="0" falsecount="6"/>
        <line num="21" count="0" type="stmt"/>
        <line num="22" count="0" type="stmt"/>
        <line num="24" count="1" type="cond" truecount="3" falsecount="0"/>
        <line num="25" count="10" type="cond" truecount="1" falsecount="1"/>
        <line num="26" count="239" type="cond" truecount="2" falsecount="0"/>
        <line num="27" count="10" type="stmt"/>
        <line num="28" count="0" type="stmt"/>
        <line num="29" count="249" type="cond" truecount="2" falsecount="0"/>
        <line num="30" count="239" type="cond" truecount="2" falsecount="0"/>
        <line num="33" count="1" type="cond" truecount="3" falsecount="0"/>
        <line num="34" count="1" type="cond" truecount="3" falsecount="1"/>
        <line num="36" count="1" type="stmt"/>
        <line num="37" count="1" type="stmt"/>
        <line num="38" count="1" type="stmt"/>
        <line num="39" count="1" type="stmt"/>
        <line num="40" count="1" type="stmt"/>
        <line num="53" count="10" type="stmt"/>
        <line num="54" count="10" type="stmt"/>
        <line num="55" count="10" type="stmt"/>
        <line num="56" count="229" type="cond" truecount="1" falsecount="1"/>
        <line num="57" count="0" type="stmt"/>
        <line num="60" count="229" type="stmt"/>
        <line num="63" count="10" type="stmt"/>
        <line num="66" count="1" type="stmt"/>
        <line num="75" count="229" type="stmt"/>
        <line num="76" count="229" type="stmt"/>
        <line num="77" count="229" type="stmt"/>
        <line num="78" count="229" type="stmt"/>
        <line num="79" count="229" type="stmt"/>
        <line num="80" count="15" type="cond" truecount="1" falsecount="1"/>
        <line num="82" count="15" type="stmt"/>
        <line num="83" count="15" type="stmt"/>
        <line num="87" count="229" type="stmt"/>
        <line num="90" count="1" type="stmt"/>
        <line num="99" count="0" type="stmt"/>
        <line num="100" count="0" type="stmt"/>
        <line num="104" count="0" type="stmt"/>
        <line num="105" count="0" type="stmt"/>
        <line num="106" count="0" type="cond" truecount="0" falsecount="2"/>
        <line num="108" count="0" type="stmt"/>
        <line num="109" count="0" type="stmt"/>
        <line num="110" count="0" type="stmt"/>
        <line num="111" count="0" type="stmt"/>
        <line num="112" count="0" type="stmt"/>
        <line num="113" count="0" type="stmt"/>
        <line num="115" count="0" type="stmt"/>
        <line num="116" count="0" type="stmt"/>
        <line num="119" count="0" type="stmt"/>
        <line num="123" count="0" type="stmt"/>
        <line num="125" count="1" type="stmt"/>
        <line num="128" count="229" type="stmt"/>
        <line num="131" count="229" type="cond" truecount="1" falsecount="1"/>
        <line num="132" count="229" type="stmt"/>
        <line num="133" count="0" type="stmt"/>
        <line num="134" count="0" type="stmt"/>
        <line num="136" count="0" type="stmt"/>
        <line num="137" count="0" type="stmt"/>
        <line num="143" count="0" type="cond" truecount="0" falsecount="2"/>
        <line num="144" count="0" type="stmt"/>
        <line num="145" count="0" type="stmt"/>
        <line num="149" count="1" type="stmt"/>
        <line num="151" count="229" type="stmt"/>
        <line num="153" count="229" type="stmt"/>
        <line num="154" count="229" type="stmt"/>
        <line num="155" count="743" type="stmt"/>
        <line num="156" count="743" type="stmt"/>
        <line num="158" count="229" type="stmt"/>
        <line num="160" count="1" type="stmt"/>
        <line num="171" count="743" type="stmt"/>
        <line num="172" count="743" type="stmt"/>
        <line num="173" count="743" type="stmt"/>
        <line num="174" count="255" type="stmt"/>
        <line num="176" count="1192" type="stmt"/>
        <line num="179" count="1192" type="cond" truecount="2" falsecount="0"/>
        <line num="180" count="1055" type="stmt"/>
        <line num="181" count="1055" type="stmt"/>
        <line num="184" count="1192" type="stmt"/>
        <line num="186" count="1192" type="cond" truecount="2" falsecount="0"/>
        <line num="188" count="41" type="cond" truecount="2" falsecount="0"/>
        <line num="190" count="26" type="stmt"/>
        <line num="191" count="26" type="stmt"/>
        <line num="192" count="26" type="stmt"/>
        <line num="196" count="15" type="stmt"/>
        <line num="201" count="743" type="cond" truecount="2" falsecount="0"/>
        <line num="202" count="514" type="stmt"/>
        <line num="204" count="229" type="stmt"/>
        <line num="206" count="1" type="stmt"/>
        <line num="216" count="1192" type="stmt"/>
        <line num="218" count="1192" type="cond" truecount="2" falsecount="0"/>
        <line num="219" count="1008" type="stmt"/>
        <line num="221" count="184" type="cond" truecount="2" falsecount="0"/>
        <line num="222" count="80" type="stmt"/>
        <line num="224" count="104" type="cond" truecount="2" falsecount="0"/>
        <line num="225" count="63" type="stmt"/>
        <line num="229" count="41" type="stmt"/>
        <line num="230" count="95" type="cond" truecount="2" falsecount="0"/>
        <line num="231" count="41" type="stmt"/>
        <line num="234" count="54" type="stmt"/>
        <line num="235" count="103" type="cond" truecount="1" falsecount="1"/>
        <line num="236" count="0" type="cond" truecount="0" falsecount="2"/>
        <line num="237" count="0" type="stmt"/>
        <line num="241" count="54" type="stmt"/>
        <line num="245" count="41" type="stmt"/>
        <line num="247" count="1" type="stmt"/>
        <line num="249" count="1480" type="cond" truecount="2" falsecount="0"/>
        <line num="250" count="127" type="cond" truecount="2" falsecount="2"/>
        <line num="251" count="0" type="stmt"/>
        <line num="253" count="127" type="stmt"/>
        <line num="255" count="1353" type="cond" truecount="2" falsecount="0"/>
        <line num="256" count="1151" type="stmt"/>
        <line num="258" count="329" type="stmt"/>
        <line num="260" count="1" type="stmt"/>
        <line num="268" count="123" type="cond" truecount="1" falsecount="1"/>
        <line num="269" count="0" type="stmt"/>
        <line num="271" count="123" type="cond" truecount="2" falsecount="0"/>
        <line num="272" count="109" type="cond" truecount="2" falsecount="0"/>
        <line num="273" count="83" type="stmt"/>
        <line num="276" count="40" type="stmt"/>
        <line num="278" count="1" type="stmt"/>
        <line num="289" count="41" type="cond" truecount="1" falsecount="1"/>
        <line num="290" count="0" type="stmt"/>
        <line num="292" count="41" type="stmt"/>
        <line num="293" count="41" type="stmt"/>
        <line num="294" count="41" type="stmt"/>
        <line num="296" count="41" type="stmt"/>
        <line num="297" count="41" type="cond" truecount="1" falsecount="1"/>
        <line num="298" count="41" type="stmt"/>
        <line num="299" count="41" type="stmt"/>
        <line num="301" count="41" type="cond" truecount="1" falsecount="1"/>
        <line num="302" count="41" type="stmt"/>
        <line num="304" count="41" type="stmt"/>
        <line num="306" count="1" type="stmt"/>
      </file>
    </package>
    <package name="lib">
      <metrics statements="191" coveredstatements="103" conditionals="70" coveredconditionals="20" methods="48" coveredmethods="20"/>
      <file name="Errors.ts" path="/home/jesse/Desktop/work/hylar-core/lib/Errors.ts">
        <metrics statements="12" coveredstatements="6" conditionals="0" coveredconditionals="0" methods="6" coveredmethods="0"/>
        <line num="7" count="1" type="stmt"/>
        <line num="8" count="0" type="stmt"/>
        <line num="11" count="1" type="stmt"/>
        <line num="12" count="0" type="stmt"/>
        <line num="15" count="1" type="stmt"/>
        <line num="16" count="0" type="stmt"/>
        <line num="19" count="1" type="stmt"/>
        <line num="20" count="0" type="stmt"/>
        <line num="23" count="1" type="stmt"/>
        <line num="24" count="0" type="stmt"/>
        <line num="27" count="1" type="stmt"/>
        <line num="28" count="0" type="stmt"/>
      </file>
      <file name="ParsingInterface.ts" path="/home/jesse/Desktop/work/hylar-core/lib/ParsingInterface.ts">
        <metrics statements="19" coveredstatements="15" conditionals="10" coveredconditionals="5" methods="4" coveredmethods="4"/>
        <line num="6" count="1" type="stmt"/>
        <line num="7" count="1" type="stmt"/>
        <line num="22" count="1" type="cond" truecount="0" falsecount="1"/>
        <line num="23" count="4" type="stmt"/>
        <line num="33" count="1" type="cond" truecount="1" falsecount="0"/>
        <line num="34" count="4" type="stmt"/>
        <line num="37" count="1" type="stmt"/>
        <line num="38" count="1" type="stmt"/>
        <line num="39" count="1" type="stmt"/>
        <line num="40" count="1" type="stmt"/>
        <line num="41" count="3" type="cond" truecount="1" falsecount="1"/>
        <line num="42" count="0" type="stmt"/>
        <line num="43" count="0" type="cond" truecount="0" falsecount="2"/>
        <line num="44" count="0" type="stmt"/>
        <line num="51" count="0" type="stmt"/>
        <line num="59" count="3" type="cond" truecount="2" falsecount="0"/>
        <line num="60" count="1" type="stmt"/>
        <line num="66" count="2" type="stmt"/>
        <line num="73" count="1" type="stmt"/>
      </file>
      <file name="Prefixes.ts" path="/home/jesse/Desktop/work/hylar-core/lib/Prefixes.ts">
        <metrics statements="17" coveredstatements="6" conditionals="6" coveredconditionals="2" methods="8" coveredmethods="3"/>
        <line num="10" count="1" type="stmt"/>
        <line num="18" count="1" type="stmt"/>
        <line num="19" count="1" type="stmt"/>
        <line num="28" count="0" type="stmt"/>
        <line num="32" count="0" type="stmt"/>
        <line num="36" count="44" type="cond" truecount="2" falsecount="0"/>
        <line num="40" count="0" type="stmt"/>
        <line num="44" count="0" type="stmt"/>
        <line num="45" count="0" type="cond" truecount="0" falsecount="2"/>
        <line num="46" count="0" type="stmt"/>
        <line num="49" count="0" type="stmt"/>
        <line num="53" count="44" type="stmt"/>
        <line num="57" count="0" type="stmt"/>
        <line num="58" count="0" type="stmt"/>
        <line num="59" count="0" type="cond" truecount="0" falsecount="2"/>
        <line num="60" count="0" type="stmt"/>
        <line num="66" count="1" type="stmt"/>
      </file>
      <file name="ReasoningEngine.ts" path="/home/jesse/Desktop/work/hylar-core/lib/ReasoningEngine.ts">
        <metrics statements="79" coveredstatements="44" conditionals="22" coveredconditionals="4" methods="17" coveredmethods="9"/>
        <line num="7" count="1" type="stmt"/>
        <line num="8" count="1" type="stmt"/>
        <line num="9" count="1" type="stmt"/>
        <line num="24" count="1" type="stmt"/>
        <line num="25" count="0" type="stmt"/>
        <line num="26" count="0" type="stmt"/>
        <line num="30" count="0" type="cond" truecount="0" falsecount="6"/>
        <line num="31" count="0" type="stmt"/>
        <line num="35" count="0" type="cond" truecount="0" falsecount="6"/>
        <line num="36" count="0" type="stmt"/>
        <line num="40" count="0" type="stmt"/>
        <line num="41" count="0" type="stmt"/>
        <line num="43" count="0" type="stmt"/>
        <line num="46" count="0" type="stmt"/>
        <line num="47" count="0" type="stmt"/>
        <line num="49" count="0" type="stmt"/>
        <line num="51" count="0" type="stmt"/>
        <line num="66" count="1" type="stmt"/>
        <line num="68" count="2" type="stmt"/>
        <line num="69" count="2" type="stmt"/>
        <line num="70" count="2" type="stmt"/>
        <line num="71" count="2" type="stmt"/>
        <line num="72" count="2" type="stmt"/>
        <line num="73" count="2" type="stmt"/>
        <line num="74" count="2" type="stmt"/>
        <line num="75" count="2" type="stmt"/>
        <line num="76" count="2" type="stmt"/>
        <line num="79" count="2" type="stmt"/>
        <line num="80" count="2" type="stmt"/>
        <line num="83" count="2" type="stmt"/>
        <line num="87" count="2" type="stmt"/>
        <line num="88" count="2" type="stmt"/>
        <line num="89" count="2" type="stmt"/>
        <line num="91" count="2" type="stmt"/>
        <line num="92" count="2" type="cond" truecount="1" falsecount="1"/>
        <line num="93" count="0" type="stmt"/>
        <line num="95" count="2" type="stmt"/>
        <line num="96" count="2" type="stmt"/>
        <line num="97" count="2" type="stmt"/>
        <line num="103" count="2" type="stmt"/>
        <line num="104" count="2" type="stmt"/>
        <line num="105" count="2" type="stmt"/>
        <line num="107" count="2" type="stmt"/>
        <line num="108" count="2" type="cond" truecount="1" falsecount="1"/>
        <line num="109" count="0" type="stmt"/>
        <line num="111" count="2" type="stmt"/>
        <line num="117" count="5" type="stmt"/>
        <line num="118" count="5" type="stmt"/>
        <line num="119" count="5" type="stmt"/>
        <line num="120" count="5" type="stmt"/>
        <line num="122" count="5" type="stmt"/>
        <line num="123" count="5" type="cond" truecount="2" falsecount="0"/>
        <line num="124" count="3" type="stmt"/>
        <line num="126" count="2" type="stmt"/>
        <line num="127" count="2" type="stmt"/>
        <line num="129" count="2" type="stmt"/>
        <line num="136" count="2" type="stmt"/>
        <line num="146" count="1" type="stmt"/>
        <line num="147" count="0" type="stmt"/>
        <line num="160" count="1" type="stmt"/>
        <line num="164" count="0" type="stmt"/>
        <line num="165" count="0" type="stmt"/>
        <line num="166" count="0" type="stmt"/>
        <line num="168" count="0" type="stmt"/>
        <line num="170" count="0" type="cond" truecount="0" falsecount="2"/>
        <line num="171" count="0" type="stmt"/>
        <line num="173" count="0" type="stmt"/>
        <line num="181" count="0" type="stmt"/>
        <line num="182" count="0" type="stmt"/>
        <line num="183" count="0" type="stmt"/>
        <line num="185" count="0" type="stmt"/>
        <line num="186" count="0" type="cond" truecount="0" falsecount="2"/>
        <line num="187" count="0" type="stmt"/>
        <line num="189" count="0" type="stmt"/>
        <line num="198" count="0" type="stmt"/>
        <line num="199" count="0" type="stmt"/>
        <line num="200" count="0" type="stmt"/>
        <line num="201" count="0" type="stmt"/>
        <line num="202" count="0" type="stmt"/>
      </file>
      <file name="RegularExpressions.ts" path="/home/jesse/Desktop/work/hylar-core/lib/RegularExpressions.ts">
        <metrics statements="1" coveredstatements="1" conditionals="0" coveredconditionals="0" methods="0" coveredmethods="0"/>
        <line num="5" count="1" type="stmt"/>
      </file>
      <file name="Rules.ts" path="/home/jesse/Desktop/work/hylar-core/lib/Rules.ts">
        <metrics statements="4" coveredstatements="4" conditionals="0" coveredconditionals="0" methods="0" coveredmethods="0"/>
        <line num="10" count="1" type="stmt"/>
        <line num="11" count="1" type="stmt"/>
        <line num="13" count="1" type="stmt"/>
        <line num="30" count="1" type="stmt"/>
      </file>
      <file name="Utils.ts" path="/home/jesse/Desktop/work/hylar-core/lib/Utils.ts">
        <metrics statements="59" coveredstatements="27" conditionals="32" coveredconditionals="9" methods="13" coveredmethods="4"/>
        <line num="6" count="1" type="stmt"/>
        <line num="7" count="1" type="stmt"/>
        <line num="16" count="1" type="stmt"/>
        <line num="17" count="336" type="stmt"/>
        <line num="19" count="336" type="stmt"/>
        <line num="20" count="832" type="cond" truecount="2" falsecount="0"/>
        <line num="23" count="336" type="stmt"/>
        <line num="24" count="756" type="stmt"/>
        <line num="26" count="336" type="stmt"/>
        <line num="29" count="1" type="stmt"/>
        <line num="30" count="0" type="stmt"/>
        <line num="33" count="1" type="stmt"/>
        <line num="34" count="5" type="stmt"/>
        <line num="42" count="1" type="stmt"/>
        <line num="43" count="903" type="cond" truecount="2" falsecount="0"/>
        <line num="44" count="22" type="stmt"/>
        <line num="46" count="881" type="stmt"/>
        <line num="47" count="881" type="stmt"/>
        <line num="49" count="0" type="stmt"/>
        <line num="58" count="1" type="stmt"/>
        <line num="59" count="301" type="stmt"/>
        <line num="60" count="301" type="cond" truecount="5" falsecount="0"/>
        <line num="62" count="0" type="stmt"/>
        <line num="66" count="1" type="stmt"/>
        <line num="67" count="0" type="cond" truecount="0" falsecount="4"/>
        <line num="68" count="0" type="stmt"/>
        <line num="69" count="0" type="stmt"/>
        <line num="72" count="1" type="stmt"/>
        <line num="73" count="0" type="cond" truecount="0" falsecount="2"/>
        <line num="74" count="0" type="stmt"/>
        <line num="76" count="0" type="cond" truecount="0" falsecount="2"/>
        <line num="77" count="0" type="stmt"/>
        <line num="79" count="0" type="stmt"/>
        <line num="80" count="0" type="cond" truecount="0" falsecount="2"/>
        <line num="81" count="0" type="stmt"/>
        <line num="84" count="0" type="stmt"/>
        <line num="87" count="1" type="stmt"/>
        <line num="88" count="0" type="stmt"/>
        <line num="91" count="1" type="stmt"/>
        <line num="92" count="0" type="stmt"/>
        <line num="93" count="0" type="stmt"/>
        <line num="94" count="0" type="cond" truecount="0" falsecount="2"/>
        <line num="95" count="0" type="stmt"/>
        <line num="97" count="0" type="stmt"/>
        <line num="100" count="1" type="stmt"/>
        <line num="101" count="0" type="stmt"/>
        <line num="104" count="1" type="stmt"/>
        <line num="105" count="0" type="cond" truecount="0" falsecount="5"/>
        <line num="108" count="0" type="stmt"/>
        <line num="110" count="0" type="stmt"/>
        <line num="113" count="1" type="stmt"/>
        <line num="114" count="0" type="cond" truecount="0" falsecount="2"/>
        <line num="115" count="0" type="cond" truecount="0" falsecount="2"/>
        <line num="116" count="0" type="cond" truecount="0" falsecount="2"/>
        <line num="117" count="0" type="stmt"/>
        <line num="119" count="0" type="stmt"/>
        <line num="121" count="0" type="stmt"/>
        <line num="123" count="0" type="stmt"/>
        <line num="125" count="0" type="stmt"/>
      </file>
    </package>
    <package name="lib.Logics">
      <metrics statements="452" coveredstatements="239" conditionals="197" coveredconditionals="85" methods="58" coveredmethods="26"/>
      <file name="Fact.ts" path="/home/jesse/Desktop/work/hylar-core/lib/Logics/Fact.ts">
        <metrics statements="81" coveredstatements="31" conditionals="57" coveredconditionals="21" methods="15" coveredmethods="3"/>
        <line num="5" count="1" type="stmt"/>
        <line num="6" count="1" type="stmt"/>
        <line num="16" count="1" type="stmt"/>
        <line num="55" count="301" type="cond" truecount="2" falsecount="0"/>
        <line num="56" count="11" type="stmt"/>
        <line num="58" count="301" type="stmt"/>
        <line num="60" count="301" type="stmt"/>
        <line num="61" count="301" type="stmt"/>
        <line num="62" count="301" type="stmt"/>
        <line num="63" count="301" type="stmt"/>
        <line num="64" count="301" type="stmt"/>
        <line num="66" count="301" type="stmt"/>
        <line num="67" count="301" type="stmt"/>
        <line num="68" count="301" type="stmt"/>
        <line num="70" count="301" type="cond" truecount="4" falsecount="0"/>
        <line num="71" count="260" type="stmt"/>
        <line num="74" count="301" type="stmt"/>
        <line num="75" count="301" type="cond" truecount="2" falsecount="0"/>
        <line num="76" count="57" type="stmt"/>
        <line num="78" count="301" type="cond" truecount="2" falsecount="0"/>
        <line num="79" count="249" type="stmt"/>
        <line num="81" count="301" type="cond" truecount="2" falsecount="0"/>
        <line num="82" count="73" type="stmt"/>
        <line num="85" count="301" type="stmt"/>
        <line num="86" count="301" type="cond" truecount="1" falsecount="1"/>
        <line num="87" count="0" type="stmt"/>
        <line num="90" count="301" type="stmt"/>
        <line num="100" count="301" type="cond" truecount="2" falsecount="0"/>
        <line num="101" count="11" type="stmt"/>
        <line num="103" count="290" type="stmt"/>
        <line num="106" count="301" type="cond" truecount="2" falsecount="0"/>
        <line num="110" count="183" type="stmt"/>
        <line num="116" count="0" type="cond" truecount="0" falsecount="2"/>
        <line num="117" count="0" type="stmt"/>
        <line num="120" count="0" type="cond" truecount="0" falsecount="2"/>
        <line num="121" count="0" type="stmt"/>
        <line num="123" count="0" type="stmt"/>
        <line num="126" count="0" type="stmt"/>
        <line num="132" count="0" type="cond" truecount="0" falsecount="2"/>
        <line num="133" count="0" type="stmt"/>
        <line num="135" count="0" type="stmt"/>
        <line num="138" count="0" type="stmt"/>
        <line num="142" count="0" type="stmt"/>
        <line num="146" count="0" type="stmt"/>
        <line num="150" count="0" type="stmt"/>
        <line num="156" count="0" type="cond" truecount="0" falsecount="2"/>
        <line num="157" count="0" type="stmt"/>
        <line num="159" count="0" type="stmt"/>
        <line num="162" count="0" type="cond" truecount="0" falsecount="2"/>
        <line num="173" count="0" type="cond" truecount="0" falsecount="4"/>
        <line num="180" count="0" type="cond" truecount="0" falsecount="3"/>
        <line num="191" count="0" type="stmt"/>
        <line num="192" count="0" type="stmt"/>
        <line num="193" count="0" type="cond" truecount="0" falsecount="2"/>
        <line num="194" count="0" type="stmt"/>
        <line num="197" count="0" type="stmt"/>
        <line num="210" count="0" type="cond" truecount="0" falsecount="2"/>
        <line num="211" count="0" type="stmt"/>
        <line num="212" count="0" type="cond" truecount="0" falsecount="4"/>
        <line num="213" count="0" type="stmt"/>
        <line num="216" count="0" type="stmt"/>
        <line num="218" count="0" type="stmt"/>
        <line num="219" count="0" type="stmt"/>
        <line num="220" count="0" type="stmt"/>
        <line num="221" count="0" type="stmt"/>
        <line num="222" count="0" type="cond" truecount="0" falsecount="2"/>
        <line num="224" count="0" type="stmt"/>
        <line num="226" count="0" type="stmt"/>
        <line num="230" count="0" type="stmt"/>
        <line num="231" count="0" type="stmt"/>
        <line num="232" count="0" type="cond" truecount="0" falsecount="2"/>
        <line num="233" count="0" type="stmt"/>
        <line num="235" count="0" type="stmt"/>
        <line num="236" count="0" type="cond" truecount="0" falsecount="2"/>
        <line num="237" count="0" type="stmt"/>
        <line num="238" count="0" type="stmt"/>
        <line num="243" count="0" type="stmt"/>
        <line num="247" count="0" type="cond" truecount="0" falsecount="2"/>
        <line num="248" count="0" type="stmt"/>
        <line num="249" count="0" type="cond" truecount="0" falsecount="2"/>
        <line num="250" count="0" type="stmt"/>
      </file>
      <file name="Logics.ts" path="/home/jesse/Desktop/work/hylar-core/lib/Logics/Logics.ts">
        <metrics statements="194" coveredstatements="88" conditionals="72" coveredconditionals="19" methods="25" coveredmethods="11"/>
        <line num="7" count="1" type="stmt"/>
        <line num="8" count="1" type="stmt"/>
        <line num="10" count="1" type="stmt"/>
        <line num="11" count="1" type="stmt"/>
        <line num="12" count="1" type="stmt"/>
        <line num="13" count="1" type="stmt"/>
        <line num="14" count="1" type="stmt"/>
        <line num="27" count="1" type="stmt"/>
        <line num="28" count="0" type="stmt"/>
        <line num="29" count="0" type="stmt"/>
        <line num="30" count="0" type="cond" truecount="0" falsecount="4"/>
        <line num="31" count="0" type="stmt"/>
        <line num="32" count="0" type="stmt"/>
        <line num="33" count="0" type="stmt"/>
        <line num="34" count="0" type="stmt"/>
        <line num="38" count="0" type="stmt"/>
        <line num="39" count="0" type="cond" truecount="0" falsecount="2"/>
        <line num="48" count="1" type="stmt"/>
        <line num="49" count="2" type="stmt"/>
        <line num="50" count="2" type="stmt"/>
        <line num="51" count="3" type="stmt"/>
        <line num="52" count="3" type="cond" truecount="1" falsecount="1"/>
        <line num="53" count="0" type="stmt"/>
        <line num="56" count="2" type="stmt"/>
        <line num="64" count="1" type="stmt"/>
        <line num="65" count="2" type="stmt"/>
        <line num="66" count="2" type="stmt"/>
        <line num="67" count="3" type="stmt"/>
        <line num="68" count="3" type="cond" truecount="1" falsecount="1"/>
        <line num="69" count="3" type="stmt"/>
        <line num="72" count="2" type="stmt"/>
        <line num="83" count="1" type="stmt"/>
        <line num="84" count="9" type="stmt"/>
        <line num="86" count="9" type="stmt"/>
        <line num="87" count="468" type="stmt"/>
        <line num="89" count="468" type="stmt"/>
        <line num="90" count="1294" type="stmt"/>
        <line num="91" count="2985" type="cond" truecount="2" falsecount="0"/>
        <line num="92" count="177" type="stmt"/>
        <line num="93" count="177" type="stmt"/>
        <line num="97" count="1294" type="cond" truecount="2" falsecount="0"/>
        <line num="98" count="177" type="stmt"/>
        <line num="99" count="177" type="stmt"/>
        <line num="104" count="9" type="stmt"/>
        <line num="114" count="1" type="stmt"/>
        <line num="115" count="2985" type="cond" truecount="3" falsecount="0"/>
        <line num="127" count="1" type="stmt"/>
        <line num="128" count="3553" type="cond" truecount="2" falsecount="0"/>
        <line num="136" count="1" type="stmt"/>
        <line num="137" count="0" type="cond" truecount="0" falsecount="3"/>
        <line num="146" count="1" type="stmt"/>
        <line num="147" count="0" type="cond" truecount="0" falsecount="4"/>
        <line num="148" count="0" type="stmt"/>
        <line num="149" count="0" type="stmt"/>
        <line num="150" count="0" type="cond" truecount="0" falsecount="2"/>
        <line num="151" count="0" type="stmt"/>
        <line num="154" count="0" type="stmt"/>
        <line num="164" count="1" type="stmt"/>
        <line num="166" count="4" type="stmt"/>
        <line num="167" count="4" type="stmt"/>
        <line num="168" count="3" type="stmt"/>
        <line num="169" count="3" type="stmt"/>
        <line num="170" count="0" type="cond" truecount="0" falsecount="2"/>
        <line num="171" count="0" type="stmt"/>
        <line num="172" count="0" type="stmt"/>
        <line num="175" count="3" type="cond" truecount="1" falsecount="1"/>
        <line num="176" count="3" type="stmt"/>
        <line num="180" count="4" type="stmt"/>
        <line num="188" count="1" type="stmt"/>
        <line num="189" count="123" type="stmt"/>
        <line num="190" count="123" type="stmt"/>
        <line num="192" count="0" type="stmt"/>
        <line num="196" count="1" type="stmt"/>
        <line num="197" count="0" type="stmt"/>
        <line num="198" count="0" type="stmt"/>
        <line num="199" count="0" type="stmt"/>
        <line num="201" count="0" type="stmt"/>
        <line num="202" count="0" type="stmt"/>
        <line num="203" count="0" type="cond" truecount="0" falsecount="2"/>
        <line num="204" count="0" type="cond" truecount="0" falsecount="2"/>
        <line num="205" count="0" type="stmt"/>
        <line num="207" count="0" type="stmt"/>
        <line num="208" count="0" type="stmt"/>
        <line num="211" count="0" type="stmt"/>
        <line num="215" count="0" type="stmt"/>
        <line num="216" count="0" type="stmt"/>
        <line num="217" count="0" type="cond" truecount="0" falsecount="4"/>
        <line num="218" count="0" type="stmt"/>
        <line num="222" count="0" type="stmt"/>
        <line num="228" count="1" type="stmt"/>
        <line num="229" count="0" type="stmt"/>
        <line num="231" count="0" type="stmt"/>
        <line num="232" count="0" type="stmt"/>
        <line num="233" count="0" type="stmt"/>
        <line num="234" count="0" type="stmt"/>
        <line num="239" count="1" type="stmt"/>
        <line num="240" count="0" type="stmt"/>
        <line num="241" count="0" type="stmt"/>
        <line num="243" count="0" type="stmt"/>
        <line num="245" count="0" type="cond" truecount="0" falsecount="2"/>
        <line num="246" count="0" type="stmt"/>
        <line num="247" count="0" type="cond" truecount="0" falsecount="2"/>
        <line num="248" count="0" type="stmt"/>
        <line num="249" count="0" type="stmt"/>
        <line num="250" count="0" type="stmt"/>
        <line num="253" count="0" type="stmt"/>
        <line num="255" count="0" type="stmt"/>
        <line num="257" count="0" type="stmt"/>
        <line num="260" count="1" type="stmt"/>
        <line num="261" count="0" type="stmt"/>
        <line num="262" count="0" type="cond" truecount="0" falsecount="2"/>
        <line num="263" count="0" type="stmt"/>
        <line num="264" count="0" type="stmt"/>
        <line num="265" count="0" type="stmt"/>
        <line num="271" count="1" type="stmt"/>
        <line num="272" count="0" type="stmt"/>
        <line num="273" count="0" type="stmt"/>
        <line num="274" count="0" type="stmt"/>
        <line num="276" count="0" type="stmt"/>
        <line num="279" count="1" type="stmt"/>
        <line num="281" count="0" type="stmt"/>
        <line num="283" count="0" type="cond" truecount="0" falsecount="4"/>
        <line num="284" count="0" type="stmt"/>
        <line num="287" count="0" type="stmt"/>
        <line num="288" count="0" type="stmt"/>
        <line num="289" count="0" type="stmt"/>
        <line num="290" count="0" type="stmt"/>
        <line num="293" count="0" type="stmt"/>
        <line num="296" count="1" type="stmt"/>
        <line num="297" count="0" type="stmt"/>
        <line num="299" count="0" type="stmt"/>
        <line num="300" count="0" type="cond" truecount="0" falsecount="2"/>
        <line num="302" count="0" type="cond" truecount="0" falsecount="2"/>
        <line num="303" count="0" type="stmt"/>
        <line num="306" count="0" type="stmt"/>
        <line num="309" count="0" type="stmt"/>
        <line num="311" count="0" type="stmt"/>
        <line num="315" count="0" type="stmt"/>
        <line num="318" count="1" type="stmt"/>
        <line num="319" count="0" type="stmt"/>
        <line num="321" count="0" type="stmt"/>
        <line num="322" count="0" type="stmt"/>
        <line num="323" count="0" type="stmt"/>
        <line num="326" count="1" type="stmt"/>
        <line num="327" count="0" type="stmt"/>
        <line num="329" count="0" type="cond" truecount="0" falsecount="2"/>
        <line num="330" count="0" type="stmt"/>
        <line num="331" count="0" type="stmt"/>
        <line num="333" count="0" type="stmt"/>
        <line num="334" count="0" type="stmt"/>
        <line num="337" count="0" type="stmt"/>
        <line num="338" count="0" type="stmt"/>
        <line num="339" count="0" type="stmt"/>
        <line num="340" count="0" type="cond" truecount="0" falsecount="2"/>
        <line num="341" count="0" type="stmt"/>
        <line num="342" count="0" type="cond" truecount="0" falsecount="2"/>
        <line num="343" count="0" type="stmt"/>
        <line num="345" count="0" type="stmt"/>
        <line num="349" count="0" type="cond" truecount="0" falsecount="2"/>
        <line num="350" count="0" type="stmt"/>
        <line num="354" count="0" type="stmt"/>
        <line num="357" count="1" type="cond" truecount="0" falsecount="1"/>
        <line num="358" count="2" type="stmt"/>
        <line num="359" count="2" type="stmt"/>
        <line num="360" count="66" type="stmt"/>
        <line num="361" count="66" type="cond" truecount="1" falsecount="1"/>
        <line num="362" count="66" type="stmt"/>
        <line num="364" count="0" type="stmt"/>
        <line num="367" count="2" type="stmt"/>
        <line num="370" count="1" type="cond" truecount="0" falsecount="1"/>
        <line num="371" count="66" type="stmt"/>
        <line num="372" count="66" type="stmt"/>
        <line num="374" count="66" type="stmt"/>
        <line num="375" count="66" type="stmt"/>
        <line num="377" count="66" type="stmt"/>
        <line num="380" count="1" type="stmt"/>
        <line num="381" count="132" type="stmt"/>
        <line num="382" count="132" type="cond" truecount="2" falsecount="0"/>
        <line num="384" count="11" type="stmt"/>
        <line num="386" count="121" type="stmt"/>
        <line num="387" count="239" type="stmt"/>
        <line num="389" count="239" type="stmt"/>
        <line num="390" count="717" type="cond" truecount="2" falsecount="0"/>
        <line num="391" count="44" type="stmt"/>
        <line num="395" count="717" type="stmt"/>
        <line num="398" count="239" type="stmt"/>
        <line num="401" count="132" type="stmt"/>
        <line num="404" count="1" type="stmt"/>
        <line num="405" count="123" type="cond" truecount="2" falsecount="0"/>
        <line num="408" count="1" type="stmt"/>
        <line num="409" count="0" type="stmt"/>
        <line num="410" count="0" type="stmt"/>
        <line num="411" count="0" type="stmt"/>
        <line num="413" count="0" type="stmt"/>
      </file>
      <file name="Rule.ts" path="/home/jesse/Desktop/work/hylar-core/lib/Logics/Rule.ts">
        <metrics statements="63" coveredstatements="34" conditionals="17" coveredconditionals="10" methods="8" coveredmethods="3"/>
        <line num="5" count="1" type="stmt"/>
        <line num="14" count="1" type="stmt"/>
        <line num="32" count="66" type="stmt"/>
        <line num="33" count="66" type="stmt"/>
        <line num="34" count="66" type="stmt"/>
        <line num="35" count="66" type="stmt"/>
        <line num="36" count="66" type="stmt"/>
        <line num="37" count="66" type="stmt"/>
        <line num="38" count="66" type="stmt"/>
        <line num="39" count="66" type="stmt"/>
        <line num="41" count="66" type="stmt"/>
        <line num="42" count="177" type="cond" truecount="1" falsecount="1"/>
        <line num="43" count="177" type="stmt"/>
        <line num="45" count="0" type="stmt"/>
        <line num="49" count="66" type="stmt"/>
        <line num="50" count="177" type="stmt"/>
        <line num="52" count="66" type="stmt"/>
        <line num="53" count="73" type="stmt"/>
        <line num="55" count="66" type="stmt"/>
        <line num="58" count="1" type="stmt"/>
        <line num="69" count="0" type="stmt"/>
        <line num="70" count="0" type="stmt"/>
        <line num="71" count="0" type="stmt"/>
        <line num="73" count="0" type="stmt"/>
        <line num="74" count="0" type="stmt"/>
        <line num="76" count="0" type="stmt"/>
        <line num="80" count="0" type="stmt"/>
        <line num="88" count="67" type="stmt"/>
        <line num="89" count="67" type="stmt"/>
        <line num="91" count="67" type="stmt"/>
        <line num="92" count="179" type="stmt"/>
        <line num="93" count="179" type="cond" truecount="1" falsecount="1"/>
        <line num="94" count="0" type="stmt"/>
        <line num="96" count="179" type="cond" truecount="2" falsecount="0"/>
        <line num="97" count="136" type="stmt"/>
        <line num="99" count="179" type="cond" truecount="2" falsecount="0"/>
        <line num="100" count="25" type="stmt"/>
        <line num="102" count="179" type="stmt"/>
        <line num="108" count="67" type="stmt"/>
        <line num="110" count="137" type="cond" truecount="4" falsecount="0"/>
        <line num="113" count="67" type="stmt"/>
        <line num="114" count="179" type="stmt"/>
        <line num="117" count="67" type="stmt"/>
        <line num="121" count="0" type="stmt"/>
        <line num="122" count="0" type="stmt"/>
        <line num="123" count="0" type="stmt"/>
        <line num="124" count="0" type="stmt"/>
        <line num="125" count="0" type="cond" truecount="0" falsecount="2"/>
        <line num="126" count="0" type="stmt"/>
        <line num="130" count="0" type="stmt"/>
        <line num="134" count="0" type="cond" truecount="0" falsecount="2"/>
        <line num="135" count="0" type="stmt"/>
        <line num="140" count="0" type="stmt"/>
        <line num="141" count="0" type="stmt"/>
        <line num="142" count="0" type="stmt"/>
        <line num="143" count="0" type="stmt"/>
        <line num="145" count="0" type="stmt"/>
        <line num="146" count="0" type="stmt"/>
        <line num="148" count="0" type="stmt"/>
        <line num="150" count="0" type="stmt"/>
        <line num="151" count="0" type="stmt"/>
        <line num="153" count="0" type="stmt"/>
        <line num="155" count="0" type="stmt"/>
      </file>
      <file name="Solver.ts" path="/home/jesse/Desktop/work/hylar-core/lib/Logics/Solver.ts">
        <metrics statements="114" coveredstatements="86" conditionals="51" coveredconditionals="35" methods="10" coveredmethods="9"/>
        <line num="5" count="1" type="stmt"/>
        <line num="6" count="1" type="stmt"/>
        <line num="7" count="1" type="stmt"/>
        <line num="20" count="1" type="cond" truecount="1" falsecount="0"/>
        <line num="21" count="10" type="stmt"/>
        <line num="22" count="10" type="stmt"/>
        <line num="23" count="229" type="cond" truecount="1" falsecount="1"/>
        <line num="24" count="0" type="stmt"/>
        <line num="26" count="229" type="stmt"/>
        <line num="29" count="10" type="stmt"/>
        <line num="39" count="1" type="stmt"/>
        <line num="40" count="229" type="stmt"/>
        <line num="42" count="229" type="stmt"/>
        <line num="43" count="229" type="stmt"/>
        <line num="44" count="15" type="cond" truecount="1" falsecount="1"/>
        <line num="46" count="15" type="stmt"/>
        <line num="47" count="15" type="stmt"/>
        <line num="51" count="229" type="stmt"/>
        <line num="61" count="1" type="stmt"/>
        <line num="62" count="0" type="stmt"/>
        <line num="63" count="0" type="stmt"/>
        <line num="68" count="0" type="stmt"/>
        <line num="70" count="0" type="stmt"/>
        <line num="71" count="0" type="cond" truecount="0" falsecount="2"/>
        <line num="73" count="0" type="stmt"/>
        <line num="74" count="0" type="stmt"/>
        <line num="75" count="0" type="stmt"/>
        <line num="76" count="0" type="stmt"/>
        <line num="77" count="0" type="stmt"/>
        <line num="78" count="0" type="stmt"/>
        <line num="80" count="0" type="stmt"/>
        <line num="81" count="0" type="stmt"/>
        <line num="83" count="0" type="stmt"/>
        <line num="87" count="0" type="stmt"/>
        <line num="91" count="1" type="stmt"/>
        <line num="92" count="229" type="stmt"/>
        <line num="96" count="229" type="cond" truecount="1" falsecount="1"/>
        <line num="98" count="0" type="stmt"/>
        <line num="99" count="0" type="stmt"/>
        <line num="101" count="0" type="stmt"/>
        <line num="102" count="0" type="stmt"/>
        <line num="108" count="0" type="cond" truecount="0" falsecount="2"/>
        <line num="109" count="0" type="stmt"/>
        <line num="110" count="0" type="stmt"/>
        <line num="115" count="1" type="stmt"/>
        <line num="116" count="229" type="stmt"/>
        <line num="118" count="229" type="stmt"/>
        <line num="120" count="229" type="stmt"/>
        <line num="121" count="743" type="stmt"/>
        <line num="124" count="743" type="stmt"/>
        <line num="126" count="229" type="stmt"/>
        <line num="138" count="1" type="stmt"/>
        <line num="139" count="743" type="stmt"/>
        <line num="141" count="743" type="stmt"/>
        <line num="142" count="255" type="stmt"/>
        <line num="144" count="1192" type="stmt"/>
        <line num="146" count="1192" type="cond" truecount="2" falsecount="0"/>
        <line num="147" count="1055" type="stmt"/>
        <line num="148" count="1055" type="stmt"/>
        <line num="152" count="1192" type="stmt"/>
        <line num="155" count="1192" type="cond" truecount="2" falsecount="0"/>
        <line num="157" count="41" type="cond" truecount="2" falsecount="0"/>
        <line num="159" count="26" type="stmt"/>
        <line num="160" count="26" type="stmt"/>
        <line num="161" count="26" type="stmt"/>
        <line num="164" count="15" type="stmt"/>
        <line num="170" count="743" type="cond" truecount="2" falsecount="0"/>
        <line num="171" count="514" type="stmt"/>
        <line num="173" count="229" type="stmt"/>
        <line num="184" count="1" type="stmt"/>
        <line num="185" count="1192" type="stmt"/>
        <line num="188" count="1192" type="cond" truecount="2" falsecount="0"/>
        <line num="189" count="1008" type="stmt"/>
        <line num="191" count="184" type="cond" truecount="2" falsecount="0"/>
        <line num="192" count="80" type="stmt"/>
        <line num="194" count="104" type="cond" truecount="2" falsecount="0"/>
        <line num="195" count="63" type="stmt"/>
        <line num="200" count="41" type="stmt"/>
        <line num="201" count="95" type="cond" truecount="2" falsecount="0"/>
        <line num="202" count="41" type="stmt"/>
        <line num="204" count="54" type="stmt"/>
        <line num="205" count="103" type="cond" truecount="1" falsecount="1"/>
        <line num="206" count="0" type="cond" truecount="0" falsecount="2"/>
        <line num="207" count="0" type="stmt"/>
        <line num="211" count="54" type="stmt"/>
        <line num="216" count="41" type="stmt"/>
        <line num="219" count="1" type="stmt"/>
        <line num="220" count="1480" type="cond" truecount="2" falsecount="0"/>
        <line num="221" count="127" type="cond" truecount="2" falsecount="2"/>
        <line num="222" count="0" type="stmt"/>
        <line num="224" count="127" type="stmt"/>
        <line num="225" count="1353" type="cond" truecount="2" falsecount="0"/>
        <line num="226" count="1151" type="stmt"/>
        <line num="229" count="329" type="stmt"/>
        <line num="238" count="1" type="stmt"/>
        <line num="239" count="123" type="cond" truecount="1" falsecount="1"/>
        <line num="240" count="0" type="stmt"/>
        <line num="241" count="123" type="cond" truecount="2" falsecount="0"/>
        <line num="242" count="109" type="cond" truecount="2" falsecount="0"/>
        <line num="243" count="83" type="stmt"/>
        <line num="246" count="40" type="stmt"/>
        <line num="258" count="1" type="stmt"/>
        <line num="259" count="41" type="cond" truecount="1" falsecount="1"/>
        <line num="260" count="0" type="stmt"/>
        <line num="262" count="41" type="stmt"/>
        <line num="263" count="41" type="stmt"/>
        <line num="264" count="41" type="stmt"/>
        <line num="266" count="41" type="stmt"/>
        <line num="268" count="41" type="cond" truecount="1" falsecount="1"/>
        <line num="269" count="41" type="stmt"/>
        <line num="270" count="41" type="stmt"/>
        <line num="273" count="41" type="cond" truecount="1" falsecount="1"/>
        <line num="274" count="41" type="stmt"/>
        <line num="277" count="41" type="stmt"/>
      </file>
    </package>
  </project>
</coverage>
