{"/home/jesse/Desktop/work/hylar-core/dist/lib/Errors.js": {"path":"/home/jesse/Desktop/work/hylar-core/dist/lib/Errors.js","statementMap":{"0":{"start":{"line":5,"column":0},"end":{"line":5,"column":62}},"1":{"start":{"line":6,"column":0},"end":{"line":6,"column":157}},"2":{"start":{"line":8,"column":4},"end":{"line":8,"column":57}},"3":{"start":{"line":10,"column":0},"end":{"line":10,"column":34}},"4":{"start":{"line":12,"column":4},"end":{"line":12,"column":68}},"5":{"start":{"line":14,"column":0},"end":{"line":14,"column":48}},"6":{"start":{"line":16,"column":4},"end":{"line":16,"column":89}},"7":{"start":{"line":18,"column":0},"end":{"line":18,"column":54}},"8":{"start":{"line":20,"column":4},"end":{"line":20,"column":50}},"9":{"start":{"line":22,"column":0},"end":{"line":22,"column":24}},"10":{"start":{"line":24,"column":4},"end":{"line":24,"column":70}},"11":{"start":{"line":26,"column":0},"end":{"line":26,"column":30}},"12":{"start":{"line":28,"column":4},"end":{"line":28,"column":106}},"13":{"start":{"line":30,"column":0},"end":{"line":30,"column":50}}},"fnMap":{"0":{"name":"IllegalFact","decl":{"start":{"line":7,"column":9},"end":{"line":7,"column":20}},"loc":{"start":{"line":7,"column":27},"end":{"line":9,"column":1}},"line":7},"1":{"name":"OrphanImplicitFact","decl":{"start":{"line":11,"column":9},"end":{"line":11,"column":27}},"loc":{"start":{"line":11,"column":30},"end":{"line":13,"column":1}},"line":11},"2":{"name":"StorageNotInitialized","decl":{"start":{"line":15,"column":9},"end":{"line":15,"column":30}},"loc":{"start":{"line":15,"column":33},"end":{"line":17,"column":1}},"line":15},"3":{"name":"FileIO","decl":{"start":{"line":19,"column":9},"end":{"line":19,"column":15}},"loc":{"start":{"line":19,"column":26},"end":{"line":21,"column":1}},"line":19},"4":{"name":"DBParsing","decl":{"start":{"line":23,"column":9},"end":{"line":23,"column":18}},"loc":{"start":{"line":23,"column":29},"end":{"line":25,"column":1}},"line":23},"5":{"name":"CountNotImplemented","decl":{"start":{"line":27,"column":9},"end":{"line":27,"column":28}},"loc":{"start":{"line":27,"column":35},"end":{"line":29,"column":1}},"line":27}},"branchMap":{},"s":{"0":1,"1":1,"2":0,"3":1,"4":0,"5":1,"6":0,"7":1,"8":0,"9":1,"10":0,"11":1,"12":0,"13":1},"f":{"0":0,"1":0,"2":0,"3":0,"4":0,"5":0},"b":{},"inputSourceMap":null,"_coverageSchema":"1a1c01bbd47fc00a2c39e90264f33305004495a9","hash":"ecf0aa0047458525d14a8406b58d472b70abc3e9"}
,"/home/jesse/Desktop/work/hylar-core/dist/lib/ParsingInterface.js": {"path":"/home/jesse/Desktop/work/hylar-core/dist/lib/ParsingInterface.js","statementMap":{"0":{"start":{"line":6,"column":22},"end":{"line":8,"column":1}},"1":{"start":{"line":7,"column":4},"end":{"line":7,"column":62}},"2":{"start":{"line":9,"column":0},"end":{"line":9,"column":62}},"3":{"start":{"line":10,"column":0},"end":{"line":10,"column":78}},"4":{"start":{"line":11,"column":21},"end":{"line":11,"column":49}},"5":{"start":{"line":12,"column":15},"end":{"line":12,"column":56}},"6":{"start":{"line":26,"column":4},"end":{"line":26,"column":128}},"7":{"start":{"line":28,"column":0},"end":{"line":28,"column":36}},"8":{"start":{"line":30,"column":4},"end":{"line":30,"column":76}},"9":{"start":{"line":30,"column":29},"end":{"line":30,"column":74}},"10":{"start":{"line":32,"column":0},"end":{"line":32,"column":40}},"11":{"start":{"line":34,"column":21},"end":{"line":34,"column":23}},"12":{"start":{"line":35,"column":21},"end":{"line":35,"column":23}},"13":{"start":{"line":36,"column":4},"end":{"line":53,"column":5}},"14":{"start":{"line":37,"column":8},"end":{"line":52,"column":9}},"15":{"start":{"line":38,"column":12},"end":{"line":45,"column":13}},"16":{"start":{"line":39,"column":16},"end":{"line":44,"column":17}},"17":{"start":{"line":40,"column":20},"end":{"line":40,"column":147}},"18":{"start":{"line":43,"column":20},"end":{"line":43,"column":147}},"19":{"start":{"line":47,"column":13},"end":{"line":52,"column":9}},"20":{"start":{"line":48,"column":12},"end":{"line":48,"column":121}},"21":{"start":{"line":51,"column":12},"end":{"line":51,"column":121}},"22":{"start":{"line":54,"column":4},"end":{"line":54,"column":34}},"23":{"start":{"line":56,"column":0},"end":{"line":56,"column":36}}},"fnMap":{"0":{"name":"(anonymous_0)","decl":{"start":{"line":6,"column":56},"end":{"line":6,"column":57}},"loc":{"start":{"line":6,"column":71},"end":{"line":8,"column":1}},"line":6},"1":{"name":"tripleToFact","decl":{"start":{"line":25,"column":9},"end":{"line":25,"column":21}},"loc":{"start":{"line":25,"column":42},"end":{"line":27,"column":1}},"line":25},"2":{"name":"triplesToFacts","decl":{"start":{"line":29,"column":9},"end":{"line":29,"column":23}},"loc":{"start":{"line":29,"column":59},"end":{"line":31,"column":1}},"line":29},"3":{"name":"(anonymous_3)","decl":{"start":{"line":30,"column":17},"end":{"line":30,"column":18}},"loc":{"start":{"line":30,"column":29},"end":{"line":30,"column":74}},"line":30},"4":{"name":"factsToQuads","decl":{"start":{"line":33,"column":9},"end":{"line":33,"column":21}},"loc":{"start":{"line":33,"column":29},"end":{"line":55,"column":1}},"line":33}},"branchMap":{"0":{"loc":{"start":{"line":6,"column":22},"end":{"line":8,"column":1}},"type":"binary-expr","locations":[{"start":{"line":6,"column":23},"end":{"line":6,"column":27}},{"start":{"line":6,"column":31},"end":{"line":6,"column":51}},{"start":{"line":6,"column":56},"end":{"line":8,"column":1}}],"line":6},"1":{"loc":{"start":{"line":7,"column":11},"end":{"line":7,"column":61}},"type":"cond-expr","locations":[{"start":{"line":7,"column":37},"end":{"line":7,"column":40}},{"start":{"line":7,"column":43},"end":{"line":7,"column":61}}],"line":7},"2":{"loc":{"start":{"line":7,"column":12},"end":{"line":7,"column":33}},"type":"binary-expr","locations":[{"start":{"line":7,"column":12},"end":{"line":7,"column":15}},{"start":{"line":7,"column":19},"end":{"line":7,"column":33}}],"line":7},"3":{"loc":{"start":{"line":25,"column":25},"end":{"line":25,"column":40}},"type":"default-arg","locations":[{"start":{"line":25,"column":36},"end":{"line":25,"column":40}}],"line":25},"4":{"loc":{"start":{"line":26,"column":96},"end":{"line":26,"column":126}},"type":"cond-expr","locations":[{"start":{"line":26,"column":112},"end":{"line":26,"column":121}},{"start":{"line":26,"column":124},"end":{"line":26,"column":126}}],"line":26},"5":{"loc":{"start":{"line":29,"column":27},"end":{"line":29,"column":42}},"type":"default-arg","locations":[{"start":{"line":29,"column":38},"end":{"line":29,"column":42}}],"line":29},"6":{"loc":{"start":{"line":37,"column":8},"end":{"line":52,"column":9}},"type":"if","locations":[{"start":{"line":37,"column":8},"end":{"line":52,"column":9}},{"start":{"line":37,"column":8},"end":{"line":52,"column":9}}],"line":37},"7":{"loc":{"start":{"line":39,"column":16},"end":{"line":44,"column":17}},"type":"if","locations":[{"start":{"line":39,"column":16},"end":{"line":44,"column":17}},{"start":{"line":39,"column":16},"end":{"line":44,"column":17}}],"line":39},"8":{"loc":{"start":{"line":47,"column":13},"end":{"line":52,"column":9}},"type":"if","locations":[{"start":{"line":47,"column":13},"end":{"line":52,"column":9}},{"start":{"line":47,"column":13},"end":{"line":52,"column":9}}],"line":47}},"s":{"0":1,"1":1,"2":1,"3":1,"4":1,"5":1,"6":4,"7":1,"8":2,"9":4,"10":1,"11":1,"12":1,"13":1,"14":3,"15":0,"16":0,"17":0,"18":0,"19":3,"20":1,"21":2,"22":1,"23":1},"f":{"0":1,"1":4,"2":2,"3":4,"4":1},"b":{"0":[1,1,1],"1":[1,0],"2":[1,1],"3":[0],"4":[0,4],"5":[2],"6":[0,3],"7":[0,0],"8":[1,2]},"inputSourceMap":null,"_coverageSchema":"1a1c01bbd47fc00a2c39e90264f33305004495a9","hash":"fd7039f78c5ba541b34f7ed845b840cdb4179898"}
,"/home/jesse/Desktop/work/hylar-core/dist/lib/Prefixes.js": {"path":"/home/jesse/Desktop/work/hylar-core/dist/lib/Prefixes.js","statementMap":{"0":{"start":{"line":5,"column":22},"end":{"line":7,"column":1}},"1":{"start":{"line":6,"column":4},"end":{"line":6,"column":62}},"2":{"start":{"line":8,"column":0},"end":{"line":8,"column":62}},"3":{"start":{"line":13,"column":29},"end":{"line":13,"column":77}},"4":{"start":{"line":16,"column":8},"end":{"line":16,"column":25}},"5":{"start":{"line":17,"column":8},"end":{"line":22,"column":10}},"6":{"start":{"line":25,"column":8},"end":{"line":25,"column":36}},"7":{"start":{"line":28,"column":8},"end":{"line":28,"column":36}},"8":{"start":{"line":31,"column":8},"end":{"line":31,"column":78}},"9":{"start":{"line":34,"column":8},"end":{"line":34,"column":29}},"10":{"start":{"line":37,"column":8},"end":{"line":41,"column":9}},"11":{"start":{"line":38,"column":12},"end":{"line":40,"column":13}},"12":{"start":{"line":39,"column":16},"end":{"line":39,"column":75}},"13":{"start":{"line":42,"column":8},"end":{"line":42,"column":19}},"14":{"start":{"line":45,"column":8},"end":{"line":45,"column":80}},"15":{"start":{"line":48,"column":29},"end":{"line":48,"column":57}},"16":{"start":{"line":49,"column":8},"end":{"line":53,"column":9}},"17":{"start":{"line":50,"column":12},"end":{"line":52,"column":13}},"18":{"start":{"line":51,"column":16},"end":{"line":51,"column":123}},"19":{"start":{"line":56,"column":0},"end":{"line":56,"column":33}}},"fnMap":{"0":{"name":"(anonymous_0)","decl":{"start":{"line":5,"column":56},"end":{"line":5,"column":57}},"loc":{"start":{"line":5,"column":71},"end":{"line":7,"column":1}},"line":5},"1":{"name":"(anonymous_1)","decl":{"start":{"line":15,"column":4},"end":{"line":15,"column":5}},"loc":{"start":{"line":15,"column":18},"end":{"line":23,"column":5}},"line":15},"2":{"name":"(anonymous_2)","decl":{"start":{"line":24,"column":4},"end":{"line":24,"column":5}},"loc":{"start":{"line":24,"column":24},"end":{"line":26,"column":5}},"line":24},"3":{"name":"(anonymous_3)","decl":{"start":{"line":27,"column":4},"end":{"line":27,"column":5}},"loc":{"start":{"line":27,"column":21},"end":{"line":29,"column":5}},"line":27},"4":{"name":"(anonymous_4)","decl":{"start":{"line":30,"column":4},"end":{"line":30,"column":5}},"loc":{"start":{"line":30,"column":16},"end":{"line":32,"column":5}},"line":30},"5":{"name":"(anonymous_5)","decl":{"start":{"line":33,"column":4},"end":{"line":33,"column":5}},"loc":{"start":{"line":33,"column":14},"end":{"line":35,"column":5}},"line":33},"6":{"name":"(anonymous_6)","decl":{"start":{"line":36,"column":4},"end":{"line":36,"column":5}},"loc":{"start":{"line":36,"column":30},"end":{"line":43,"column":5}},"line":36},"7":{"name":"(anonymous_7)","decl":{"start":{"line":44,"column":4},"end":{"line":44,"column":5}},"loc":{"start":{"line":44,"column":46},"end":{"line":46,"column":5}},"line":44},"8":{"name":"(anonymous_8)","decl":{"start":{"line":47,"column":4},"end":{"line":47,"column":5}},"loc":{"start":{"line":47,"column":29},"end":{"line":54,"column":5}},"line":47}},"branchMap":{"0":{"loc":{"start":{"line":5,"column":22},"end":{"line":7,"column":1}},"type":"binary-expr","locations":[{"start":{"line":5,"column":23},"end":{"line":5,"column":27}},{"start":{"line":5,"column":31},"end":{"line":5,"column":51}},{"start":{"line":5,"column":56},"end":{"line":7,"column":1}}],"line":5},"1":{"loc":{"start":{"line":6,"column":11},"end":{"line":6,"column":61}},"type":"cond-expr","locations":[{"start":{"line":6,"column":37},"end":{"line":6,"column":40}},{"start":{"line":6,"column":43},"end":{"line":6,"column":61}}],"line":6},"2":{"loc":{"start":{"line":6,"column":12},"end":{"line":6,"column":33}},"type":"binary-expr","locations":[{"start":{"line":6,"column":12},"end":{"line":6,"column":15}},{"start":{"line":6,"column":19},"end":{"line":6,"column":33}}],"line":6},"3":{"loc":{"start":{"line":31,"column":15},"end":{"line":31,"column":77}},"type":"cond-expr","locations":[{"start":{"line":31,"column":41},"end":{"line":31,"column":62}},{"start":{"line":31,"column":65},"end":{"line":31,"column":77}}],"line":31},"4":{"loc":{"start":{"line":38,"column":12},"end":{"line":40,"column":13}},"type":"if","locations":[{"start":{"line":38,"column":12},"end":{"line":40,"column":13}},{"start":{"line":38,"column":12},"end":{"line":40,"column":13}}],"line":38},"5":{"loc":{"start":{"line":50,"column":12},"end":{"line":52,"column":13}},"type":"if","locations":[{"start":{"line":50,"column":12},"end":{"line":52,"column":13}},{"start":{"line":50,"column":12},"end":{"line":52,"column":13}}],"line":50}},"s":{"0":1,"1":1,"2":1,"3":1,"4":1,"5":1,"6":0,"7":0,"8":44,"9":0,"10":0,"11":0,"12":0,"13":0,"14":44,"15":0,"16":0,"17":0,"18":0,"19":1},"f":{"0":1,"1":1,"2":0,"3":0,"4":44,"5":0,"6":0,"7":44,"8":0},"b":{"0":[1,1,1],"1":[1,0],"2":[1,1],"3":[38,6],"4":[0,0],"5":[0,0]},"inputSourceMap":null,"_coverageSchema":"1a1c01bbd47fc00a2c39e90264f33305004495a9","hash":"b15caedb2fff936a1160919c03dee7cc87bc2b7e"}
,"/home/jesse/Desktop/work/hylar-core/dist/lib/ReasoningEngine.js": {"path":"/home/jesse/Desktop/work/hylar-core/dist/lib/ReasoningEngine.js","statementMap":{"0":{"start":{"line":7,"column":22},"end":{"line":13,"column":3}},"1":{"start":{"line":8,"column":4},"end":{"line":8,"column":33}},"2":{"start":{"line":8,"column":26},"end":{"line":8,"column":33}},"3":{"start":{"line":9,"column":4},"end":{"line":9,"column":89}},"4":{"start":{"line":9,"column":71},"end":{"line":9,"column":83}},"5":{"start":{"line":11,"column":4},"end":{"line":11,"column":33}},"6":{"start":{"line":11,"column":26},"end":{"line":11,"column":33}},"7":{"start":{"line":12,"column":4},"end":{"line":12,"column":17}},"8":{"start":{"line":14,"column":25},"end":{"line":18,"column":2}},"9":{"start":{"line":15,"column":4},"end":{"line":15,"column":72}},"10":{"start":{"line":17,"column":4},"end":{"line":17,"column":21}},"11":{"start":{"line":19,"column":19},"end":{"line":25,"column":1}},"12":{"start":{"line":20,"column":4},"end":{"line":20,"column":42}},"13":{"start":{"line":20,"column":31},"end":{"line":20,"column":42}},"14":{"start":{"line":21,"column":17},"end":{"line":21,"column":19}},"15":{"start":{"line":22,"column":4},"end":{"line":22,"column":141}},"16":{"start":{"line":22,"column":21},"end":{"line":22,"column":141}},"17":{"start":{"line":22,"column":40},"end":{"line":22,"column":141}},"18":{"start":{"line":22,"column":109},"end":{"line":22,"column":141}},"19":{"start":{"line":23,"column":4},"end":{"line":23,"column":36}},"20":{"start":{"line":24,"column":4},"end":{"line":24,"column":18}},"21":{"start":{"line":26,"column":16},"end":{"line":34,"column":1}},"22":{"start":{"line":27,"column":28},"end":{"line":27,"column":110}},"23":{"start":{"line":27,"column":91},"end":{"line":27,"column":106}},"24":{"start":{"line":28,"column":4},"end":{"line":33,"column":7}},"25":{"start":{"line":29,"column":36},"end":{"line":29,"column":97}},"26":{"start":{"line":29,"column":42},"end":{"line":29,"column":70}},"27":{"start":{"line":29,"column":85},"end":{"line":29,"column":95}},"28":{"start":{"line":30,"column":35},"end":{"line":30,"column":100}},"29":{"start":{"line":30,"column":41},"end":{"line":30,"column":73}},"30":{"start":{"line":30,"column":88},"end":{"line":30,"column":98}},"31":{"start":{"line":31,"column":32},"end":{"line":31,"column":116}},"32":{"start":{"line":32,"column":8},"end":{"line":32,"column":78}},"33":{"start":{"line":35,"column":0},"end":{"line":35,"column":62}},"34":{"start":{"line":36,"column":0},"end":{"line":36,"column":83}},"35":{"start":{"line":37,"column":15},"end":{"line":37,"column":55}},"36":{"start":{"line":38,"column":15},"end":{"line":38,"column":55}},"37":{"start":{"line":39,"column":14},"end":{"line":39,"column":46}},"38":{"start":{"line":53,"column":4},"end":{"line":79,"column":7}},"39":{"start":{"line":54,"column":20},"end":{"line":54,"column":22}},"40":{"start":{"line":55,"column":17},"end":{"line":55,"column":47}},"41":{"start":{"line":58,"column":8},"end":{"line":60,"column":9}},"42":{"start":{"line":59,"column":12},"end":{"line":59,"column":41}},"43":{"start":{"line":62,"column":8},"end":{"line":64,"column":9}},"44":{"start":{"line":63,"column":12},"end":{"line":63,"column":42}},"45":{"start":{"line":66,"column":8},"end":{"line":70,"column":57}},"46":{"start":{"line":67,"column":12},"end":{"line":67,"column":51}},"47":{"start":{"line":69,"column":12},"end":{"line":69,"column":81}},"48":{"start":{"line":71,"column":26},"end":{"line":71,"column":53}},"49":{"start":{"line":72,"column":26},"end":{"line":72,"column":67}},"50":{"start":{"line":73,"column":8},"end":{"line":73,"column":37}},"51":{"start":{"line":74,"column":8},"end":{"line":78,"column":10}},"52":{"start":{"line":81,"column":0},"end":{"line":81,"column":22}},"53":{"start":{"line":91,"column":4},"end":{"line":161,"column":7}},"54":{"start":{"line":92,"column":8},"end":{"line":160,"column":11}},"55":{"start":{"line":93,"column":23},"end":{"line":93,"column":25}},"56":{"start":{"line":94,"column":23},"end":{"line":94,"column":25}},"57":{"start":{"line":95,"column":23},"end":{"line":95,"column":25}},"58":{"start":{"line":96,"column":24},"end":{"line":96,"column":26}},"59":{"start":{"line":97,"column":24},"end":{"line":97,"column":26}},"60":{"start":{"line":98,"column":27},"end":{"line":98,"column":29}},"61":{"start":{"line":99,"column":27},"end":{"line":99,"column":29}},"62":{"start":{"line":100,"column":27},"end":{"line":100,"column":29}},"63":{"start":{"line":103,"column":21},"end":{"line":103,"column":51}},"64":{"start":{"line":104,"column":21},"end":{"line":104,"column":51}},"65":{"start":{"line":106,"column":16},"end":{"line":106,"column":45}},"66":{"start":{"line":109,"column":16},"end":{"line":109,"column":55}},"67":{"start":{"line":110,"column":16},"end":{"line":110,"column":78}},"68":{"start":{"line":111,"column":16},"end":{"line":122,"column":19}},"69":{"start":{"line":113,"column":20},"end":{"line":113,"column":43}},"70":{"start":{"line":114,"column":20},"end":{"line":121,"column":21}},"71":{"start":{"line":115,"column":24},"end":{"line":115,"column":53}},"72":{"start":{"line":118,"column":24},"end":{"line":118,"column":53}},"73":{"start":{"line":119,"column":24},"end":{"line":119,"column":53}},"74":{"start":{"line":120,"column":24},"end":{"line":120,"column":53}},"75":{"start":{"line":125,"column":16},"end":{"line":125,"column":55}},"76":{"start":{"line":126,"column":16},"end":{"line":126,"column":56}},"77":{"start":{"line":127,"column":16},"end":{"line":136,"column":19}},"78":{"start":{"line":129,"column":20},"end":{"line":129,"column":43}},"79":{"start":{"line":130,"column":20},"end":{"line":135,"column":21}},"80":{"start":{"line":131,"column":24},"end":{"line":131,"column":53}},"81":{"start":{"line":134,"column":24},"end":{"line":134,"column":50}},"82":{"start":{"line":139,"column":16},"end":{"line":139,"column":55}},"83":{"start":{"line":140,"column":16},"end":{"line":140,"column":93}},"84":{"start":{"line":141,"column":16},"end":{"line":141,"column":59}},"85":{"start":{"line":142,"column":16},"end":{"line":157,"column":19}},"86":{"start":{"line":144,"column":20},"end":{"line":144,"column":43}},"87":{"start":{"line":145,"column":20},"end":{"line":156,"column":21}},"88":{"start":{"line":146,"column":24},"end":{"line":146,"column":50}},"89":{"start":{"line":149,"column":24},"end":{"line":149,"column":64}},"90":{"start":{"line":150,"column":24},"end":{"line":150,"column":64}},"91":{"start":{"line":152,"column":24},"end":{"line":155,"column":27}},"92":{"start":{"line":159,"column":12},"end":{"line":159,"column":29}},"93":{"start":{"line":163,"column":0},"end":{"line":163,"column":34}},"94":{"start":{"line":171,"column":4},"end":{"line":171,"column":40}},"95":{"start":{"line":171,"column":27},"end":{"line":171,"column":38}},"96":{"start":{"line":173,"column":0},"end":{"line":173,"column":30}},"97":{"start":{"line":188,"column":16},"end":{"line":188,"column":18}},"98":{"start":{"line":189,"column":15},"end":{"line":189,"column":17}},"99":{"start":{"line":190,"column":15},"end":{"line":190,"column":45}},"100":{"start":{"line":191,"column":4},"end":{"line":226,"column":7}},"101":{"start":{"line":193,"column":12},"end":{"line":201,"column":13}},"102":{"start":{"line":194,"column":16},"end":{"line":194,"column":33}},"103":{"start":{"line":197,"column":16},"end":{"line":200,"column":19}},"104":{"start":{"line":204,"column":12},"end":{"line":204,"column":37}},"105":{"start":{"line":205,"column":12},"end":{"line":205,"column":48}},"106":{"start":{"line":206,"column":12},"end":{"line":218,"column":15}},"107":{"start":{"line":208,"column":16},"end":{"line":208,"column":36}},"108":{"start":{"line":209,"column":16},"end":{"line":217,"column":17}},"109":{"start":{"line":210,"column":20},"end":{"line":210,"column":50}},"110":{"start":{"line":213,"column":20},"end":{"line":216,"column":23}},"111":{"start":{"line":221,"column":8},"end":{"line":221,"column":69}},"112":{"start":{"line":222,"column":8},"end":{"line":222,"column":50}},"113":{"start":{"line":223,"column":8},"end":{"line":223,"column":60}},"114":{"start":{"line":224,"column":8},"end":{"line":224,"column":39}},"115":{"start":{"line":225,"column":8},"end":{"line":225,"column":25}},"116":{"start":{"line":228,"column":0},"end":{"line":228,"column":26}}},"fnMap":{"0":{"name":"(anonymous_0)","decl":{"start":{"line":7,"column":74},"end":{"line":7,"column":75}},"loc":{"start":{"line":7,"column":96},"end":{"line":10,"column":1}},"line":7},"1":{"name":"(anonymous_1)","decl":{"start":{"line":9,"column":58},"end":{"line":9,"column":59}},"loc":{"start":{"line":9,"column":69},"end":{"line":9,"column":85}},"line":9},"2":{"name":"(anonymous_2)","decl":{"start":{"line":10,"column":6},"end":{"line":10,"column":7}},"loc":{"start":{"line":10,"column":28},"end":{"line":13,"column":1}},"line":10},"3":{"name":"(anonymous_3)","decl":{"start":{"line":14,"column":80},"end":{"line":14,"column":81}},"loc":{"start":{"line":14,"column":95},"end":{"line":16,"column":1}},"line":14},"4":{"name":"(anonymous_4)","decl":{"start":{"line":16,"column":5},"end":{"line":16,"column":6}},"loc":{"start":{"line":16,"column":20},"end":{"line":18,"column":1}},"line":16},"5":{"name":"(anonymous_5)","decl":{"start":{"line":19,"column":50},"end":{"line":19,"column":51}},"loc":{"start":{"line":19,"column":65},"end":{"line":25,"column":1}},"line":19},"6":{"name":"(anonymous_6)","decl":{"start":{"line":26,"column":44},"end":{"line":26,"column":45}},"loc":{"start":{"line":26,"column":89},"end":{"line":34,"column":1}},"line":26},"7":{"name":"adopt","decl":{"start":{"line":27,"column":13},"end":{"line":27,"column":18}},"loc":{"start":{"line":27,"column":26},"end":{"line":27,"column":112}},"line":27},"8":{"name":"(anonymous_8)","decl":{"start":{"line":27,"column":70},"end":{"line":27,"column":71}},"loc":{"start":{"line":27,"column":89},"end":{"line":27,"column":108}},"line":27},"9":{"name":"(anonymous_9)","decl":{"start":{"line":28,"column":36},"end":{"line":28,"column":37}},"loc":{"start":{"line":28,"column":63},"end":{"line":33,"column":5}},"line":28},"10":{"name":"fulfilled","decl":{"start":{"line":29,"column":17},"end":{"line":29,"column":26}},"loc":{"start":{"line":29,"column":34},"end":{"line":29,"column":99}},"line":29},"11":{"name":"rejected","decl":{"start":{"line":30,"column":17},"end":{"line":30,"column":25}},"loc":{"start":{"line":30,"column":33},"end":{"line":30,"column":102}},"line":30},"12":{"name":"step","decl":{"start":{"line":31,"column":17},"end":{"line":31,"column":21}},"loc":{"start":{"line":31,"column":30},"end":{"line":31,"column":118}},"line":31},"13":{"name":"naive","decl":{"start":{"line":52,"column":9},"end":{"line":52,"column":14}},"loc":{"start":{"line":52,"column":35},"end":{"line":80,"column":1}},"line":52},"14":{"name":"(anonymous_14)","decl":{"start":{"line":53,"column":43},"end":{"line":53,"column":44}},"loc":{"start":{"line":53,"column":56},"end":{"line":79,"column":5}},"line":53},"15":{"name":"incremental","decl":{"start":{"line":90,"column":9},"end":{"line":90,"column":20}},"loc":{"start":{"line":90,"column":41},"end":{"line":162,"column":1}},"line":90},"16":{"name":"(anonymous_16)","decl":{"start":{"line":91,"column":43},"end":{"line":91,"column":44}},"loc":{"start":{"line":91,"column":56},"end":{"line":161,"column":5}},"line":91},"17":{"name":"(anonymous_17)","decl":{"start":{"line":92,"column":27},"end":{"line":92,"column":28}},"loc":{"start":{"line":92,"column":40},"end":{"line":160,"column":9}},"line":92},"18":{"name":"startAlgorithm","decl":{"start":{"line":105,"column":21},"end":{"line":105,"column":35}},"loc":{"start":{"line":105,"column":38},"end":{"line":107,"column":13}},"line":105},"19":{"name":"overDeletionEvaluationLoop","decl":{"start":{"line":108,"column":21},"end":{"line":108,"column":47}},"loc":{"start":{"line":108,"column":50},"end":{"line":123,"column":13}},"line":108},"20":{"name":"(anonymous_20)","decl":{"start":{"line":112,"column":26},"end":{"line":112,"column":27}},"loc":{"start":{"line":112,"column":38},"end":{"line":122,"column":17}},"line":112},"21":{"name":"rederivationEvaluationLoop","decl":{"start":{"line":124,"column":21},"end":{"line":124,"column":47}},"loc":{"start":{"line":124,"column":50},"end":{"line":137,"column":13}},"line":124},"22":{"name":"(anonymous_22)","decl":{"start":{"line":128,"column":26},"end":{"line":128,"column":27}},"loc":{"start":{"line":128,"column":38},"end":{"line":136,"column":17}},"line":128},"23":{"name":"insertionEvaluationLoop","decl":{"start":{"line":138,"column":21},"end":{"line":138,"column":44}},"loc":{"start":{"line":138,"column":47},"end":{"line":158,"column":13}},"line":138},"24":{"name":"(anonymous_24)","decl":{"start":{"line":143,"column":26},"end":{"line":143,"column":27}},"loc":{"start":{"line":143,"column":38},"end":{"line":157,"column":17}},"line":143},"25":{"name":"tagFilter","decl":{"start":{"line":170,"column":9},"end":{"line":170,"column":18}},"loc":{"start":{"line":170,"column":22},"end":{"line":172,"column":1}},"line":170},"26":{"name":"(anonymous_26)","decl":{"start":{"line":171,"column":20},"end":{"line":171,"column":21}},"loc":{"start":{"line":171,"column":27},"end":{"line":171,"column":38}},"line":171},"27":{"name":"tagging","decl":{"start":{"line":184,"column":9},"end":{"line":184,"column":16}},"loc":{"start":{"line":184,"column":37},"end":{"line":227,"column":1}},"line":184},"28":{"name":"(anonymous_28)","decl":{"start":{"line":191,"column":23},"end":{"line":191,"column":24}},"loc":{"start":{"line":191,"column":36},"end":{"line":226,"column":5}},"line":191},"29":{"name":"startAlgorithm","decl":{"start":{"line":192,"column":17},"end":{"line":192,"column":31}},"loc":{"start":{"line":192,"column":34},"end":{"line":202,"column":9}},"line":192},"30":{"name":"evaluationLoop","decl":{"start":{"line":203,"column":17},"end":{"line":203,"column":31}},"loc":{"start":{"line":203,"column":34},"end":{"line":219,"column":9}},"line":203},"31":{"name":"(anonymous_31)","decl":{"start":{"line":207,"column":22},"end":{"line":207,"column":23}},"loc":{"start":{"line":207,"column":34},"end":{"line":218,"column":13}},"line":207}},"branchMap":{"0":{"loc":{"start":{"line":7,"column":22},"end":{"line":13,"column":3}},"type":"binary-expr","locations":[{"start":{"line":7,"column":23},"end":{"line":7,"column":27}},{"start":{"line":7,"column":31},"end":{"line":7,"column":51}},{"start":{"line":7,"column":57},"end":{"line":13,"column":2}}],"line":7},"1":{"loc":{"start":{"line":7,"column":57},"end":{"line":13,"column":2}},"type":"cond-expr","locations":[{"start":{"line":7,"column":74},"end":{"line":10,"column":1}},{"start":{"line":10,"column":6},"end":{"line":13,"column":1}}],"line":7},"2":{"loc":{"start":{"line":8,"column":4},"end":{"line":8,"column":33}},"type":"if","locations":[{"start":{"line":8,"column":4},"end":{"line":8,"column":33}},{"start":{"line":8,"column":4},"end":{"line":8,"column":33}}],"line":8},"3":{"loc":{"start":{"line":11,"column":4},"end":{"line":11,"column":33}},"type":"if","locations":[{"start":{"line":11,"column":4},"end":{"line":11,"column":33}},{"start":{"line":11,"column":4},"end":{"line":11,"column":33}}],"line":11},"4":{"loc":{"start":{"line":14,"column":25},"end":{"line":18,"column":2}},"type":"binary-expr","locations":[{"start":{"line":14,"column":26},"end":{"line":14,"column":30}},{"start":{"line":14,"column":34},"end":{"line":14,"column":57}},{"start":{"line":14,"column":63},"end":{"line":18,"column":1}}],"line":14},"5":{"loc":{"start":{"line":14,"column":63},"end":{"line":18,"column":1}},"type":"cond-expr","locations":[{"start":{"line":14,"column":80},"end":{"line":16,"column":1}},{"start":{"line":16,"column":5},"end":{"line":18,"column":1}}],"line":14},"6":{"loc":{"start":{"line":19,"column":19},"end":{"line":25,"column":1}},"type":"binary-expr","locations":[{"start":{"line":19,"column":20},"end":{"line":19,"column":24}},{"start":{"line":19,"column":28},"end":{"line":19,"column":45}},{"start":{"line":19,"column":50},"end":{"line":25,"column":1}}],"line":19},"7":{"loc":{"start":{"line":20,"column":4},"end":{"line":20,"column":42}},"type":"if","locations":[{"start":{"line":20,"column":4},"end":{"line":20,"column":42}},{"start":{"line":20,"column":4},"end":{"line":20,"column":42}}],"line":20},"8":{"loc":{"start":{"line":20,"column":8},"end":{"line":20,"column":29}},"type":"binary-expr","locations":[{"start":{"line":20,"column":8},"end":{"line":20,"column":11}},{"start":{"line":20,"column":15},"end":{"line":20,"column":29}}],"line":20},"9":{"loc":{"start":{"line":22,"column":4},"end":{"line":22,"column":141}},"type":"if","locations":[{"start":{"line":22,"column":4},"end":{"line":22,"column":141}},{"start":{"line":22,"column":4},"end":{"line":22,"column":141}}],"line":22},"10":{"loc":{"start":{"line":22,"column":40},"end":{"line":22,"column":141}},"type":"if","locations":[{"start":{"line":22,"column":40},"end":{"line":22,"column":141}},{"start":{"line":22,"column":40},"end":{"line":22,"column":141}}],"line":22},"11":{"loc":{"start":{"line":22,"column":44},"end":{"line":22,"column":107}},"type":"binary-expr","locations":[{"start":{"line":22,"column":44},"end":{"line":22,"column":59}},{"start":{"line":22,"column":63},"end":{"line":22,"column":107}}],"line":22},"12":{"loc":{"start":{"line":26,"column":16},"end":{"line":34,"column":1}},"type":"binary-expr","locations":[{"start":{"line":26,"column":17},"end":{"line":26,"column":21}},{"start":{"line":26,"column":25},"end":{"line":26,"column":39}},{"start":{"line":26,"column":44},"end":{"line":34,"column":1}}],"line":26},"13":{"loc":{"start":{"line":27,"column":35},"end":{"line":27,"column":109}},"type":"cond-expr","locations":[{"start":{"line":27,"column":56},"end":{"line":27,"column":61}},{"start":{"line":27,"column":64},"end":{"line":27,"column":109}}],"line":27},"14":{"loc":{"start":{"line":28,"column":16},"end":{"line":28,"column":34}},"type":"binary-expr","locations":[{"start":{"line":28,"column":16},"end":{"line":28,"column":17}},{"start":{"line":28,"column":22},"end":{"line":28,"column":33}}],"line":28},"15":{"loc":{"start":{"line":31,"column":32},"end":{"line":31,"column":115}},"type":"cond-expr","locations":[{"start":{"line":31,"column":46},"end":{"line":31,"column":67}},{"start":{"line":31,"column":70},"end":{"line":31,"column":115}}],"line":31},"16":{"loc":{"start":{"line":32,"column":51},"end":{"line":32,"column":67}},"type":"binary-expr","locations":[{"start":{"line":32,"column":51},"end":{"line":32,"column":61}},{"start":{"line":32,"column":65},"end":{"line":32,"column":67}}],"line":32},"17":{"loc":{"start":{"line":58,"column":8},"end":{"line":60,"column":9}},"type":"if","locations":[{"start":{"line":58,"column":8},"end":{"line":60,"column":9}},{"start":{"line":58,"column":8},"end":{"line":60,"column":9}}],"line":58},"18":{"loc":{"start":{"line":58,"column":12},"end":{"line":58,"column":70}},"type":"cond-expr","locations":[{"start":{"line":58,"column":49},"end":{"line":58,"column":55}},{"start":{"line":58,"column":58},"end":{"line":58,"column":70}}],"line":58},"19":{"loc":{"start":{"line":58,"column":12},"end":{"line":58,"column":46}},"type":"binary-expr","locations":[{"start":{"line":58,"column":12},"end":{"line":58,"column":26}},{"start":{"line":58,"column":30},"end":{"line":58,"column":46}}],"line":58},"20":{"loc":{"start":{"line":62,"column":8},"end":{"line":64,"column":9}},"type":"if","locations":[{"start":{"line":62,"column":8},"end":{"line":64,"column":9}},{"start":{"line":62,"column":8},"end":{"line":64,"column":9}}],"line":62},"21":{"loc":{"start":{"line":62,"column":12},"end":{"line":62,"column":70}},"type":"cond-expr","locations":[{"start":{"line":62,"column":49},"end":{"line":62,"column":55}},{"start":{"line":62,"column":58},"end":{"line":62,"column":70}}],"line":62},"22":{"loc":{"start":{"line":62,"column":12},"end":{"line":62,"column":46}},"type":"binary-expr","locations":[{"start":{"line":62,"column":12},"end":{"line":62,"column":26}},{"start":{"line":62,"column":30},"end":{"line":62,"column":46}}],"line":62},"23":{"loc":{"start":{"line":114,"column":20},"end":{"line":121,"column":21}},"type":"if","locations":[{"start":{"line":114,"column":20},"end":{"line":121,"column":21}},{"start":{"line":114,"column":20},"end":{"line":121,"column":21}}],"line":114},"24":{"loc":{"start":{"line":130,"column":20},"end":{"line":135,"column":21}},"type":"if","locations":[{"start":{"line":130,"column":20},"end":{"line":135,"column":21}},{"start":{"line":130,"column":20},"end":{"line":135,"column":21}}],"line":130},"25":{"loc":{"start":{"line":145,"column":20},"end":{"line":156,"column":21}},"type":"if","locations":[{"start":{"line":145,"column":20},"end":{"line":156,"column":21}},{"start":{"line":145,"column":20},"end":{"line":156,"column":21}}],"line":145},"26":{"loc":{"start":{"line":193,"column":12},"end":{"line":201,"column":13}},"type":"if","locations":[{"start":{"line":193,"column":12},"end":{"line":201,"column":13}},{"start":{"line":193,"column":12},"end":{"line":201,"column":13}}],"line":193},"27":{"loc":{"start":{"line":209,"column":16},"end":{"line":217,"column":17}},"type":"if","locations":[{"start":{"line":209,"column":16},"end":{"line":217,"column":17}},{"start":{"line":209,"column":16},"end":{"line":217,"column":17}}],"line":209}},"s":{"0":1,"1":0,"2":0,"3":0,"4":0,"5":0,"6":0,"7":0,"8":1,"9":0,"10":0,"11":1,"12":3,"13":3,"14":0,"15":0,"16":0,"17":0,"18":0,"19":0,"20":0,"21":1,"22":0,"23":0,"24":2,"25":0,"26":0,"27":0,"28":0,"29":0,"30":0,"31":2,"32":2,"33":1,"34":1,"35":1,"36":1,"37":1,"38":0,"39":0,"40":0,"41":0,"42":0,"43":0,"44":0,"45":0,"46":0,"47":0,"48":0,"49":0,"50":0,"51":0,"52":1,"53":2,"54":2,"55":2,"56":2,"57":2,"58":2,"59":2,"60":2,"61":2,"62":2,"63":2,"64":2,"65":2,"66":2,"67":2,"68":2,"69":2,"70":2,"71":0,"72":2,"73":2,"74":2,"75":2,"76":2,"77":2,"78":2,"79":2,"80":0,"81":2,"82":5,"83":5,"84":5,"85":5,"86":5,"87":5,"88":3,"89":2,"90":2,"91":2,"92":2,"93":1,"94":0,"95":0,"96":1,"97":0,"98":0,"99":0,"100":0,"101":0,"102":0,"103":0,"104":0,"105":0,"106":0,"107":0,"108":0,"109":0,"110":0,"111":0,"112":0,"113":0,"114":0,"115":0,"116":1},"f":{"0":0,"1":0,"2":0,"3":0,"4":0,"5":3,"6":2,"7":0,"8":0,"9":2,"10":0,"11":0,"12":2,"13":0,"14":0,"15":2,"16":2,"17":2,"18":2,"19":2,"20":2,"21":2,"22":2,"23":5,"24":5,"25":0,"26":0,"27":0,"28":0,"29":0,"30":0,"31":0},"b":{"0":[1,1,1],"1":[1,0],"2":[0,0],"3":[0,0],"4":[1,1,1],"5":[1,0],"6":[1,1,1],"7":[3,0],"8":[3,3],"9":[0,0],"10":[0,0],"11":[0,0],"12":[1,1,1],"13":[0,0],"14":[2,2],"15":[2,0],"16":[2,2],"17":[0,0],"18":[0,0],"19":[0,0],"20":[0,0],"21":[0,0],"22":[0,0],"23":[0,2],"24":[0,2],"25":[3,2],"26":[0,0],"27":[0,0]},"inputSourceMap":null,"_coverageSchema":"1a1c01bbd47fc00a2c39e90264f33305004495a9","hash":"2240e830a95338e396240f6346b9b62102e63e14"}
,"/home/jesse/Desktop/work/hylar-core/dist/lib/RegularExpressions.js": {"path":"/home/jesse/Desktop/work/hylar-core/dist/lib/RegularExpressions.js","statementMap":{"0":{"start":{"line":5,"column":0},"end":{"line":5,"column":62}},"1":{"start":{"line":6,"column":0},"end":{"line":25,"column":2}}},"fnMap":{},"branchMap":{},"s":{"0":1,"1":1},"f":{},"b":{},"inputSourceMap":null,"_coverageSchema":"1a1c01bbd47fc00a2c39e90264f33305004495a9","hash":"9b85a34b253f854fddc2971f6f3e204035d20d14"}
,"/home/jesse/Desktop/work/hylar-core/dist/lib/Rules.js": {"path":"/home/jesse/Desktop/work/hylar-core/dist/lib/Rules.js","statementMap":{"0":{"start":{"line":5,"column":22},"end":{"line":11,"column":3}},"1":{"start":{"line":6,"column":4},"end":{"line":6,"column":33}},"2":{"start":{"line":6,"column":26},"end":{"line":6,"column":33}},"3":{"start":{"line":7,"column":4},"end":{"line":7,"column":89}},"4":{"start":{"line":7,"column":71},"end":{"line":7,"column":83}},"5":{"start":{"line":9,"column":4},"end":{"line":9,"column":33}},"6":{"start":{"line":9,"column":26},"end":{"line":9,"column":33}},"7":{"start":{"line":10,"column":4},"end":{"line":10,"column":17}},"8":{"start":{"line":12,"column":25},"end":{"line":16,"column":2}},"9":{"start":{"line":13,"column":4},"end":{"line":13,"column":72}},"10":{"start":{"line":15,"column":4},"end":{"line":15,"column":21}},"11":{"start":{"line":17,"column":19},"end":{"line":23,"column":1}},"12":{"start":{"line":18,"column":4},"end":{"line":18,"column":42}},"13":{"start":{"line":18,"column":31},"end":{"line":18,"column":42}},"14":{"start":{"line":19,"column":17},"end":{"line":19,"column":19}},"15":{"start":{"line":20,"column":4},"end":{"line":20,"column":141}},"16":{"start":{"line":20,"column":21},"end":{"line":20,"column":141}},"17":{"start":{"line":20,"column":40},"end":{"line":20,"column":141}},"18":{"start":{"line":20,"column":109},"end":{"line":20,"column":141}},"19":{"start":{"line":21,"column":4},"end":{"line":21,"column":36}},"20":{"start":{"line":22,"column":4},"end":{"line":22,"column":18}},"21":{"start":{"line":24,"column":22},"end":{"line":26,"column":1}},"22":{"start":{"line":25,"column":4},"end":{"line":25,"column":62}},"23":{"start":{"line":27,"column":0},"end":{"line":27,"column":62}},"24":{"start":{"line":28,"column":0},"end":{"line":28,"column":39}},"25":{"start":{"line":33,"column":15},"end":{"line":33,"column":55}},"26":{"start":{"line":34,"column":15},"end":{"line":34,"column":56}},"27":{"start":{"line":35,"column":0},"end":{"line":50,"column":30}},"28":{"start":{"line":51,"column":0},"end":{"line":104,"column":32}}},"fnMap":{"0":{"name":"(anonymous_0)","decl":{"start":{"line":5,"column":74},"end":{"line":5,"column":75}},"loc":{"start":{"line":5,"column":96},"end":{"line":8,"column":1}},"line":5},"1":{"name":"(anonymous_1)","decl":{"start":{"line":7,"column":58},"end":{"line":7,"column":59}},"loc":{"start":{"line":7,"column":69},"end":{"line":7,"column":85}},"line":7},"2":{"name":"(anonymous_2)","decl":{"start":{"line":8,"column":6},"end":{"line":8,"column":7}},"loc":{"start":{"line":8,"column":28},"end":{"line":11,"column":1}},"line":8},"3":{"name":"(anonymous_3)","decl":{"start":{"line":12,"column":80},"end":{"line":12,"column":81}},"loc":{"start":{"line":12,"column":95},"end":{"line":14,"column":1}},"line":12},"4":{"name":"(anonymous_4)","decl":{"start":{"line":14,"column":5},"end":{"line":14,"column":6}},"loc":{"start":{"line":14,"column":20},"end":{"line":16,"column":1}},"line":14},"5":{"name":"(anonymous_5)","decl":{"start":{"line":17,"column":50},"end":{"line":17,"column":51}},"loc":{"start":{"line":17,"column":65},"end":{"line":23,"column":1}},"line":17},"6":{"name":"(anonymous_6)","decl":{"start":{"line":24,"column":56},"end":{"line":24,"column":57}},"loc":{"start":{"line":24,"column":71},"end":{"line":26,"column":1}},"line":24}},"branchMap":{"0":{"loc":{"start":{"line":5,"column":22},"end":{"line":11,"column":3}},"type":"binary-expr","locations":[{"start":{"line":5,"column":23},"end":{"line":5,"column":27}},{"start":{"line":5,"column":31},"end":{"line":5,"column":51}},{"start":{"line":5,"column":57},"end":{"line":11,"column":2}}],"line":5},"1":{"loc":{"start":{"line":5,"column":57},"end":{"line":11,"column":2}},"type":"cond-expr","locations":[{"start":{"line":5,"column":74},"end":{"line":8,"column":1}},{"start":{"line":8,"column":6},"end":{"line":11,"column":1}}],"line":5},"2":{"loc":{"start":{"line":6,"column":4},"end":{"line":6,"column":33}},"type":"if","locations":[{"start":{"line":6,"column":4},"end":{"line":6,"column":33}},{"start":{"line":6,"column":4},"end":{"line":6,"column":33}}],"line":6},"3":{"loc":{"start":{"line":9,"column":4},"end":{"line":9,"column":33}},"type":"if","locations":[{"start":{"line":9,"column":4},"end":{"line":9,"column":33}},{"start":{"line":9,"column":4},"end":{"line":9,"column":33}}],"line":9},"4":{"loc":{"start":{"line":12,"column":25},"end":{"line":16,"column":2}},"type":"binary-expr","locations":[{"start":{"line":12,"column":26},"end":{"line":12,"column":30}},{"start":{"line":12,"column":34},"end":{"line":12,"column":57}},{"start":{"line":12,"column":63},"end":{"line":16,"column":1}}],"line":12},"5":{"loc":{"start":{"line":12,"column":63},"end":{"line":16,"column":1}},"type":"cond-expr","locations":[{"start":{"line":12,"column":80},"end":{"line":14,"column":1}},{"start":{"line":14,"column":5},"end":{"line":16,"column":1}}],"line":12},"6":{"loc":{"start":{"line":17,"column":19},"end":{"line":23,"column":1}},"type":"binary-expr","locations":[{"start":{"line":17,"column":20},"end":{"line":17,"column":24}},{"start":{"line":17,"column":28},"end":{"line":17,"column":45}},{"start":{"line":17,"column":50},"end":{"line":23,"column":1}}],"line":17},"7":{"loc":{"start":{"line":18,"column":4},"end":{"line":18,"column":42}},"type":"if","locations":[{"start":{"line":18,"column":4},"end":{"line":18,"column":42}},{"start":{"line":18,"column":4},"end":{"line":18,"column":42}}],"line":18},"8":{"loc":{"start":{"line":18,"column":8},"end":{"line":18,"column":29}},"type":"binary-expr","locations":[{"start":{"line":18,"column":8},"end":{"line":18,"column":11}},{"start":{"line":18,"column":15},"end":{"line":18,"column":29}}],"line":18},"9":{"loc":{"start":{"line":20,"column":4},"end":{"line":20,"column":141}},"type":"if","locations":[{"start":{"line":20,"column":4},"end":{"line":20,"column":141}},{"start":{"line":20,"column":4},"end":{"line":20,"column":141}}],"line":20},"10":{"loc":{"start":{"line":20,"column":40},"end":{"line":20,"column":141}},"type":"if","locations":[{"start":{"line":20,"column":40},"end":{"line":20,"column":141}},{"start":{"line":20,"column":40},"end":{"line":20,"column":141}}],"line":20},"11":{"loc":{"start":{"line":20,"column":44},"end":{"line":20,"column":107}},"type":"binary-expr","locations":[{"start":{"line":20,"column":44},"end":{"line":20,"column":59}},{"start":{"line":20,"column":63},"end":{"line":20,"column":107}}],"line":20},"12":{"loc":{"start":{"line":24,"column":22},"end":{"line":26,"column":1}},"type":"binary-expr","locations":[{"start":{"line":24,"column":23},"end":{"line":24,"column":27}},{"start":{"line":24,"column":31},"end":{"line":24,"column":51}},{"start":{"line":24,"column":56},"end":{"line":26,"column":1}}],"line":24},"13":{"loc":{"start":{"line":25,"column":11},"end":{"line":25,"column":61}},"type":"cond-expr","locations":[{"start":{"line":25,"column":37},"end":{"line":25,"column":40}},{"start":{"line":25,"column":43},"end":{"line":25,"column":61}}],"line":25},"14":{"loc":{"start":{"line":25,"column":12},"end":{"line":25,"column":33}},"type":"binary-expr","locations":[{"start":{"line":25,"column":12},"end":{"line":25,"column":15}},{"start":{"line":25,"column":19},"end":{"line":25,"column":33}}],"line":25}},"s":{"0":1,"1":0,"2":0,"3":0,"4":0,"5":0,"6":0,"7":0,"8":1,"9":0,"10":0,"11":1,"12":1,"13":1,"14":0,"15":0,"16":0,"17":0,"18":0,"19":0,"20":0,"21":1,"22":1,"23":1,"24":1,"25":1,"26":1,"27":1,"28":1},"f":{"0":0,"1":0,"2":0,"3":0,"4":0,"5":1,"6":1},"b":{"0":[1,1,1],"1":[1,0],"2":[0,0],"3":[0,0],"4":[1,1,1],"5":[1,0],"6":[1,1,1],"7":[1,0],"8":[1,1],"9":[0,0],"10":[0,0],"11":[0,0],"12":[1,1,1],"13":[1,0],"14":[1,1]},"inputSourceMap":null,"_coverageSchema":"1a1c01bbd47fc00a2c39e90264f33305004495a9","hash":"7398d9305e4502f9f89d7130c104efe7e704c00e"}
,"/home/jesse/Desktop/work/hylar-core/dist/lib/Utils.js": {"path":"/home/jesse/Desktop/work/hylar-core/dist/lib/Utils.js","statementMap":{"0":{"start":{"line":6,"column":22},"end":{"line":12,"column":3}},"1":{"start":{"line":7,"column":4},"end":{"line":7,"column":33}},"2":{"start":{"line":7,"column":26},"end":{"line":7,"column":33}},"3":{"start":{"line":8,"column":4},"end":{"line":8,"column":89}},"4":{"start":{"line":8,"column":71},"end":{"line":8,"column":83}},"5":{"start":{"line":10,"column":4},"end":{"line":10,"column":33}},"6":{"start":{"line":10,"column":26},"end":{"line":10,"column":33}},"7":{"start":{"line":11,"column":4},"end":{"line":11,"column":17}},"8":{"start":{"line":13,"column":25},"end":{"line":17,"column":2}},"9":{"start":{"line":14,"column":4},"end":{"line":14,"column":72}},"10":{"start":{"line":16,"column":4},"end":{"line":16,"column":21}},"11":{"start":{"line":18,"column":19},"end":{"line":24,"column":1}},"12":{"start":{"line":19,"column":4},"end":{"line":19,"column":42}},"13":{"start":{"line":19,"column":31},"end":{"line":19,"column":42}},"14":{"start":{"line":20,"column":17},"end":{"line":20,"column":19}},"15":{"start":{"line":21,"column":4},"end":{"line":21,"column":141}},"16":{"start":{"line":21,"column":21},"end":{"line":21,"column":141}},"17":{"start":{"line":21,"column":40},"end":{"line":21,"column":141}},"18":{"start":{"line":21,"column":109},"end":{"line":21,"column":141}},"19":{"start":{"line":22,"column":4},"end":{"line":22,"column":36}},"20":{"start":{"line":23,"column":4},"end":{"line":23,"column":18}},"21":{"start":{"line":25,"column":22},"end":{"line":27,"column":1}},"22":{"start":{"line":26,"column":4},"end":{"line":26,"column":62}},"23":{"start":{"line":28,"column":0},"end":{"line":28,"column":62}},"24":{"start":{"line":29,"column":0},"end":{"line":29,"column":294}},"25":{"start":{"line":30,"column":29},"end":{"line":30,"column":77}},"26":{"start":{"line":31,"column":15},"end":{"line":31,"column":55}},"27":{"start":{"line":40,"column":17},"end":{"line":40,"column":19}},"28":{"start":{"line":41,"column":17},"end":{"line":41,"column":19}},"29":{"start":{"line":42,"column":20},"end":{"line":42,"column":39}},"30":{"start":{"line":43,"column":4},"end":{"line":46,"column":5}},"31":{"start":{"line":43,"column":17},"end":{"line":43,"column":18}},"32":{"start":{"line":44,"column":8},"end":{"line":45,"column":53}},"33":{"start":{"line":45,"column":12},"end":{"line":45,"column":53}},"34":{"start":{"line":47,"column":4},"end":{"line":49,"column":5}},"35":{"start":{"line":48,"column":8},"end":{"line":48,"column":29}},"36":{"start":{"line":50,"column":4},"end":{"line":50,"column":16}},"37":{"start":{"line":52,"column":0},"end":{"line":52,"column":26}},"38":{"start":{"line":54,"column":4},"end":{"line":54,"column":37}},"39":{"start":{"line":56,"column":0},"end":{"line":56,"column":36}},"40":{"start":{"line":58,"column":4},"end":{"line":58,"column":62}},"41":{"start":{"line":60,"column":0},"end":{"line":60,"column":40}},"42":{"start":{"line":67,"column":4},"end":{"line":69,"column":5}},"43":{"start":{"line":68,"column":8},"end":{"line":68,"column":21}},"44":{"start":{"line":70,"column":4},"end":{"line":75,"column":5}},"45":{"start":{"line":71,"column":8},"end":{"line":71,"column":40}},"46":{"start":{"line":74,"column":8},"end":{"line":74,"column":21}},"47":{"start":{"line":77,"column":0},"end":{"line":77,"column":32}},"48":{"start":{"line":84,"column":4},"end":{"line":89,"column":5}},"49":{"start":{"line":85,"column":8},"end":{"line":85,"column":102}},"50":{"start":{"line":88,"column":8},"end":{"line":88,"column":21}},"51":{"start":{"line":91,"column":0},"end":{"line":91,"column":32}},"52":{"start":{"line":93,"column":4},"end":{"line":94,"column":19}},"53":{"start":{"line":94,"column":8},"end":{"line":94,"column":19}},"54":{"start":{"line":95,"column":21},"end":{"line":95,"column":35}},"55":{"start":{"line":96,"column":4},"end":{"line":96,"column":64}},"56":{"start":{"line":98,"column":0},"end":{"line":98,"column":46}},"57":{"start":{"line":100,"column":4},"end":{"line":102,"column":5}},"58":{"start":{"line":101,"column":8},"end":{"line":101,"column":20}},"59":{"start":{"line":103,"column":4},"end":{"line":105,"column":5}},"60":{"start":{"line":104,"column":8},"end":{"line":104,"column":21}},"61":{"start":{"line":106,"column":4},"end":{"line":110,"column":5}},"62":{"start":{"line":106,"column":17},"end":{"line":106,"column":18}},"63":{"start":{"line":107,"column":8},"end":{"line":109,"column":9}},"64":{"start":{"line":108,"column":12},"end":{"line":108,"column":25}},"65":{"start":{"line":111,"column":4},"end":{"line":111,"column":16}},"66":{"start":{"line":113,"column":0},"end":{"line":113,"column":40}},"67":{"start":{"line":115,"column":4},"end":{"line":115,"column":59}},"68":{"start":{"line":117,"column":0},"end":{"line":117,"column":28}},"69":{"start":{"line":119,"column":26},"end":{"line":119,"column":91}},"70":{"start":{"line":120,"column":36},"end":{"line":120,"column":104}},"71":{"start":{"line":121,"column":4},"end":{"line":123,"column":5}},"72":{"start":{"line":122,"column":8},"end":{"line":122,"column":39}},"73":{"start":{"line":124,"column":4},"end":{"line":124,"column":25}},"74":{"start":{"line":126,"column":0},"end":{"line":126,"column":52}},"75":{"start":{"line":128,"column":4},"end":{"line":128,"column":64}},"76":{"start":{"line":128,"column":38},"end":{"line":128,"column":60}},"77":{"start":{"line":130,"column":0},"end":{"line":130,"column":36}},"78":{"start":{"line":132,"column":4},"end":{"line":136,"column":5}},"79":{"start":{"line":135,"column":8},"end":{"line":135,"column":20}},"80":{"start":{"line":137,"column":4},"end":{"line":137,"column":17}},"81":{"start":{"line":139,"column":0},"end":{"line":139,"column":56}},"82":{"start":{"line":141,"column":4},"end":{"line":152,"column":5}},"83":{"start":{"line":142,"column":8},"end":{"line":150,"column":9}},"84":{"start":{"line":143,"column":12},"end":{"line":148,"column":13}},"85":{"start":{"line":144,"column":16},"end":{"line":144,"column":99}},"86":{"start":{"line":147,"column":16},"end":{"line":147,"column":43}},"87":{"start":{"line":149,"column":12},"end":{"line":149,"column":49}},"88":{"start":{"line":151,"column":8},"end":{"line":151,"column":29}},"89":{"start":{"line":153,"column":4},"end":{"line":153,"column":49}},"90":{"start":{"line":155,"column":0},"end":{"line":155,"column":30}}},"fnMap":{"0":{"name":"(anonymous_0)","decl":{"start":{"line":6,"column":74},"end":{"line":6,"column":75}},"loc":{"start":{"line":6,"column":96},"end":{"line":9,"column":1}},"line":6},"1":{"name":"(anonymous_1)","decl":{"start":{"line":8,"column":58},"end":{"line":8,"column":59}},"loc":{"start":{"line":8,"column":69},"end":{"line":8,"column":85}},"line":8},"2":{"name":"(anonymous_2)","decl":{"start":{"line":9,"column":6},"end":{"line":9,"column":7}},"loc":{"start":{"line":9,"column":28},"end":{"line":12,"column":1}},"line":9},"3":{"name":"(anonymous_3)","decl":{"start":{"line":13,"column":80},"end":{"line":13,"column":81}},"loc":{"start":{"line":13,"column":95},"end":{"line":15,"column":1}},"line":13},"4":{"name":"(anonymous_4)","decl":{"start":{"line":15,"column":5},"end":{"line":15,"column":6}},"loc":{"start":{"line":15,"column":20},"end":{"line":17,"column":1}},"line":15},"5":{"name":"(anonymous_5)","decl":{"start":{"line":18,"column":50},"end":{"line":18,"column":51}},"loc":{"start":{"line":18,"column":65},"end":{"line":24,"column":1}},"line":18},"6":{"name":"(anonymous_6)","decl":{"start":{"line":25,"column":56},"end":{"line":25,"column":57}},"loc":{"start":{"line":25,"column":71},"end":{"line":27,"column":1}},"line":25},"7":{"name":"uniques","decl":{"start":{"line":39,"column":9},"end":{"line":39,"column":16}},"loc":{"start":{"line":39,"column":31},"end":{"line":51,"column":1}},"line":39},"8":{"name":"insertUnique","decl":{"start":{"line":53,"column":9},"end":{"line":53,"column":21}},"loc":{"start":{"line":53,"column":33},"end":{"line":55,"column":1}},"line":53},"9":{"name":"containsSubset","decl":{"start":{"line":57,"column":9},"end":{"line":57,"column":23}},"loc":{"start":{"line":57,"column":38},"end":{"line":59,"column":1}},"line":57},"10":{"name":"isVariable","decl":{"start":{"line":66,"column":9},"end":{"line":66,"column":19}},"loc":{"start":{"line":66,"column":25},"end":{"line":76,"column":1}},"line":66},"11":{"name":"isOperator","decl":{"start":{"line":83,"column":9},"end":{"line":83,"column":19}},"loc":{"start":{"line":83,"column":25},"end":{"line":90,"column":1}},"line":83},"12":{"name":"removeBeforeSharp","decl":{"start":{"line":92,"column":9},"end":{"line":92,"column":26}},"loc":{"start":{"line":92,"column":32},"end":{"line":97,"column":1}},"line":92},"13":{"name":"equivalentSets","decl":{"start":{"line":99,"column":9},"end":{"line":99,"column":23}},"loc":{"start":{"line":99,"column":32},"end":{"line":112,"column":1}},"line":99},"14":{"name":"notInSet","decl":{"start":{"line":114,"column":9},"end":{"line":114,"column":17}},"loc":{"start":{"line":114,"column":28},"end":{"line":116,"column":1}},"line":114},"15":{"name":"getValueFromDatatype","decl":{"start":{"line":118,"column":9},"end":{"line":118,"column":29}},"loc":{"start":{"line":118,"column":40},"end":{"line":125,"column":1}},"line":118},"16":{"name":"emptyPromise","decl":{"start":{"line":127,"column":9},"end":{"line":127,"column":21}},"loc":{"start":{"line":127,"column":36},"end":{"line":129,"column":1}},"line":127},"17":{"name":"(anonymous_17)","decl":{"start":{"line":128,"column":23},"end":{"line":128,"column":24}},"loc":{"start":{"line":128,"column":36},"end":{"line":128,"column":62}},"line":128},"18":{"name":"tripleContainsVariable","decl":{"start":{"line":131,"column":9},"end":{"line":131,"column":31}},"loc":{"start":{"line":131,"column":40},"end":{"line":138,"column":1}},"line":131},"19":{"name":"asCHRAtom","decl":{"start":{"line":140,"column":9},"end":{"line":140,"column":18}},"loc":{"start":{"line":140,"column":34},"end":{"line":154,"column":1}},"line":140}},"branchMap":{"0":{"loc":{"start":{"line":6,"column":22},"end":{"line":12,"column":3}},"type":"binary-expr","locations":[{"start":{"line":6,"column":23},"end":{"line":6,"column":27}},{"start":{"line":6,"column":31},"end":{"line":6,"column":51}},{"start":{"line":6,"column":57},"end":{"line":12,"column":2}}],"line":6},"1":{"loc":{"start":{"line":6,"column":57},"end":{"line":12,"column":2}},"type":"cond-expr","locations":[{"start":{"line":6,"column":74},"end":{"line":9,"column":1}},{"start":{"line":9,"column":6},"end":{"line":12,"column":1}}],"line":6},"2":{"loc":{"start":{"line":7,"column":4},"end":{"line":7,"column":33}},"type":"if","locations":[{"start":{"line":7,"column":4},"end":{"line":7,"column":33}},{"start":{"line":7,"column":4},"end":{"line":7,"column":33}}],"line":7},"3":{"loc":{"start":{"line":10,"column":4},"end":{"line":10,"column":33}},"type":"if","locations":[{"start":{"line":10,"column":4},"end":{"line":10,"column":33}},{"start":{"line":10,"column":4},"end":{"line":10,"column":33}}],"line":10},"4":{"loc":{"start":{"line":13,"column":25},"end":{"line":17,"column":2}},"type":"binary-expr","locations":[{"start":{"line":13,"column":26},"end":{"line":13,"column":30}},{"start":{"line":13,"column":34},"end":{"line":13,"column":57}},{"start":{"line":13,"column":63},"end":{"line":17,"column":1}}],"line":13},"5":{"loc":{"start":{"line":13,"column":63},"end":{"line":17,"column":1}},"type":"cond-expr","locations":[{"start":{"line":13,"column":80},"end":{"line":15,"column":1}},{"start":{"line":15,"column":5},"end":{"line":17,"column":1}}],"line":13},"6":{"loc":{"start":{"line":18,"column":19},"end":{"line":24,"column":1}},"type":"binary-expr","locations":[{"start":{"line":18,"column":20},"end":{"line":18,"column":24}},{"start":{"line":18,"column":28},"end":{"line":18,"column":45}},{"start":{"line":18,"column":50},"end":{"line":24,"column":1}}],"line":18},"7":{"loc":{"start":{"line":19,"column":4},"end":{"line":19,"column":42}},"type":"if","locations":[{"start":{"line":19,"column":4},"end":{"line":19,"column":42}},{"start":{"line":19,"column":4},"end":{"line":19,"column":42}}],"line":19},"8":{"loc":{"start":{"line":19,"column":8},"end":{"line":19,"column":29}},"type":"binary-expr","locations":[{"start":{"line":19,"column":8},"end":{"line":19,"column":11}},{"start":{"line":19,"column":15},"end":{"line":19,"column":29}}],"line":19},"9":{"loc":{"start":{"line":21,"column":4},"end":{"line":21,"column":141}},"type":"if","locations":[{"start":{"line":21,"column":4},"end":{"line":21,"column":141}},{"start":{"line":21,"column":4},"end":{"line":21,"column":141}}],"line":21},"10":{"loc":{"start":{"line":21,"column":40},"end":{"line":21,"column":141}},"type":"if","locations":[{"start":{"line":21,"column":40},"end":{"line":21,"column":141}},{"start":{"line":21,"column":40},"end":{"line":21,"column":141}}],"line":21},"11":{"loc":{"start":{"line":21,"column":44},"end":{"line":21,"column":107}},"type":"binary-expr","locations":[{"start":{"line":21,"column":44},"end":{"line":21,"column":59}},{"start":{"line":21,"column":63},"end":{"line":21,"column":107}}],"line":21},"12":{"loc":{"start":{"line":25,"column":22},"end":{"line":27,"column":1}},"type":"binary-expr","locations":[{"start":{"line":25,"column":23},"end":{"line":25,"column":27}},{"start":{"line":25,"column":31},"end":{"line":25,"column":51}},{"start":{"line":25,"column":56},"end":{"line":27,"column":1}}],"line":25},"13":{"loc":{"start":{"line":26,"column":11},"end":{"line":26,"column":61}},"type":"cond-expr","locations":[{"start":{"line":26,"column":37},"end":{"line":26,"column":40}},{"start":{"line":26,"column":43},"end":{"line":26,"column":61}}],"line":26},"14":{"loc":{"start":{"line":26,"column":12},"end":{"line":26,"column":33}},"type":"binary-expr","locations":[{"start":{"line":26,"column":12},"end":{"line":26,"column":15}},{"start":{"line":26,"column":19},"end":{"line":26,"column":33}}],"line":26},"15":{"loc":{"start":{"line":44,"column":8},"end":{"line":45,"column":53}},"type":"if","locations":[{"start":{"line":44,"column":8},"end":{"line":45,"column":53}},{"start":{"line":44,"column":8},"end":{"line":45,"column":53}}],"line":44},"16":{"loc":{"start":{"line":67,"column":4},"end":{"line":69,"column":5}},"type":"if","locations":[{"start":{"line":67,"column":4},"end":{"line":69,"column":5}},{"start":{"line":67,"column":4},"end":{"line":69,"column":5}}],"line":67},"17":{"loc":{"start":{"line":85,"column":16},"end":{"line":85,"column":100}},"type":"binary-expr","locations":[{"start":{"line":85,"column":17},"end":{"line":85,"column":28}},{"start":{"line":85,"column":34},"end":{"line":85,"column":45}},{"start":{"line":85,"column":51},"end":{"line":85,"column":63}},{"start":{"line":85,"column":69},"end":{"line":85,"column":81}},{"start":{"line":85,"column":87},"end":{"line":85,"column":99}}],"line":85},"18":{"loc":{"start":{"line":93,"column":4},"end":{"line":94,"column":19}},"type":"if","locations":[{"start":{"line":93,"column":4},"end":{"line":94,"column":19}},{"start":{"line":93,"column":4},"end":{"line":94,"column":19}}],"line":93},"19":{"loc":{"start":{"line":93,"column":8},"end":{"line":93,"column":56}},"type":"binary-expr","locations":[{"start":{"line":93,"column":8},"end":{"line":93,"column":31}},{"start":{"line":93,"column":35},"end":{"line":93,"column":56}}],"line":93},"20":{"loc":{"start":{"line":100,"column":4},"end":{"line":102,"column":5}},"type":"if","locations":[{"start":{"line":100,"column":4},"end":{"line":102,"column":5}},{"start":{"line":100,"column":4},"end":{"line":102,"column":5}}],"line":100},"21":{"loc":{"start":{"line":103,"column":4},"end":{"line":105,"column":5}},"type":"if","locations":[{"start":{"line":103,"column":4},"end":{"line":105,"column":5}},{"start":{"line":103,"column":4},"end":{"line":105,"column":5}}],"line":103},"22":{"loc":{"start":{"line":107,"column":8},"end":{"line":109,"column":9}},"type":"if","locations":[{"start":{"line":107,"column":8},"end":{"line":109,"column":9}},{"start":{"line":107,"column":8},"end":{"line":109,"column":9}}],"line":107},"23":{"loc":{"start":{"line":121,"column":4},"end":{"line":123,"column":5}},"type":"if","locations":[{"start":{"line":121,"column":4},"end":{"line":123,"column":5}},{"start":{"line":121,"column":4},"end":{"line":123,"column":5}}],"line":121},"24":{"loc":{"start":{"line":132,"column":4},"end":{"line":136,"column":5}},"type":"if","locations":[{"start":{"line":132,"column":4},"end":{"line":136,"column":5}},{"start":{"line":132,"column":4},"end":{"line":136,"column":5}}],"line":132},"25":{"loc":{"start":{"line":132,"column":8},"end":{"line":134,"column":41}},"type":"binary-expr","locations":[{"start":{"line":132,"column":8},"end":{"line":132,"column":39}},{"start":{"line":133,"column":11},"end":{"line":133,"column":44}},{"start":{"line":134,"column":11},"end":{"line":134,"column":41}}],"line":132},"26":{"loc":{"start":{"line":141,"column":4},"end":{"line":152,"column":5}},"type":"if","locations":[{"start":{"line":141,"column":4},"end":{"line":152,"column":5}},{"start":{"line":141,"column":4},"end":{"line":152,"column":5}}],"line":141},"27":{"loc":{"start":{"line":142,"column":8},"end":{"line":150,"column":9}},"type":"if","locations":[{"start":{"line":142,"column":8},"end":{"line":150,"column":9}},{"start":{"line":142,"column":8},"end":{"line":150,"column":9}}],"line":142},"28":{"loc":{"start":{"line":143,"column":12},"end":{"line":148,"column":13}},"type":"if","locations":[{"start":{"line":143,"column":12},"end":{"line":148,"column":13}},{"start":{"line":143,"column":12},"end":{"line":148,"column":13}}],"line":143}},"s":{"0":1,"1":0,"2":0,"3":0,"4":0,"5":0,"6":0,"7":0,"8":1,"9":0,"10":0,"11":1,"12":1,"13":1,"14":0,"15":0,"16":0,"17":0,"18":0,"19":0,"20":0,"21":1,"22":1,"23":1,"24":1,"25":1,"26":1,"27":336,"28":336,"29":336,"30":336,"31":336,"32":832,"33":810,"34":336,"35":756,"36":336,"37":1,"38":0,"39":1,"40":5,"41":1,"42":903,"43":22,"44":881,"45":881,"46":0,"47":1,"48":301,"49":301,"50":0,"51":1,"52":0,"53":0,"54":0,"55":0,"56":1,"57":0,"58":0,"59":0,"60":0,"61":0,"62":0,"63":0,"64":0,"65":0,"66":1,"67":0,"68":1,"69":0,"70":0,"71":0,"72":0,"73":0,"74":1,"75":0,"76":0,"77":1,"78":0,"79":0,"80":0,"81":1,"82":0,"83":0,"84":0,"85":0,"86":0,"87":0,"88":0,"89":0,"90":1},"f":{"0":0,"1":0,"2":0,"3":0,"4":0,"5":1,"6":1,"7":336,"8":0,"9":5,"10":903,"11":301,"12":0,"13":0,"14":0,"15":0,"16":0,"17":0,"18":0,"19":0},"b":{"0":[1,1,1],"1":[1,0],"2":[0,0],"3":[0,0],"4":[1,1,1],"5":[1,0],"6":[1,1,1],"7":[1,0],"8":[1,1],"9":[0,0],"10":[0,0],"11":[0,0],"12":[1,1,1],"13":[1,0],"14":[1,1],"15":[810,22],"16":[22,881],"17":[301,301,301,301,301],"18":[0,0],"19":[0,0],"20":[0,0],"21":[0,0],"22":[0,0],"23":[0,0],"24":[0,0],"25":[0,0,0],"26":[0,0],"27":[0,0],"28":[0,0]},"inputSourceMap":null,"_coverageSchema":"1a1c01bbd47fc00a2c39e90264f33305004495a9","hash":"842ce8e68e008d2bb1bc70d91a3a8546b1a48f6e"}
,"/home/jesse/Desktop/work/hylar-core/dist/lib/Logics/Fact.js": {"path":"/home/jesse/Desktop/work/hylar-core/dist/lib/Logics/Fact.js","statementMap":{"0":{"start":{"line":5,"column":22},"end":{"line":11,"column":3}},"1":{"start":{"line":6,"column":4},"end":{"line":6,"column":33}},"2":{"start":{"line":6,"column":26},"end":{"line":6,"column":33}},"3":{"start":{"line":7,"column":4},"end":{"line":7,"column":89}},"4":{"start":{"line":7,"column":71},"end":{"line":7,"column":83}},"5":{"start":{"line":9,"column":4},"end":{"line":9,"column":33}},"6":{"start":{"line":9,"column":26},"end":{"line":9,"column":33}},"7":{"start":{"line":10,"column":4},"end":{"line":10,"column":17}},"8":{"start":{"line":12,"column":25},"end":{"line":16,"column":2}},"9":{"start":{"line":13,"column":4},"end":{"line":13,"column":72}},"10":{"start":{"line":15,"column":4},"end":{"line":15,"column":21}},"11":{"start":{"line":17,"column":19},"end":{"line":23,"column":1}},"12":{"start":{"line":18,"column":4},"end":{"line":18,"column":42}},"13":{"start":{"line":18,"column":31},"end":{"line":18,"column":42}},"14":{"start":{"line":19,"column":17},"end":{"line":19,"column":19}},"15":{"start":{"line":20,"column":4},"end":{"line":20,"column":141}},"16":{"start":{"line":20,"column":21},"end":{"line":20,"column":141}},"17":{"start":{"line":20,"column":40},"end":{"line":20,"column":141}},"18":{"start":{"line":20,"column":109},"end":{"line":20,"column":141}},"19":{"start":{"line":21,"column":4},"end":{"line":21,"column":36}},"20":{"start":{"line":22,"column":4},"end":{"line":22,"column":18}},"21":{"start":{"line":24,"column":0},"end":{"line":24,"column":62}},"22":{"start":{"line":25,"column":14},"end":{"line":25,"column":47}},"23":{"start":{"line":26,"column":15},"end":{"line":26,"column":48}},"24":{"start":{"line":37,"column":8},"end":{"line":39,"column":9}},"25":{"start":{"line":38,"column":12},"end":{"line":38,"column":36}},"26":{"start":{"line":40,"column":8},"end":{"line":40,"column":26}},"27":{"start":{"line":41,"column":8},"end":{"line":41,"column":30}},"28":{"start":{"line":42,"column":8},"end":{"line":42,"column":27}},"29":{"start":{"line":43,"column":8},"end":{"line":43,"column":26}},"30":{"start":{"line":44,"column":8},"end":{"line":44,"column":41}},"31":{"start":{"line":45,"column":8},"end":{"line":45,"column":37}},"32":{"start":{"line":46,"column":8},"end":{"line":46,"column":31}},"33":{"start":{"line":47,"column":8},"end":{"line":47,"column":29}},"34":{"start":{"line":48,"column":8},"end":{"line":48,"column":29}},"35":{"start":{"line":49,"column":8},"end":{"line":51,"column":9}},"36":{"start":{"line":50,"column":12},"end":{"line":50,"column":30}},"37":{"start":{"line":52,"column":8},"end":{"line":52,"column":28}},"38":{"start":{"line":53,"column":8},"end":{"line":55,"column":9}},"39":{"start":{"line":54,"column":12},"end":{"line":54,"column":46}},"40":{"start":{"line":56,"column":8},"end":{"line":58,"column":9}},"41":{"start":{"line":57,"column":12},"end":{"line":57,"column":48}},"42":{"start":{"line":59,"column":8},"end":{"line":61,"column":9}},"43":{"start":{"line":60,"column":12},"end":{"line":60,"column":45}},"44":{"start":{"line":62,"column":8},"end":{"line":62,"column":39}},"45":{"start":{"line":63,"column":8},"end":{"line":65,"column":9}},"46":{"start":{"line":64,"column":12},"end":{"line":64,"column":42}},"47":{"start":{"line":66,"column":8},"end":{"line":66,"column":45}},"48":{"start":{"line":74,"column":8},"end":{"line":79,"column":9}},"49":{"start":{"line":75,"column":12},"end":{"line":75,"column":26}},"50":{"start":{"line":78,"column":12},"end":{"line":78,"column":73}},"51":{"start":{"line":80,"column":8},"end":{"line":80,"column":49}},"52":{"start":{"line":83,"column":8},"end":{"line":83,"column":29}},"53":{"start":{"line":87,"column":8},"end":{"line":89,"column":9}},"54":{"start":{"line":88,"column":12},"end":{"line":88,"column":25}},"55":{"start":{"line":90,"column":8},"end":{"line":95,"column":9}},"56":{"start":{"line":91,"column":12},"end":{"line":91,"column":32}},"57":{"start":{"line":94,"column":12},"end":{"line":94,"column":114}},"58":{"start":{"line":96,"column":8},"end":{"line":96,"column":23}},"59":{"start":{"line":100,"column":8},"end":{"line":105,"column":9}},"60":{"start":{"line":101,"column":12},"end":{"line":101,"column":26}},"61":{"start":{"line":104,"column":12},"end":{"line":104,"column":71}},"62":{"start":{"line":106,"column":8},"end":{"line":106,"column":19}},"63":{"start":{"line":109,"column":8},"end":{"line":109,"column":54}},"64":{"start":{"line":112,"column":8},"end":{"line":112,"column":56}},"65":{"start":{"line":115,"column":8},"end":{"line":115,"column":53}},"66":{"start":{"line":119,"column":8},"end":{"line":124,"column":9}},"67":{"start":{"line":120,"column":12},"end":{"line":120,"column":26}},"68":{"start":{"line":123,"column":12},"end":{"line":123,"column":148}},"69":{"start":{"line":125,"column":8},"end":{"line":125,"column":49}},"70":{"start":{"line":133,"column":8},"end":{"line":136,"column":41}},"71":{"start":{"line":139,"column":8},"end":{"line":141,"column":56}},"72":{"start":{"line":149,"column":21},"end":{"line":149,"column":25}},"73":{"start":{"line":150,"column":8},"end":{"line":154,"column":9}},"74":{"start":{"line":151,"column":12},"end":{"line":153,"column":13}},"75":{"start":{"line":152,"column":16},"end":{"line":152,"column":27}},"76":{"start":{"line":155,"column":8},"end":{"line":155,"column":21}},"77":{"start":{"line":167,"column":8},"end":{"line":169,"column":9}},"78":{"start":{"line":168,"column":12},"end":{"line":168,"column":30}},"79":{"start":{"line":170,"column":8},"end":{"line":172,"column":9}},"80":{"start":{"line":171,"column":12},"end":{"line":171,"column":29}},"81":{"start":{"line":174,"column":23},"end":{"line":174,"column":36}},"82":{"start":{"line":176,"column":8},"end":{"line":183,"column":9}},"83":{"start":{"line":176,"column":21},"end":{"line":176,"column":22}},"84":{"start":{"line":177,"column":12},"end":{"line":177,"column":25}},"85":{"start":{"line":178,"column":12},"end":{"line":181,"column":13}},"86":{"start":{"line":178,"column":25},"end":{"line":178,"column":26}},"87":{"start":{"line":179,"column":16},"end":{"line":179,"column":44}},"88":{"start":{"line":180,"column":16},"end":{"line":180,"column":52}},"89":{"start":{"line":182,"column":12},"end":{"line":182,"column":25}},"90":{"start":{"line":184,"column":8},"end":{"line":184,"column":21}},"91":{"start":{"line":187,"column":29},"end":{"line":187,"column":31}},"92":{"start":{"line":188,"column":8},"end":{"line":200,"column":9}},"93":{"start":{"line":188,"column":21},"end":{"line":188,"column":22}},"94":{"start":{"line":189,"column":12},"end":{"line":199,"column":13}},"95":{"start":{"line":190,"column":16},"end":{"line":190,"column":41}},"96":{"start":{"line":193,"column":16},"end":{"line":198,"column":17}},"97":{"start":{"line":193,"column":29},"end":{"line":193,"column":30}},"98":{"start":{"line":194,"column":20},"end":{"line":197,"column":21}},"99":{"start":{"line":195,"column":24},"end":{"line":195,"column":49}},"100":{"start":{"line":196,"column":24},"end":{"line":196,"column":30}},"101":{"start":{"line":201,"column":8},"end":{"line":201,"column":28}},"102":{"start":{"line":204,"column":8},"end":{"line":210,"column":9}},"103":{"start":{"line":205,"column":12},"end":{"line":209,"column":13}},"104":{"start":{"line":205,"column":25},"end":{"line":205,"column":26}},"105":{"start":{"line":206,"column":16},"end":{"line":208,"column":17}},"106":{"start":{"line":207,"column":20},"end":{"line":207,"column":66}},"107":{"start":{"line":213,"column":0},"end":{"line":213,"column":23}}},"fnMap":{"0":{"name":"(anonymous_0)","decl":{"start":{"line":5,"column":74},"end":{"line":5,"column":75}},"loc":{"start":{"line":5,"column":96},"end":{"line":8,"column":1}},"line":5},"1":{"name":"(anonymous_1)","decl":{"start":{"line":7,"column":58},"end":{"line":7,"column":59}},"loc":{"start":{"line":7,"column":69},"end":{"line":7,"column":85}},"line":7},"2":{"name":"(anonymous_2)","decl":{"start":{"line":8,"column":6},"end":{"line":8,"column":7}},"loc":{"start":{"line":8,"column":28},"end":{"line":11,"column":1}},"line":8},"3":{"name":"(anonymous_3)","decl":{"start":{"line":12,"column":80},"end":{"line":12,"column":81}},"loc":{"start":{"line":12,"column":95},"end":{"line":14,"column":1}},"line":12},"4":{"name":"(anonymous_4)","decl":{"start":{"line":14,"column":5},"end":{"line":14,"column":6}},"loc":{"start":{"line":14,"column":20},"end":{"line":16,"column":1}},"line":14},"5":{"name":"(anonymous_5)","decl":{"start":{"line":17,"column":50},"end":{"line":17,"column":51}},"loc":{"start":{"line":17,"column":65},"end":{"line":23,"column":1}},"line":17},"6":{"name":"(anonymous_6)","decl":{"start":{"line":36,"column":4},"end":{"line":36,"column":5}},"loc":{"start":{"line":36,"column":120},"end":{"line":67,"column":5}},"line":36},"7":{"name":"(anonymous_7)","decl":{"start":{"line":72,"column":4},"end":{"line":72,"column":5}},"loc":{"start":{"line":72,"column":20},"end":{"line":81,"column":5}},"line":72},"8":{"name":"(anonymous_8)","decl":{"start":{"line":82,"column":4},"end":{"line":82,"column":5}},"loc":{"start":{"line":82,"column":15},"end":{"line":84,"column":5}},"line":82},"9":{"name":"(anonymous_9)","decl":{"start":{"line":85,"column":4},"end":{"line":85,"column":5}},"loc":{"start":{"line":85,"column":19},"end":{"line":97,"column":5}},"line":85},"10":{"name":"(anonymous_10)","decl":{"start":{"line":98,"column":4},"end":{"line":98,"column":5}},"loc":{"start":{"line":98,"column":12},"end":{"line":107,"column":5}},"line":98},"11":{"name":"(anonymous_11)","decl":{"start":{"line":108,"column":4},"end":{"line":108,"column":5}},"loc":{"start":{"line":108,"column":24},"end":{"line":110,"column":5}},"line":108},"12":{"name":"(anonymous_12)","decl":{"start":{"line":111,"column":4},"end":{"line":111,"column":5}},"loc":{"start":{"line":111,"column":26},"end":{"line":113,"column":5}},"line":111},"13":{"name":"(anonymous_13)","decl":{"start":{"line":114,"column":4},"end":{"line":114,"column":5}},"loc":{"start":{"line":114,"column":23},"end":{"line":116,"column":5}},"line":114},"14":{"name":"(anonymous_14)","decl":{"start":{"line":117,"column":4},"end":{"line":117,"column":5}},"loc":{"start":{"line":117,"column":22},"end":{"line":126,"column":5}},"line":117},"15":{"name":"(anonymous_15)","decl":{"start":{"line":132,"column":4},"end":{"line":132,"column":5}},"loc":{"start":{"line":132,"column":60},"end":{"line":137,"column":5}},"line":132},"16":{"name":"(anonymous_16)","decl":{"start":{"line":138,"column":4},"end":{"line":138,"column":5}},"loc":{"start":{"line":138,"column":58},"end":{"line":142,"column":5}},"line":138},"17":{"name":"(anonymous_17)","decl":{"start":{"line":148,"column":4},"end":{"line":148,"column":5}},"loc":{"start":{"line":148,"column":23},"end":{"line":156,"column":5}},"line":148},"18":{"name":"(anonymous_18)","decl":{"start":{"line":166,"column":4},"end":{"line":166,"column":5}},"loc":{"start":{"line":166,"column":14},"end":{"line":185,"column":5}},"line":166},"19":{"name":"(anonymous_19)","decl":{"start":{"line":186,"column":4},"end":{"line":186,"column":5}},"loc":{"start":{"line":186,"column":16},"end":{"line":202,"column":5}},"line":186},"20":{"name":"(anonymous_20)","decl":{"start":{"line":203,"column":4},"end":{"line":203,"column":5}},"loc":{"start":{"line":203,"column":26},"end":{"line":211,"column":5}},"line":203}},"branchMap":{"0":{"loc":{"start":{"line":5,"column":22},"end":{"line":11,"column":3}},"type":"binary-expr","locations":[{"start":{"line":5,"column":23},"end":{"line":5,"column":27}},{"start":{"line":5,"column":31},"end":{"line":5,"column":51}},{"start":{"line":5,"column":57},"end":{"line":11,"column":2}}],"line":5},"1":{"loc":{"start":{"line":5,"column":57},"end":{"line":11,"column":2}},"type":"cond-expr","locations":[{"start":{"line":5,"column":74},"end":{"line":8,"column":1}},{"start":{"line":8,"column":6},"end":{"line":11,"column":1}}],"line":5},"2":{"loc":{"start":{"line":6,"column":4},"end":{"line":6,"column":33}},"type":"if","locations":[{"start":{"line":6,"column":4},"end":{"line":6,"column":33}},{"start":{"line":6,"column":4},"end":{"line":6,"column":33}}],"line":6},"3":{"loc":{"start":{"line":9,"column":4},"end":{"line":9,"column":33}},"type":"if","locations":[{"start":{"line":9,"column":4},"end":{"line":9,"column":33}},{"start":{"line":9,"column":4},"end":{"line":9,"column":33}}],"line":9},"4":{"loc":{"start":{"line":12,"column":25},"end":{"line":16,"column":2}},"type":"binary-expr","locations":[{"start":{"line":12,"column":26},"end":{"line":12,"column":30}},{"start":{"line":12,"column":34},"end":{"line":12,"column":57}},{"start":{"line":12,"column":63},"end":{"line":16,"column":1}}],"line":12},"5":{"loc":{"start":{"line":12,"column":63},"end":{"line":16,"column":1}},"type":"cond-expr","locations":[{"start":{"line":12,"column":80},"end":{"line":14,"column":1}},{"start":{"line":14,"column":5},"end":{"line":16,"column":1}}],"line":12},"6":{"loc":{"start":{"line":17,"column":19},"end":{"line":23,"column":1}},"type":"binary-expr","locations":[{"start":{"line":17,"column":20},"end":{"line":17,"column":24}},{"start":{"line":17,"column":28},"end":{"line":17,"column":45}},{"start":{"line":17,"column":50},"end":{"line":23,"column":1}}],"line":17},"7":{"loc":{"start":{"line":18,"column":4},"end":{"line":18,"column":42}},"type":"if","locations":[{"start":{"line":18,"column":4},"end":{"line":18,"column":42}},{"start":{"line":18,"column":4},"end":{"line":18,"column":42}}],"line":18},"8":{"loc":{"start":{"line":18,"column":8},"end":{"line":18,"column":29}},"type":"binary-expr","locations":[{"start":{"line":18,"column":8},"end":{"line":18,"column":11}},{"start":{"line":18,"column":15},"end":{"line":18,"column":29}}],"line":18},"9":{"loc":{"start":{"line":20,"column":4},"end":{"line":20,"column":141}},"type":"if","locations":[{"start":{"line":20,"column":4},"end":{"line":20,"column":141}},{"start":{"line":20,"column":4},"end":{"line":20,"column":141}}],"line":20},"10":{"loc":{"start":{"line":20,"column":40},"end":{"line":20,"column":141}},"type":"if","locations":[{"start":{"line":20,"column":40},"end":{"line":20,"column":141}},{"start":{"line":20,"column":40},"end":{"line":20,"column":141}}],"line":20},"11":{"loc":{"start":{"line":20,"column":44},"end":{"line":20,"column":107}},"type":"binary-expr","locations":[{"start":{"line":20,"column":44},"end":{"line":20,"column":59}},{"start":{"line":20,"column":63},"end":{"line":20,"column":107}}],"line":20},"12":{"loc":{"start":{"line":36,"column":32},"end":{"line":36,"column":43}},"type":"default-arg","locations":[{"start":{"line":36,"column":41},"end":{"line":36,"column":43}}],"line":36},"13":{"loc":{"start":{"line":36,"column":45},"end":{"line":36,"column":56}},"type":"default-arg","locations":[{"start":{"line":36,"column":52},"end":{"line":36,"column":56}}],"line":36},"14":{"loc":{"start":{"line":36,"column":58},"end":{"line":36,"column":69}},"type":"default-arg","locations":[{"start":{"line":36,"column":67},"end":{"line":36,"column":69}}],"line":36},"15":{"loc":{"start":{"line":36,"column":71},"end":{"line":36,"column":88}},"type":"default-arg","locations":[{"start":{"line":36,"column":86},"end":{"line":36,"column":88}}],"line":36},"16":{"loc":{"start":{"line":37,"column":8},"end":{"line":39,"column":9}},"type":"if","locations":[{"start":{"line":37,"column":8},"end":{"line":39,"column":9}},{"start":{"line":37,"column":8},"end":{"line":39,"column":9}}],"line":37},"17":{"loc":{"start":{"line":49,"column":8},"end":{"line":51,"column":9}},"type":"if","locations":[{"start":{"line":49,"column":8},"end":{"line":51,"column":9}},{"start":{"line":49,"column":8},"end":{"line":51,"column":9}}],"line":49},"18":{"loc":{"start":{"line":49,"column":12},"end":{"line":49,"column":46}},"type":"binary-expr","locations":[{"start":{"line":49,"column":12},"end":{"line":49,"column":29}},{"start":{"line":49,"column":33},"end":{"line":49,"column":46}}],"line":49},"19":{"loc":{"start":{"line":53,"column":8},"end":{"line":55,"column":9}},"type":"if","locations":[{"start":{"line":53,"column":8},"end":{"line":55,"column":9}},{"start":{"line":53,"column":8},"end":{"line":55,"column":9}}],"line":53},"20":{"loc":{"start":{"line":56,"column":8},"end":{"line":58,"column":9}},"type":"if","locations":[{"start":{"line":56,"column":8},"end":{"line":58,"column":9}},{"start":{"line":56,"column":8},"end":{"line":58,"column":9}}],"line":56},"21":{"loc":{"start":{"line":59,"column":8},"end":{"line":61,"column":9}},"type":"if","locations":[{"start":{"line":59,"column":8},"end":{"line":61,"column":9}},{"start":{"line":59,"column":8},"end":{"line":61,"column":9}}],"line":59},"22":{"loc":{"start":{"line":63,"column":8},"end":{"line":65,"column":9}},"type":"if","locations":[{"start":{"line":63,"column":8},"end":{"line":65,"column":9}},{"start":{"line":63,"column":8},"end":{"line":65,"column":9}}],"line":63},"23":{"loc":{"start":{"line":74,"column":8},"end":{"line":79,"column":9}},"type":"if","locations":[{"start":{"line":74,"column":8},"end":{"line":79,"column":9}},{"start":{"line":74,"column":8},"end":{"line":79,"column":9}}],"line":74},"24":{"loc":{"start":{"line":80,"column":16},"end":{"line":80,"column":41}},"type":"cond-expr","locations":[{"start":{"line":80,"column":32},"end":{"line":80,"column":35}},{"start":{"line":
[...]
,"/home/jesse/Desktop/work/hylar-core/lib/Logics/Solver.ts": {"path":"/home/jesse/Desktop/work/hylar-core/lib/Logics/Solver.ts","statementMap":{"0":{"start":{"line":5,"column":0},"end":{"line":5,"column":26}},"1":{"start":{"line":6,"column":0},"end":{"line":6,"column":35}},"2":{"start":{"line":7,"column":0},"end":{"line":7,"column":34}},"3":{"start":{"line":21,"column":19},"end":{"line":21,"column":21}},"4":{"start":{"line":22,"column":2},"end":{"line":28,"column":null}},"5":{"start":{"line":23,"column":4},"end":{"line":27,"column":null}},"6":{"start":{"line":24,"column":6},"end":{"line":24,"column":75}},"7":{"start":{"line":26,"column":6},"end":{"line":26,"column":64}},"8":{"start":{"line":29,"column":2},"end":{"line":29,"column":61}},"9":{"start":{"line":20,"column":0},"end":{"line":20,"column":22}},"10":{"start":{"line":40,"column":22},"end":{"line":40,"column":46}},"11":{"start":{"line":40,"column":69},"end":{"line":40,"column":71}},"12":{"start":{"line":42,"column":2},"end":{"line":42,"column":36}},"13":{"start":{"line":43,"column":2},"end":{"line":50,"column":null}},"14":{"start":{"line":44,"column":4},"end":{"line":49,"column":null}},"15":{"start":{"line":46,"column":6},"end":{"line":48,"column":null}},"16":{"start":{"line":47,"column":8},"end":{"line":47,"column":73}},"17":{"start":{"line":51,"column":2},"end":{"line":51,"column":22}},"18":{"start":{"line":39,"column":0},"end":{"line":39,"column":22}},"19":{"start":{"line":62,"column":22},"end":{"line":62,"column":43}},"20":{"start":{"line":63,"column":23},"end":{"line":63,"column":25}},"21":{"start":{"line":68,"column":2},"end":{"line":68,"column":36}},"22":{"start":{"line":70,"column":2},"end":{"line":86,"column":null}},"23":{"start":{"line":70,"column":15},"end":{"line":70,"column":16}},"24":{"start":{"line":71,"column":4},"end":{"line":85,"column":null}},"25":{"start":{"line":73,"column":6},"end":{"line":73,"column":60}},"26":{"start":{"line":74,"column":6},"end":{"line":74,"column":33}},"27":{"start":{"line":75,"column":6},"end":{"line":79,"column":null}},"28":{"start":{"line":75,"column":19},"end":{"line":75,"column":20}},"29":{"start":{"line":76,"column":8},"end":{"line":76,"column":98}},"30":{"start":{"line":77,"column":8},"end":{"line":77,"column":39}},"31":{"start":{"line":78,"column":8},"end":{"line":78,"column":48}},"32":{"start":{"line":80,"column":6},"end":{"line":84,"column":null}},"33":{"start":{"line":81,"column":8},"end":{"line":81,"column":80}},"34":{"start":{"line":83,"column":8},"end":{"line":83,"column":87}},"35":{"start":{"line":87,"column":2},"end":{"line":87,"column":22}},"36":{"start":{"line":61,"column":0},"end":{"line":61,"column":16}},"37":{"start":{"line":92,"column":17},"end":{"line":92,"column":36}},"38":{"start":{"line":96,"column":2},"end":{"line":96,"column":59}},"39":{"start":{"line":96,"column":40},"end":{"line":96,"column":59}},"40":{"start":{"line":98,"column":2},"end":{"line":112,"column":null}},"41":{"start":{"line":98,"column":15},"end":{"line":98,"column":16}},"42":{"start":{"line":99,"column":4},"end":{"line":105,"column":null}},"43":{"start":{"line":99,"column":17},"end":{"line":99,"column":18}},"44":{"start":{"line":101,"column":6},"end":{"line":101,"column":75}},"45":{"start":{"line":102,"column":6},"end":{"line":104,"column":61}},"46":{"start":{"line":108,"column":4},"end":{"line":111,"column":null}},"47":{"start":{"line":109,"column":6},"end":{"line":109,"column":28}},"48":{"start":{"line":110,"column":6},"end":{"line":110,"column":12}},"49":{"start":{"line":91,"column":0},"end":{"line":91,"column":16}},"50":{"start":{"line":116,"column":10},"end":{"line":116,"column":11}},"51":{"start":{"line":118,"column":2},"end":{"line":118,"column":33}},"52":{"start":{"line":120,"column":2},"end":{"line":125,"column":null}},"53":{"start":{"line":121,"column":4},"end":{"line":123,"column":6}},"54":{"start":{"line":124,"column":4},"end":{"line":124,"column":8}},"55":{"start":{"line":126,"column":2},"end":{"line":126,"column":21}},"56":{"start":{"line":115,"column":0},"end":{"line":115,"column":16}},"57":{"start":{"line":139,"column":32},"end":{"line":139,"column":34}},"58":{"start":{"line":139,"column":53},"end":{"line":139,"column":55}},"59":{"start":{"line":141,"column":2},"end":{"line":168,"column":null}},"60":{"start":{"line":141,"column":15},"end":{"line":141,"column":16}},"61":{"start":{"line":142,"column":4},"end":{"line":167,"column":null}},"62":{"start":{"line":142,"column":17},"end":{"line":142,"column":18}},"63":{"start":{"line":144,"column":24},"end":{"line":144,"column":40}},"64":{"start":{"line":146,"column":6},"end":{"line":149,"column":null}},"65":{"start":{"line":147,"column":8},"end":{"line":147,"column":21}},"66":{"start":{"line":148,"column":8},"end":{"line":148,"column":31}},"67":{"start":{"line":152,"column":25},"end":{"line":152,"column":73}},"68":{"start":{"line":155,"column":6},"end":{"line":166,"column":null}},"69":{"start":{"line":157,"column":8},"end":{"line":165,"column":null}},"70":{"start":{"line":159,"column":10},"end":{"line":159,"column":90}},"71":{"start":{"line":160,"column":10},"end":{"line":160,"column":52}},"72":{"start":{"line":161,"column":10},"end":{"line":161,"column":59}},"73":{"start":{"line":164,"column":10},"end":{"line":164,"column":36}},"74":{"start":{"line":170,"column":2},"end":{"line":172,"column":null}},"75":{"start":{"line":171,"column":4},"end":{"line":171,"column":33}},"76":{"start":{"line":173,"column":2},"end":{"line":173,"column":18}},"77":{"start":{"line":138,"column":0},"end":{"line":138,"column":16}},"78":{"start":{"line":185,"column":23},"end":{"line":185,"column":25}},"79":{"start":{"line":188,"column":2},"end":{"line":190,"column":null}},"80":{"start":{"line":189,"column":4},"end":{"line":189,"column":17}},"81":{"start":{"line":191,"column":2},"end":{"line":193,"column":null}},"82":{"start":{"line":192,"column":4},"end":{"line":192,"column":17}},"83":{"start":{"line":194,"column":2},"end":{"line":196,"column":null}},"84":{"start":{"line":195,"column":4},"end":{"line":195,"column":17}},"85":{"start":{"line":200,"column":2},"end":{"line":213,"column":null}},"86":{"start":{"line":201,"column":4},"end":{"line":212,"column":null}},"87":{"start":{"line":202,"column":6},"end":{"line":202,"column":68}},"88":{"start":{"line":204,"column":6},"end":{"line":210,"column":null}},"89":{"start":{"line":205,"column":8},"end":{"line":209,"column":null}},"90":{"start":{"line":206,"column":10},"end":{"line":208,"column":null}},"91":{"start":{"line":207,"column":12},"end":{"line":207,"column":25}},"92":{"start":{"line":211,"column":6},"end":{"line":211,"column":45}},"93":{"start":{"line":216,"column":2},"end":{"line":216,"column":22}},"94":{"start":{"line":184,"column":0},"end":{"line":184,"column":16}},"95":{"start":{"line":220,"column":2},"end":{"line":227,"column":null}},"96":{"start":{"line":221,"column":4},"end":{"line":223,"column":null}},"97":{"start":{"line":222,"column":6},"end":{"line":222,"column":19}},"98":{"start":{"line":224,"column":4},"end":{"line":224,"column":39}},"99":{"start":{"line":225,"column":9},"end":{"line":227,"column":null}},"100":{"start":{"line":226,"column":4},"end":{"line":226,"column":17}},"101":{"start":{"line":229,"column":2},"end":{"line":229,"column":14}},"102":{"start":{"line":219,"column":0},"end":{"line":219,"column":16}},"103":{"start":{"line":239,"column":2},"end":{"line":241,"column":4}},"104":{"start":{"line":240,"column":4},"end":{"line":240,"column":53}},"105":{"start":{"line":241,"column":4},"end":{"line":245,"column":null}},"106":{"start":{"line":242,"column":4},"end":{"line":244,"column":null}},"107":{"start":{"line":243,"column":6},"end":{"line":243,"column":27}},"108":{"start":{"line":246,"column":2},"end":{"line":246,"column":14}},"109":{"start":{"line":238,"column":0},"end":{"line":238,"column":16}},"110":{"start":{"line":259,"column":2},"end":{"line":261,"column":null}},"111":{"start":{"line":260,"column":4},"end":{"line":260,"column":33}},"112":{"start":{"line":262,"column":18},"end":{"line":262,"column":95}},"113":{"start":{"line":263,"column":20},"end":{"line":263,"column":99}},"114":{"start":{"line":264,"column":17},"end":{"line":264,"column":93}},"115":{"start":{"line":266,"column":26},"end":{"line":266,"column":73}},"116":{"start":{"line":268,"column":2},"end":{"line":271,"column":null}},"117":{"start":{"line":269,"column":4},"end":{"line":269,"column":40}},"118":{"start":{"line":270,"column":4},"end":{"line":270,"column":37}},"119":{"start":{"line":273,"column":2},"end":{"line":275,"column":null}},"120":{"start":{"line":274,"column":4},"end":{"line":274,"column":32}},"121":{"start":{"line":277,"column":2},"end":{"line":277,"column":25}},"122":{"start":{"line":258,"column":0},"end":{"line":258,"column":16}}},"fnMap":{"0":{"name":"evaluateRuleSet","decl":{"start":{"line":20,"column":22},"end":{"line":20,"column":37}},"loc":{"start":{"line":20,"column":66},"end":{"line":30,"column":null}}},"1":{"name":"evaluateThroughRestriction","decl":{"start":{"line":39,"column":22},"end":{"line":39,"column":48}},"loc":{"start":{"line":39,"column":60},"end":{"line":52,"column":null}}},"2":{"name":"evaluateThroughRestrictionWithTagging","decl":{"start":{"line":61,"column":16},"end":{"line":61,"column":53}},"loc":{"start":{"line":61,"column":62},"end":{"line":88,"column":1}}},"3":{"name":"checkOperators","decl":{"start":{"line":91,"column":16},"end":{"line":91,"column":30}},"loc":{"start":{"line":91,"column":48},"end":{"line":113,"column":1}}},"4":{"name":"getMappings","decl":{"start":{"line":115,"column":16},"end":{"line":115,"column":27}},"loc":{"start":{"line":115,"column":39},"end":{"line":127,"column":1}}},"5":{"name":"substituteNextCauses","decl":{"start":{"line":138,"column":16},"end":{"line":138,"column":36}},"loc":{"start":{"line":138,"column":85},"end":{"line":174,"column":1}}},"6":{"name":"factMatches","decl":{"start":{"line":184,"column":16},"end":{"line":184,"column":27}},"loc":{"start":{"line":184,"column":73},"end":{"line":217,"column":1}}},"7":{"name":"factElemMatches","decl":{"start":{"line":219,"column":16},"end":{"line":219,"column":31}},"loc":{"start":{"line":219,"column":80},"end":{"line":230,"column":1}}},"8":{"name":"substituteElementVariablesWithMapping","decl":{"start":{"line":238,"column":16},"end":{"line":238,"column":53}},"loc":{"start":{"line":238,"column":67},"end":{"line":247,"column":1}}},"9":{"name":"substituteFactVariables","decl":{"start":{"line":258,"column":16},"end":{"line":258,"column":39}},"loc":{"start":{"line":258,"column":86},"end":{"line":278,"column":1}}}},"branchMap":{"0":{"loc":{"start":{"line":20,"column":61},"end":{"line":20,"column":66}},"type":"default-arg","locations":[{"start":{"line":20,"column":61},"end":{"line":20,"column":66}}]},"1":{"loc":{"start":{"line":23,"column":4},"end":{"line":27,"column":null}},"type":"if","locations":[{"start":{"line":23,"column":4},"end":{"line":27,"column":null}},{"start":{"line":23,"column":4},"end":{"line":27,"column":null}}]},"2":{"loc":{"start":{"line":44,"column":4},"end":{"line":49,"column":null}},"type":"if","locations":[{"start":{"line":44,"column":4},"end":{"line":49,"column":null}},{"start":{"line":44,"column":4},"end":{"line":49,"column":null}}]},"3":{"loc":{"start":{"line":71,"column":4},"end":{"line":85,"column":null}},"type":"if","locations":[{"start":{"line":71,"column":4},"end":{"line":85,"column":null}},{"start":{"line":71,"column":4},"end":{"line":85,"column":null}}]},"4":{"loc":{"start":{"line":96,"column":2},"end":{"line":96,"column":59}},"type":"if","locations":[{"start":{"line":96,"column":2},"end":{"line":96,"column":59}},{"start":{"line":96,"column":2},"end":{"line":96,"column":59}}]},"5":{"loc":{"start":{"line":108,"column":4},"end":{"line":111,"column":null}},"type":"if","locations":[{"start":{"line":108,"column":4},"end":{"line":111,"column":null}},{"start":{"line":108,"column":4},"end":{"line":111,"column":null}}]},"6":{"loc":{"start":{"line":146,"column":6},"end":{"line":149,"column":null}},"type":"if","locations":[{"start":{"line":146,"column":6},"end":{"line":149,"column":null}},{"start":{"line":146,"column":6},"end":{"line":149,"column":null}}]},"7":{"loc":{"start":{"line":155,"column":6},"end":{"line":166,"column":null}},"type":"if","locations":[{"start":{"line":155,"column":6},"end":{"line":166,"column":null}},{"start":{"line":155,"column":6},"end":{"line":166,"column":null}}]},"8":{"loc":{"start":{"line":157,"column":8},"end":{"line":165,"column":null}},"type":"if","locations":[{"start":{"line":157,"column":8},"end":{"line":165,"column":null}},{"start":{"line":157,"column":8},"end":{"line":165,"column":null}}]},"9":{"loc":{"start":{"line":170,"column":2},"end":{"line":172,"column":null}},"type":"if","locations":[{"start":{"line":170,"column":2},"end":{"line":172,"column":null}},{"start":{"line":170,"column":2},"end":{"line":172,"column":null}}]},"10":{"loc":{"start":{"line":188,"column":2},"end":{"line":190,"column":null}},"type":"if","locations":[{"start":{"line":188,"column":2},"end":{"line":190,"column":null}},{"start":{"line":188,"column":2},"end":{"line":190,"column":null}}]},"11":{"loc":{"start":{"line":191,"column":2},"end":{"line":193,"column":null}},"type":"if","locations":[{"start":{"line":191,"column":2},"end":{"line":193,"column":null}},{"start":{"line":191,"column":2},"end":{"line":193,"column":null}}]},"12":{"loc":{"start":{"line":194,"column":2},"end":{"line":196,"column":null}},"type":"if","locations":[{"start":{"line":194,"column":2},"end":{"line":196,"column":null}},{"start":{"line":194,"column":2},"end":{"line":196,"column":null}}]},"13":{"loc":{"start":{"line":201,"column":4},"end":{"line":212,"column":null}},"type":"if","locations":[{"start":{"line":201,"column":4},"end":{"line":212,"column":null}},{"start":{"line":201,"column":4},"end":{"line":212,"column":null}}]},"14":{"loc":{"start":{"line":205,"column":8},"end":{"line":209,"column":null}},"type":"if","locations":[{"start":{"line":205,"column":8},"end":{"line":209,"column":null}},{"start":{"line":205,"column":8},"end":{"line":209,"column":null}}]},"15":{"loc":{"start":{"line":206,"column":10},"end":{"line":208,"column":null}},"type":"if","locations":[{"start":{"line":206,"column":10},"end":{"line":208,"column":null}},{"start":{"line":206,"column":10},"end":{"line":208,"column":null}}]},"16":{"loc":{"start":{"line":220,"column":2},"end":{"line":227,"column":null}},"type":"if","locations":[{"start":{"line":220,"column":2},"end":{"line":227,"column":null}},{"start":{"line":220,"column":2},"end":{"line":227,"column":null}}]},"17":{"loc":{"start":{"line":221,"column":4},"end":{"line":223,"column":null}},"type":"if","locations":[{"start":{"line":221,"column":4},"end":{"line":223,"column":null}},{"start":{"line":221,"column":4},"end":{"line":223,"column":null}}]},"18":{"loc":{"start":{"line":221,"column":8},"end":{"line":221,"column":32}},"type":"binary-expr","locations":[{"start":{"line":221,"column":8},"end":{"line":221,"column":32}},{"start":{"line":221,"column":37},"end":{"line":221,"column":74}}]},"19":{"loc":{"start":{"line":225,"column":9},"end":{"line":227,"column":null}},"type":"if","locations":[{"start":{"line":225,"column":9},"end":{"line":227,"column":null}},{"start":{"line":225,"column":9},"end":{"line":227,"column":null}}]},"20":{"loc":{"start":{"line":239,"column":2},"end":{"line":241,"column":4}},"type":"if","locations":[{"start":{"line":239,"column":2},"end":{"line":241,"column":4}},{"start":{"line":239,"column":2},"end":{"line":241,"column":4}}]},"21":{"loc":{"start":{"line":241,"column":4},"end":{"line":245,"column":null}},"type":"if","locations":[{"start":{"line":241,"column":4},"end":{"line":245,"column":null}},{"start":{"line":241,"column":4},"end":{"line":245,"column":null}}]},"22":{"loc":{"start":{"line":242,"column":4},"end":{"line":244,"column":null}},"type":"if","locations":[{"start":{"line":242,"column":4},"end":{"line":244,"column":null}},{"start":{"line":242,"column":4},"end":{"line":244,"column":null}}]},"23":{"loc":{"start":{"line":259,"column":2},"end":{"line":261,"column":null}},"type":"if","locations":[{"start":{"line":259,"column":2},"end":{"line":261,"column":null}},{"start":{"line":259,"column":2},"end":{"line":261,"column":null}}]},"24":{"loc":{"start":{"line":268,"column":2},"end":{"line":271,"column":null}},"type":"if","locations":[{"start":{"line":268,"column":2},"end":{"line":271,"column":null}},{"start":{"line":268,"column":2},"end":{"line":271,"column":null}}]},"25":{"loc":{"start":{"line":273,"column":2},"end":{"line":275,"column":null}},"type":"if","locations":[{"start":{"line":273,"column":2},"end":{"line":275,"column":null}},{"start":{"line":273,"column":2},"end":{"line":275,"column":null}}]}},"s":{"0":1,"1":1,"2":1,"3":10,"4":10,"5":229,"6":0,"7":229,"8":10,"9":1,"10":229,"11":229,"12":229,"13":229,"14":15,"15":15,"16":15,"17":229,"18":1,"19":0,"20":0,"21":0,"22":0,"23":0,"24":0,"25":0,"26":0,"27":0,"28":0,"29":0,"30":0,"31":0,"32":0,"33":0,"34":0,"35":0,"36":1,"37":229,"38":229,"39":229,"40":0,"41":0,"42":0,"43":0,"44":0,"45":0,"46":0,"47":0,"48":0,"49":1,"50":229,"51":229,"52":229,"53":743,"54":743,"55":229,"56":1,"57":743,"58":743,"59":743,"60":743,"61":255,"62":255,"63":1192,"64":1192,"65":1055,"66":1055,"67":1192,"68":1192,"69":41,"70":26,"71":26,"72":26,"73":15,"74":743,"75":514,"76":229,"77":1,"78":1192,"79":1192,"80":1008,"81":184,"82":80,"83":104,"84":63,"85":41,"86":95,"87":41,"88":54,"89":103,"90":0,"91":0,"92":54,"93":41,"94":1,"95":1480,"96":127,"97":0,"98":127,"99":1353,"100":1151,"101":329,"102":1,"103":123,"104":0,"105":123,"106":109,"107":83,"108":40,"109":1,"110":41,"111":0,"112":41,"113":41,"114":41,"115":41,"116":41,"117":41,"118":41,"119":41,"120":41,"121":41,"122":1},"f":{"0":10,"1":229,"2":0,"3":229,"4":229,"5":743,"6":1192,"7":1480,"8":123,"9":41},"b":{"0":[10],"1":[0,229],"2":[15,0],"3":[0,0],"4":[229,0],"5":[0,0],"6":[1055,137],"7":[41,1151],"8":[26,15],"9":[514,229],"10":[1008,184],"11":[80,104],"12":[63,41],"13":[41,54],"14":[0,103],"15":[0,0],"16":[127,1353],"17":[0,127],"18":[127,0],"19":[1151,202],"20":[0,123],"21":[109,14],"22":[83,26],"23":[0,41],"24":[41,0],"25":[41,0]}}
}
