TN:
SF:dist/lib/Errors.js
FN:7,IllegalFact
FN:11,OrphanImplicitFact
FN:15,StorageNotInitialized
FN:19,FileIO
FN:23,DBParsing
FN:27,CountNotImplemented
FNF:6
FNH:0
FNDA:0,IllegalFact
FNDA:0,OrphanImplicitFact
FNDA:0,StorageNotInitialized
FNDA:0,FileIO
FNDA:0,DBParsing
FNDA:0,CountNotImplemented
DA:5,1
DA:6,1
DA:8,0
DA:10,1
DA:12,0
DA:14,1
DA:16,0
DA:18,1
DA:20,0
DA:22,1
DA:24,0
DA:26,1
DA:28,0
DA:30,1
LF:14
LH:8
BRF:0
BRH:0
end_of_record
TN:
SF:dist/lib/ParsingInterface.js
FN:6,(anonymous_0)
FN:25,tripleToFact
FN:29,triplesToFacts
FN:30,(anonymous_3)
FN:33,factsToQuads
FNF:5
FNH:5
FNDA:1,(anonymous_0)
FNDA:4,tripleToFact
FNDA:2,triplesToFacts
FNDA:4,(anonymous_3)
FNDA:1,factsToQuads
DA:6,1
DA:7,1
DA:9,1
DA:10,1
DA:11,1
DA:12,1
DA:26,4
DA:28,1
DA:30,4
DA:32,1
DA:34,1
DA:35,1
DA:36,1
DA:37,3
DA:38,0
DA:39,0
DA:40,0
DA:43,0
DA:47,3
DA:48,1
DA:51,2
DA:54,1
DA:56,1
LF:23
LH:19
BRDA:6,0,0,1
BRDA:6,0,1,1
BRDA:6,0,2,1
BRDA:7,1,0,1
BRDA:7,1,1,0
BRDA:7,2,0,1
BRDA:7,2,1,1
BRDA:25,3,0,0
BRDA:26,4,0,0
BRDA:26,4,1,4
BRDA:29,5,0,2
BRDA:37,6,0,0
BRDA:37,6,1,3
BRDA:39,7,0,0
BRDA:39,7,1,0
BRDA:47,8,0,1
BRDA:47,8,1,2
BRF:17
BRH:11
end_of_record
TN:
SF:dist/lib/Prefixes.js
FN:5,(anonymous_0)
FN:15,(anonymous_1)
FN:24,(anonymous_2)
FN:27,(anonymous_3)
FN:30,(anonymous_4)
FN:33,(anonymous_5)
FN:36,(anonymous_6)
FN:44,(anonymous_7)
FN:47,(anonymous_8)
FNF:9
FNH:4
FNDA:1,(anonymous_0)
FNDA:1,(anonymous_1)
FNDA:0,(anonymous_2)
FNDA:0,(anonymous_3)
FNDA:44,(anonymous_4)
FNDA:0,(anonymous_5)
FNDA:0,(anonymous_6)
FNDA:44,(anonymous_7)
FNDA:0,(anonymous_8)
DA:5,1
DA:6,1
DA:8,1
DA:13,1
DA:16,1
DA:17,1
DA:25,0
DA:28,0
DA:31,44
DA:34,0
DA:37,0
DA:38,0
DA:39,0
DA:42,0
DA:45,44
DA:48,0
DA:49,0
DA:50,0
DA:51,0
DA:56,1
LF:20
LH:9
BRDA:5,0,0,1
BRDA:5,0,1,1
BRDA:5,0,2,1
BRDA:6,1,0,1
BRDA:6,1,1,0
BRDA:6,2,0,1
BRDA:6,2,1,1
BRDA:31,3,0,38
BRDA:31,3,1,6
BRDA:38,4,0,0
BRDA:38,4,1,0
BRDA:50,5,0,0
BRDA:50,5,1,0
BRF:13
BRH:8
end_of_record
TN:
SF:dist/lib/ReasoningEngine.js
FN:7,(anonymous_0)
FN:9,(anonymous_1)
FN:10,(anonymous_2)
FN:14,(anonymous_3)
FN:16,(anonymous_4)
FN:19,(anonymous_5)
FN:26,(anonymous_6)
FN:27,adopt
FN:27,(anonymous_8)
FN:28,(anonymous_9)
FN:29,fulfilled
FN:30,rejected
FN:31,step
FN:52,naive
FN:53,(anonymous_14)
FN:90,incremental
FN:91,(anonymous_16)
FN:92,(anonymous_17)
FN:105,startAlgorithm
FN:108,overDeletionEvaluationLoop
FN:112,(anonymous_20)
FN:124,rederivationEvaluationLoop
FN:128,(anonymous_22)
FN:138,insertionEvaluationLoop
FN:143,(anonymous_24)
FN:170,tagFilter
FN:171,(anonymous_26)
FN:184,tagging
FN:191,(anonymous_28)
FN:192,startAlgorithm
FN:203,evaluationLoop
FN:207,(anonymous_31)
FNF:32
FNH:14
FNDA:0,(anonymous_0)
FNDA:0,(anonymous_1)
FNDA:0,(anonymous_2)
FNDA:0,(anonymous_3)
FNDA:0,(anonymous_4)
FNDA:3,(anonymous_5)
FNDA:2,(anonymous_6)
FNDA:0,adopt
FNDA:0,(anonymous_8)
FNDA:2,(anonymous_9)
FNDA:0,fulfilled
FNDA:0,rejected
FNDA:2,step
FNDA:0,naive
FNDA:0,(anonymous_14)
FNDA:2,incremental
FNDA:2,(anonymous_16)
FNDA:2,(anonymous_17)
FNDA:2,startAlgorithm
FNDA:2,overDeletionEvaluationLoop
FNDA:2,(anonymous_20)
FNDA:2,rederivationEvaluationLoop
FNDA:2,(anonymous_22)
FNDA:5,insertionEvaluationLoop
FNDA:5,(anonymous_24)
FNDA:0,tagFilter
FNDA:0,(anonymous_26)
FNDA:0,tagging
FNDA:0,(anonymous_28)
FNDA:0,startAlgorithm
FNDA:0,evaluationLoop
FNDA:0,(anonymous_31)
DA:7,1
DA:8,0
DA:9,0
DA:11,0
DA:12,0
DA:14,1
DA:15,0
DA:17,0
DA:19,1
DA:20,3
DA:21,0
DA:22,0
DA:23,0
DA:24,0
DA:26,1
DA:27,0
DA:28,2
DA:29,0
DA:30,0
DA:31,2
DA:32,2
DA:35,1
DA:36,1
DA:37,1
DA:38,1
DA:39,1
DA:53,0
DA:54,0
DA:55,0
DA:58,0
DA:59,0
DA:62,0
DA:63,0
DA:66,0
DA:67,0
DA:69,0
DA:71,0
DA:72,0
DA:73,0
DA:74,0
DA:81,1
DA:91,2
DA:92,2
DA:93,2
DA:94,2
DA:95,2
DA:96,2
DA:97,2
DA:98,2
DA:99,2
DA:100,2
DA:103,2
DA:104,2
DA:106,2
DA:109,2
DA:110,2
DA:111,2
DA:113,2
DA:114,2
DA:115,0
DA:118,2
DA:119,2
DA:120,2
DA:125,2
DA:126,2
DA:127,2
DA:129,2
DA:130,2
DA:131,0
DA:134,2
DA:139,5
DA:140,5
DA:141,5
DA:142,5
DA:144,5
DA:145,5
DA:146,3
DA:149,2
DA:150,2
DA:152,2
DA:159,2
DA:163,1
DA:171,0
DA:173,1
DA:188,0
DA:189,0
DA:190,0
DA:191,0
DA:193,0
DA:194,0
DA:197,0
DA:204,0
DA:205,0
DA:206,0
DA:208,0
DA:209,0
DA:210,0
DA:213,0
DA:221,0
DA:222,0
DA:223,0
DA:224,0
DA:225,0
DA:228,1
LF:104
LH:55
BRDA:7,0,0,1
BRDA:7,0,1,1
BRDA:7,0,2,1
BRDA:7,1,0,1
BRDA:7,1,1,0
BRDA:8,2,0,0
BRDA:8,2,1,0
BRDA:11,3,0,0
BRDA:11,3,1,0
BRDA:14,4,0,1
BRDA:14,4,1,1
BRDA:14,4,2,1
BRDA:14,5,0,1
BRDA:14,5,1,0
BRDA:19,6,0,1
BRDA:19,6,1,1
BRDA:19,6,2,1
BRDA:20,7,0,3
BRDA:20,7,1,0
BRDA:20,8,0,3
BRDA:20,8,1,3
BRDA:22,9,0,0
BRDA:22,9,1,0
BRDA:22,10,0,0
BRDA:22,10,1,0
BRDA:22,11,0,0
BRDA:22,11,1,0
BRDA:26,12,0,1
BRDA:26,12,1,1
BRDA:26,12,2,1
BRDA:27,13,0,0
BRDA:27,13,1,0
BRDA:28,14,0,2
BRDA:28,14,1,2
BRDA:31,15,0,2
BRDA:31,15,1,0
BRDA:32,16,0,2
BRDA:32,16,1,2
BRDA:58,17,0,0
BRDA:58,17,1,0
BRDA:58,18,0,0
BRDA:58,18,1,0
BRDA:58,19,0,0
BRDA:58,19,1,0
BRDA:62,20,0,0
BRDA:62,20,1,0
BRDA:62,21,0,0
BRDA:62,21,1,0
BRDA:62,22,0,0
BRDA:62,22,1,0
BRDA:114,23,0,0
BRDA:114,23,1,2
BRDA:130,24,0,0
BRDA:130,24,1,2
BRDA:145,25,0,3
BRDA:145,25,1,2
BRDA:193,26,0,0
BRDA:193,26,1,0
BRDA:209,27,0,0
BRDA:209,27,1,0
BRF:60
BRH:26
end_of_record
TN:
SF:dist/lib/RegularExpressions.js
FNF:0
FNH:0
DA:5,1
DA:6,1
LF:2
LH:2
BRF:0
BRH:0
end_of_record
TN:
SF:dist/lib/Rules.js
FN:5,(anonymous_0)
FN:7,(anonymous_1)
FN:8,(anonymous_2)
FN:12,(anonymous_3)
FN:14,(anonymous_4)
FN:17,(anonymous_5)
FN:24,(anonymous_6)
FNF:7
FNH:2
FNDA:0,(anonymous_0)
FNDA:0,(anonymous_1)
FNDA:0,(anonymous_2)
FNDA:0,(anonymous_3)
FNDA:0,(anonymous_4)
FNDA:1,(anonymous_5)
FNDA:1,(anonymous_6)
DA:5,1
DA:6,0
DA:7,0
DA:9,0
DA:10,0
DA:12,1
DA:13,0
DA:15,0
DA:17,1
DA:18,1
DA:19,0
DA:20,0
DA:21,0
DA:22,0
DA:24,1
DA:25,1
DA:27,1
DA:28,1
DA:33,1
DA:34,1
DA:35,1
DA:51,1
LF:22
LH:12
BRDA:5,0,0,1
BRDA:5,0,1,1
BRDA:5,0,2,1
BRDA:5,1,0,1
BRDA:5,1,1,0
BRDA:6,2,0,0
BRDA:6,2,1,0
BRDA:9,3,0,0
BRDA:9,3,1,0
BRDA:12,4,0,1
BRDA:12,4,1,1
BRDA:12,4,2,1
BRDA:12,5,0,1
BRDA:12,5,1,0
BRDA:17,6,0,1
BRDA:17,6,1,1
BRDA:17,6,2,1
BRDA:18,7,0,1
BRDA:18,7,1,0
BRDA:18,8,0,1
BRDA:18,8,1,1
BRDA:20,9,0,0
BRDA:20,9,1,0
BRDA:20,10,0,0
BRDA:20,10,1,0
BRDA:20,11,0,0
BRDA:20,11,1,0
BRDA:24,12,0,1
BRDA:24,12,1,1
BRDA:24,12,2,1
BRDA:25,13,0,1
BRDA:25,13,1,0
BRDA:25,14,0,1
BRDA:25,14,1,1
BRF:34
BRH:20
end_of_record
TN:
SF:dist/lib/Utils.js
FN:6,(anonymous_0)
FN:8,(anonymous_1)
FN:9,(anonymous_2)
FN:13,(anonymous_3)
FN:15,(anonymous_4)
FN:18,(anonymous_5)
FN:25,(anonymous_6)
FN:39,uniques
FN:53,insertUnique
FN:57,containsSubset
FN:66,isVariable
FN:83,isOperator
FN:92,removeBeforeSharp
FN:99,equivalentSets
FN:114,notInSet
FN:118,getValueFromDatatype
FN:127,emptyPromise
FN:128,(anonymous_17)
FN:131,tripleContainsVariable
FN:140,asCHRAtom
FNF:20
FNH:6
FNDA:0,(anonymous_0)
FNDA:0,(anonymous_1)
FNDA:0,(anonymous_2)
FNDA:0,(anonymous_3)
FNDA:0,(anonymous_4)
FNDA:1,(anonymous_5)
FNDA:1,(anonymous_6)
FNDA:336,uniques
FNDA:0,insertUnique
FNDA:5,containsSubset
FNDA:903,isVariable
FNDA:301,isOperator
FNDA:0,removeBeforeSharp
FNDA:0,equivalentSets
FNDA:0,notInSet
FNDA:0,getValueFromDatatype
FNDA:0,emptyPromise
FNDA:0,(anonymous_17)
FNDA:0,tripleContainsVariable
FNDA:0,asCHRAtom
DA:6,1
DA:7,0
DA:8,0
DA:10,0
DA:11,0
DA:13,1
DA:14,0
DA:16,0
DA:18,1
DA:19,1
DA:20,0
DA:21,0
DA:22,0
DA:23,0
DA:25,1
DA:26,1
DA:28,1
DA:29,1
DA:30,1
DA:31,1
DA:40,336
DA:41,336
DA:42,336
DA:43,336
DA:44,832
DA:45,810
DA:47,336
DA:48,756
DA:50,336
DA:52,1
DA:54,0
DA:56,1
DA:58,5
DA:60,1
DA:67,903
DA:68,22
DA:70,881
DA:71,881
DA:74,0
DA:77,1
DA:84,301
DA:85,301
DA:88,0
DA:91,1
DA:93,0
DA:94,0
DA:95,0
DA:96,0
DA:98,1
DA:100,0
DA:101,0
DA:103,0
DA:104,0
DA:106,0
DA:107,0
DA:108,0
DA:111,0
DA:113,1
DA:115,0
DA:117,1
DA:119,0
DA:120,0
DA:121,0
DA:122,0
DA:124,0
DA:126,1
DA:128,0
DA:130,1
DA:132,0
DA:135,0
DA:137,0
DA:139,1
DA:141,0
DA:142,0
DA:143,0
DA:144,0
DA:147,0
DA:149,0
DA:151,0
DA:153,0
DA:155,1
LF:81
LH:38
BRDA:6,0,0,1
BRDA:6,0,1,1
BRDA:6,0,2,1
BRDA:6,1,0,1
BRDA:6,1,1,0
BRDA:7,2,0,0
BRDA:7,2,1,0
BRDA:10,3,0,0
BRDA:10,3,1,0
BRDA:13,4,0,1
BRDA:13,4,1,1
BRDA:13,4,2,1
BRDA:13,5,0,1
BRDA:13,5,1,0
BRDA:18,6,0,1
BRDA:18,6,1,1
BRDA:18,6,2,1
BRDA:19,7,0,1
BRDA:19,7,1,0
BRDA:19,8,0,1
BRDA:19,8,1,1
BRDA:21,9,0,0
BRDA:21,9,1,0
BRDA:21,10,0,0
BRDA:21,10,1,0
BRDA:21,11,0,0
BRDA:21,11,1,0
BRDA:25,12,0,1
BRDA:25,12,1,1
BRDA:25,12,2,1
BRDA:26,13,0,1
BRDA:26,13,1,0
BRDA:26,14,0,1
BRDA:26,14,1,1
BRDA:44,15,0,810
BRDA:44,15,1,22
BRDA:67,16,0,22
BRDA:67,16,1,881
BRDA:85,17,0,301
BRDA:85,17,1,301
BRDA:85,17,2,301
BRDA:85,17,3,301
BRDA:85,17,4,301
BRDA:93,18,0,0
BRDA:93,18,1,0
BRDA:93,19,0,0
BRDA:93,19,1,0
BRDA:100,20,0,0
BRDA:100,20,1,0
BRDA:103,21,0,0
BRDA:103,21,1,0
BRDA:107,22,0,0
BRDA:107,22,1,0
BRDA:121,23,0,0
BRDA:121,23,1,0
BRDA:132,24,0,0
BRDA:132,24,1,0
BRDA:132,25,0,0
BRDA:132,25,1,0
BRDA:132,25,2,0
BRDA:141,26,0,0
BRDA:141,26,1,0
BRDA:142,27,0,0
BRDA:142,27,1,0
BRDA:143,28,0,0
BRDA:143,28,1,0
BRF:66
BRH:29
end_of_record
TN:
SF:dist/lib/Logics/Fact.js
FN:5,(anonymous_0)
FN:7,(anonymous_1)
FN:8,(anonymous_2)
FN:12,(anonymous_3)
FN:14,(anonymous_4)
FN:17,(anonymous_5)
FN:36,(anonymous_6)
FN:72,(anonymous_7)
FN:82,(anonymous_8)
FN:85,(anonymous_9)
FN:98,(anonymous_10)
FN:108,(anonymous_11)
FN:111,(anonymous_12)
FN:114,(anonymous_13)
FN:117,(anonymous_14)
FN:132,(anonymous_15)
FN:138,(anonymous_16)
FN:148,(anonymous_17)
FN:166,(anonymous_18)
FN:186,(anonymous_19)
FN:203,(anonymous_20)
FNF:21
FNH:4
FNDA:0,(anonymous_0)
FNDA:0,(anonymous_1)
FNDA:0,(anonymous_2)
FNDA:0,(anonymous_3)
FNDA:0,(anonymous_4)
FNDA:2,(anonymous_5)
FNDA:301,(anonymous_6)
FNDA:301,(anonymous_7)
FNDA:183,(anonymous_8)
FNDA:0,(anonymous_9)
FNDA:0,(anonymous_10)
FNDA:0,(anonymous_11)
FNDA:0,(anonymous_12)
FNDA:0,(anonymous_13)
FNDA:0,(anonymous_14)
FNDA:0,(anonymous_15)
FNDA:0,(anonymous_16)
FNDA:0,(anonymous_17)
FNDA:0,(anonymous_18)
FNDA:0,(anonymous_19)
FNDA:0,(anonymous_20)
DA:5,1
DA:6,0
DA:7,0
DA:9,0
DA:10,0
DA:12,1
DA:13,0
DA:15,0
DA:17,1
DA:18,2
DA:19,0
DA:20,0
DA:21,0
DA:22,0
DA:24,1
DA:25,1
DA:26,1
DA:37,301
DA:38,11
DA:40,301
DA:41,301
DA:42,301
DA:43,301
DA:44,301
DA:45,301
DA:46,301
DA:47,301
DA:48,301
DA:49,301
DA:50,260
DA:52,301
DA:53,301
DA:54,57
DA:56,301
DA:57,249
DA:59,301
DA:60,73
DA:62,301
DA:63,301
DA:64,0
DA:66,301
DA:74,301
DA:75,11
DA:78,290
DA:80,301
DA:83,183
DA:87,0
DA:88,0
DA:90,0
DA:91,0
DA:94,0
DA:96,0
DA:100,0
DA:101,0
DA:104,0
DA:106,0
DA:109,0
DA:112,0
DA:115,0
DA:119,0
DA:120,0
DA:123,0
DA:125,0
DA:133,0
DA:139,0
DA:149,0
DA:150,0
DA:151,0
DA:152,0
DA:155,0
DA:167,0
DA:168,0
DA:170,0
DA:171,0
DA:174,0
DA:176,0
DA:177,0
DA:178,0
DA:179,0
DA:180,0
DA:182,0
DA:184,0
DA:187,0
DA:188,0
DA:189,0
DA:190,0
DA:193,0
DA:194,0
DA:195,0
DA:196,0
DA:201,0
DA:204,0
DA:205,0
DA:206,0
DA:207,0
DA:213,1
LF:96
LH:36
BRDA:5,0,0,1
BRDA:5,0,1,1
BRDA:5,0,2,1
BRDA:5,1,0,1
BRDA:5,1,1,0
BRDA:6,2,0,0
BRDA:6,2,1,0
BRDA:9,3,0,0
BRDA:9,3,1,0
BRDA:12,4,0,1
BRDA:12,4,1,1
BRDA:12,4,2,1
BRDA:12,5,0,1
BRDA:12,5,1,0
BRDA:17,6,0,1
BRDA:17,6,1,1
BRDA:17,6,2,1
BRDA:18,7,0,2
BRDA:18,7,1,0
BRDA:18,8,0,2
BRDA:18,8,1,2
BRDA:20,9,0,0
BRDA:20,9,1,0
BRDA:20,10,0,0
BRDA:20,10,1,0
BRDA:20,11,0,0
BRDA:20,11,1,0
BRDA:36,12,0,250
BRDA:36,13,0,250
BRDA:36,14,0,297
BRDA:36,15,0,301
BRDA:37,16,0,11
BRDA:37,16,1,290
BRDA:49,17,0,260
BRDA:49,17,1,41
BRDA:49,18,0,301
BRDA:49,18,1,301
BRDA:53,19,0,57
BRDA:53,19,1,244
BRDA:56,20,0,249
BRDA:56,20,1,52
BRDA:59,21,0,73
BRDA:59,21,1,228
BRDA:63,22,0,0
BRDA:63,22,1,301
BRDA:74,23,0,11
BRDA:74,23,1,290
BRDA:80,24,0,260
BRDA:80,24,1,41
BRDA:87,25,0,0
BRDA:87,25,1,0
BRDA:90,26,0,0
BRDA:90,26,1,0
BRDA:100,27,0,0
BRDA:100,27,1,0
BRDA:119,28,0,0
BRDA:119,28,1,0
BRDA:125,29,0,0
BRDA:125,29,1,0
BRDA:133,30,0,0
BRDA:133,30,1,0
BRDA:133,30,2,0
BRDA:133,30,3,0
BRDA:139,31,0,0
BRDA:139,31,1,0
BRDA:139,31,2,0
BRDA:151,32,0,0
BRDA:151,32,1,0
BRDA:167,33,0,0
BRDA:167,33,1,0
BRDA:170,34,0,0
BRDA:170,34,1,0
BRDA:170,35,0,0
BRDA:170,35,1,0
BRDA:180,36,0,0
BRDA:180,36,1,0
BRDA:189,37,0,0
BRDA:189,37,1,0
BRDA:194,38,0,0
BRDA:194,38,1,0
BRDA:204,39,0,0
BRDA:204,39,1,0
BRDA:206,40,0,0
BRDA:206,40,1,0
BRF:84
BRH:35
end_of_record
TN:
SF:dist/lib/Logics/Logics.js
FN:7,(anonymous_0)
FN:9,(anonymous_1)
FN:10,(anonymous_2)
FN:14,(anonymous_3)
FN:16,(anonymous_4)
FN:19,(anonymous_5)
FN:26,(anonymous_6)
FN:48,combine
FN:70,getOnlyImplicitFacts
FN:86,getOnlyExplicitFacts
FN:105,restrictRuleSet
FN:132,causeMatchesFact
FN:145,causeMemberMatchesFactMember
FN:154,similarAtoms
FN:164,containsFacts
FN:183,minus
FN:206,isVariable
FN:215,updateValidTags
FN:218,(anonymous_18)
FN:247,addAlternativeDerivationAsCausedByFromExplicit
FN:257,buildCauses
FN:277,addConsequences
FN:288,combineImplicitCauses
FN:296,disjunctCauses
FN:311,unifyFactSet
FN:330,unify
FN:337,uniquesCausedBy
FN:368,parseRules
FN:382,parseRule
FN:390,_createFactSetFromTriples
FN:411,isBNode
FN:415,skolemize
FNF:32
FNH:13
FNDA:0,(anonymous_0)
FNDA:0,(anonymous_1)
FNDA:0,(anonymous_2)
FNDA:0,(anonymous_3)
FNDA:0,(anonymous_4)
FNDA:2,(anonymous_5)
FNDA:5,(anonymous_6)
FNDA:0,combine
FNDA:2,getOnlyImplicitFacts
FNDA:2,getOnlyExplicitFacts
FNDA:9,restrictRuleSet
FNDA:2985,causeMatchesFact
FNDA:3553,causeMemberMatchesFactMember
FNDA:0,similarAtoms
FNDA:0,containsFacts
FNDA:4,minus
FNDA:123,isVariable
FNDA:0,updateValidTags
FNDA:0,(anonymous_18)
FNDA:0,addAlternativeDerivationAsCausedByFromExplicit
FNDA:0,buildCauses
FNDA:0,addConsequences
FNDA:0,combineImplicitCauses
FNDA:0,disjunctCauses
FNDA:0,unifyFactSet
FNDA:0,unify
FNDA:0,uniquesCausedBy
FNDA:2,parseRules
FNDA:66,parseRule
FNDA:132,_createFactSetFromTriples
FNDA:123,isBNode
FNDA:0,skolemize
DA:7,1
DA:8,0
DA:9,0
DA:11,0
DA:12,0
DA:14,1
DA:15,0
DA:17,0
DA:19,1
DA:20,2
DA:21,0
DA:22,0
DA:23,0
DA:24,0
DA:26,1
DA:27,5
DA:29,1
DA:30,1
DA:31,1
DA:32,1
DA:33,1
DA:34,1
DA:35,1
DA:36,1
DA:37,1
DA:49,0
DA:50,0
DA:51,0
DA:52,0
DA:53,0
DA:54,0
DA:55,0
DA:59,0
DA:60,0
DA:61,0
DA:64,1
DA:71,2
DA:72,2
DA:73,3
DA:74,3
DA:75,0
DA:78,2
DA:80,1
DA:87,2
DA:88,2
DA:89,3
DA:90,3
DA:91,3
DA:94,2
DA:96,1
DA:106,9
DA:107,9
DA:108,468
DA:109,468
DA:110,1294
DA:111,2985
DA:112,177
DA:113,177
DA:116,1294
DA:117,177
DA:118,177
DA:122,9
DA:124,1
DA:133,2985
DA:137,1
DA:146,3553
DA:148,1
DA:155,0
DA:158,1
DA:165,0
DA:166,0
DA:167,0
DA:168,0
DA:169,0
DA:170,0
DA:173,0
DA:175,1
DA:185,4
DA:186,4
DA:187,3
DA:188,3
DA:189,0
DA:190,0
DA:191,0
DA:194,3
DA:195,3
DA:198,4
DA:200,1
DA:207,123
DA:208,123
DA:211,0
DA:214,1
DA:216,0
DA:217,0
DA:218,0
DA:220,0
DA:221,0
DA:222,0
DA:223,0
DA:224,0
DA:227,0
DA:228,0
DA:232,0
DA:235,0
DA:236,0
DA:237,0
DA:238,0
DA:241,0
DA:246,1
DA:248,0
DA:249,0
DA:250,0
DA:251,0
DA:252,0
DA:256,1
DA:258,0
DA:259,0
DA:261,0
DA:262,0
DA:263,0
DA:264,0
DA:265,0
DA:266,0
DA:267,0
DA:270,0
DA:272,0
DA:274,0
DA:276,1
DA:278,0
DA:279,0
DA:280,0
DA:281,0
DA:282,0
DA:287,1
DA:289,0
DA:290,0
DA:291,0
DA:293,0
DA:295,1
DA:298,0
DA:299,0
DA:300,0
DA:302,0
DA:303,0
DA:304,0
DA:305,0
DA:308,0
DA:310,1
DA:312,0
DA:314,0
DA:315,0
DA:317,0
DA:318,0
DA:319,0
DA:320,0
DA:323,0
DA:327,0
DA:329,1
DA:331,0
DA:332,0
DA:333,0
DA:334,0
DA:336,1
DA:340,0
DA:342,0
DA:343,0
DA:344,0
DA:347,0
DA:348,0
DA:350,0
DA:351,0
DA:352,0
DA:353,0
DA:354,0
DA:355,0
DA:356,0
DA:358,0
DA:361,0
DA:362,0
DA:365,0
DA:367,1
DA:369,2
DA:370,2
DA:371,66
DA:372,66
DA:373,66
DA:376,0
DA:379,2
DA:381,1
DA:383,66
DA:384,66
DA:385,66
DA:386,66
DA:387,66
DA:389,1
DA:391,132
DA:392,132
DA:394,11
DA:397,121
DA:398,239
DA:399,239
DA:400,717
DA:401,44
DA:403,717
DA:405,239
DA:408,132
DA:410,1
DA:412,123
DA:414,1
DA:416,0
DA:417,0
DA:418,0
DA:420,0
DA:422,1
LF:214
LH:96
BRDA:7,0,0,1
BRDA:7,0,1,1
BRDA:7,0,2,1
BRDA:7,1,0,1
BRDA:7,1,1,0
BRDA:8,2,0,0
BRDA:8,2,1,0
BRDA:11,3,0,0
BRDA:11,3,1,0
BRDA:14,4,0,1
BRDA:14,4,1,1
BRDA:14,4,2,1
BRDA:14,5,0,1
BRDA:14,5,1,0
BRDA:19,6,0,1
BRDA:19,6,1,1
BRDA:19,6,2,1
BRDA:20,7,0,2
BRDA:20,7,1,0
BRDA:20,8,0,2
BRDA:20,8,1,2
BRDA:22,9,0,0
BRDA:22,9,1,0
BRDA:22,10,0,0
BRDA:22,10,1,0
BRDA:22,11,0,0
BRDA:22,11,1,0
BRDA:26,12,0,1
BRDA:26,12,1,1
BRDA:26,12,2,1
BRDA:27,13,0,4
BRDA:27,13,1,1
BRDA:27,14,0,5
BRDA:27,14,1,5
BRDA:51,15,0,0
BRDA:51,15,1,0
BRDA:51,16,0,0
BRDA:51,16,1,0
BRDA:60,17,0,0
BRDA:60,17,1,0
BRDA:74,18,0,0
BRDA:74,18,1,3
BRDA:90,19,0,3
BRDA:90,19,1,0
BRDA:111,20,0,177
BRDA:111,20,1,2808
BRDA:116,21,0,177
BRDA:116,21,1,1117
BRDA:133,22,0,2985
BRDA:133,22,1,284
BRDA:133,22,2,284
BRDA:146,23,0,3553
BRDA:146,23,1,3358
BRDA:155,24,0,0
BRDA:155,24,1,0
BRDA:155,24,2,0
BRDA:165,25,0,0
BRDA:165,25,1,0
BRDA:165,26,0,0
BRDA:165,26,1,0
BRDA:169,27,0,0
BRDA:169,27,1,0
BRDA:189,28,0,0
BRDA:189,28,1,0
BRDA:194,29,0,3
BRDA:194,29,1,0
BRDA:222,30,0,0
BRDA:222,30,1,0
BRDA:223,31,0,0
BRDA:223,31,1,0
BRDA:237,32,0,0
BRDA:237,32,1,0
BRDA:237,33,0,0
BRDA:237,33,1,0
BRDA:262,34,0,0
BRDA:262,34,1,0
BRDA:264,35,0,0
BRDA:264,35,1,0
BRDA:279,36,0,0
BRDA:279,36,1,0
BRDA:299,37,0,0
BRDA:299,37,1,0
BRDA:299,38,0,0
BRDA:299,38,1,0
BRDA:315,39,0,0
BRDA:315,39,1,0
BRDA:317,40,0,0
BRDA:317,40,1,0
BRDA:342,41,0,0
BRDA:342,41,1,0
BRDA:353,42,0,0
BRDA:353,42,1,0
BRDA:355,43,0,0
BRDA:355,43,1,0
BRDA:361,44,0,0
BRDA:361,44,1,0
BRDA:368,45,0,0
BRDA:372,46,0,66
BRDA:372,46,1,0
BRDA:382,47,0,0
BRDA:392,48,0,11
BRDA:392,48,1,121
BRDA:400,49,0,44
BRDA:400,49,1,673
BRDA:412,50,0,123
BRDA:412,50,1,123
BRF:106
BRH:40
end_of_record
TN:
SF:dist/lib/Logics/Rule.js
FN:5,(anonymous_0)
FN:7,(anonymous_1)
FN:8,(anonymous_2)
FN:12,(anonymous_3)
FN:14,(anonymous_4)
FN:17,(anonymous_5)
FN:34,(anonymous_6)
FN:63,(anonymous_7)
FN:73,(anonymous_8)
FN:80,(anonymous_9)
FN:101,(anonymous_10)
FN:107,(anonymous_11)
FN:119,(anonymous_12)
FN:124,(anonymous_13)
FNF:14
FNH:4
FNDA:0,(anonymous_0)
FNDA:0,(anonymous_1)
FNDA:0,(anonymous_2)
FNDA:0,(anonymous_3)
FNDA:0,(anonymous_4)
FNDA:1,(anonymous_5)
FNDA:66,(anonymous_6)
FNDA:0,(anonymous_7)
FNDA:0,(anonymous_8)
FNDA:67,(anonymous_9)
FNDA:137,(anonymous_10)
FNDA:0,(anonymous_11)
FNDA:0,(anonymous_12)
FNDA:0,(anonymous_13)
DA:5,1
DA:6,0
DA:7,0
DA:9,0
DA:10,0
DA:12,1
DA:13,0
DA:15,0
DA:17,1
DA:18,1
DA:19,0
DA:20,0
DA:21,0
DA:22,0
DA:24,1
DA:25,1
DA:35,66
DA:36,66
DA:37,66
DA:38,66
DA:39,66
DA:40,66
DA:41,66
DA:42,66
DA:43,66
DA:44,177
DA:45,177
DA:48,0
DA:51,66
DA:52,177
DA:54,66
DA:55,73
DA:57,66
DA:64,0
DA:65,0
DA:66,0
DA:68,0
DA:69,0
DA:71,0
DA:74,0
DA:81,67
DA:82,67
DA:83,67
DA:84,179
DA:85,179
DA:86,0
DA:88,179
DA:89,136
DA:91,179
DA:92,25
DA:94,179
DA:99,67
DA:101,137
DA:102,67
DA:103,179
DA:105,67
DA:108,0
DA:109,0
DA:110,0
DA:111,0
DA:112,0
DA:113,0
DA:117,0
DA:120,0
DA:121,0
DA:125,0
DA:126,0
DA:127,0
DA:128,0
DA:130,0
DA:131,0
DA:133,0
DA:134,0
DA:135,0
DA:137,0
DA:138,0
DA:141,1
DA:142,1
LF:78
LH:39
BRDA:5,0,0,1
BRDA:5,0,1,1
BRDA:5,0,2,1
BRDA:5,1,0,1
BRDA:5,1,1,0
BRDA:6,2,0,0
BRDA:6,2,1,0
BRDA:9,3,0,0
BRDA:9,3,1,0
BRDA:12,4,0,1
BRDA:12,4,1,1
BRDA:12,4,2,1
BRDA:12,5,0,1
BRDA:12,5,1,0
BRDA:17,6,0,1
BRDA:17,6,1,1
BRDA:17,6,2,1
BRDA:18,7,0,1
BRDA:18,7,1,0
BRDA:18,8,0,1
BRDA:18,8,1,1
BRDA:20,9,0,0
BRDA:20,9,1,0
BRDA:20,10,0,0
BRDA:20,10,1,0
BRDA:20,11,0,0
BRDA:20,11,1,0
BRDA:34,12,0,0
BRDA:44,13,0,177
BRDA:44,13,1,0
BRDA:85,14,0,0
BRDA:85,14,1,179
BRDA:88,15,0,136
BRDA:88,15,1,43
BRDA:91,16,0,25
BRDA:91,16,1,154
BRDA:101,17,0,15
BRDA:101,17,1,122
BRDA:101,18,0,44
BRDA:101,18,1,78
BRDA:112,19,0,0
BRDA:112,19,1,0
BRDA:120,20,0,0
BRDA:120,20,1,0
BRF:44
BRH:24
end_of_record
TN:
SF:dist/lib/Logics/Solver.js
FN:5,(anonymous_0)
FN:7,(anonymous_1)
FN:8,(anonymous_2)
FN:12,(anonymous_3)
FN:14,(anonymous_4)
FN:17,(anonymous_5)
FN:24,(anonymous_6)
FN:25,adopt
FN:25,(anonymous_8)
FN:26,(anonymous_9)
FN:27,fulfilled
FN:28,rejected
FN:29,step
FN:33,(anonymous_13)
FN:52,evaluateRuleSet
FN:53,(anonymous_15)
FN:74,evaluateThroughRestriction
FN:75,(anonymous_17)
FN:98,evaluateThroughRestrictionWithTagging
FN:127,checkOperators
FN:150,getMappings
FN:170,substituteNextCauses
FN:215,factMatches
FN:248,factElemMatches
FN:267,substituteElementVariablesWithMapping
FN:288,substituteFactVariables
FNF:26
FNH:18
FNDA:0,(anonymous_0)
FNDA:0,(anonymous_1)
FNDA:0,(anonymous_2)
FNDA:0,(anonymous_3)
FNDA:0,(anonymous_4)
FNDA:2,(anonymous_5)
FNDA:239,(anonymous_6)
FNDA:10,adopt
FNDA:0,(anonymous_8)
FNDA:239,(anonymous_9)
FNDA:10,fulfilled
FNDA:0,rejected
FNDA:249,step
FNDA:1,(anonymous_13)
FNDA:10,evaluateRuleSet
FNDA:10,(anonymous_15)
FNDA:229,evaluateThroughRestriction
FNDA:229,(anonymous_17)
FNDA:0,evaluateThroughRestrictionWithTagging
FNDA:229,checkOperators
FNDA:229,getMappings
FNDA:743,substituteNextCauses
FNDA:1192,factMatches
FNDA:1480,factElemMatches
FNDA:123,substituteElementVariablesWithMapping
FNDA:41,substituteFactVariables
DA:5,1
DA:6,0
DA:7,0
DA:9,0
DA:10,0
DA:12,1
DA:13,0
DA:15,0
DA:17,1
DA:18,2
DA:19,0
DA:20,0
DA:21,0
DA:22,0
DA:24,1
DA:25,10
DA:26,239
DA:27,10
DA:28,0
DA:29,249
DA:30,239
DA:33,1
DA:34,1
DA:36,1
DA:37,1
DA:38,1
DA:39,1
DA:40,1
DA:53,10
DA:54,10
DA:55,10
DA:56,229
DA:57,0
DA:60,229
DA:63,10
DA:66,1
DA:75,229
DA:76,229
DA:77,229
DA:78,229
DA:79,229
DA:80,15
DA:82,15
DA:83,15
DA:87,229
DA:90,1
DA:99,0
DA:100,0
DA:104,0
DA:105,0
DA:106,0
DA:108,0
DA:109,0
DA:110,0
DA:111,0
DA:112,0
DA:113,0
DA:115,0
DA:116,0
DA:119,0
DA:123,0
DA:125,1
DA:128,229
DA:131,229
DA:132,229
DA:133,0
DA:134,0
DA:136,0
DA:137,0
DA:143,0
DA:144,0
DA:145,0
DA:149,1
DA:151,229
DA:153,229
DA:154,229
DA:155,743
DA:156,743
DA:158,229
DA:160,1
DA:171,743
DA:172,743
DA:173,743
DA:174,255
DA:176,1192
DA:179,1192
DA:180,1055
DA:181,1055
DA:184,1192
DA:186,1192
DA:188,41
DA:190,26
DA:191,26
DA:192,26
DA:196,15
DA:201,743
DA:202,514
DA:204,229
DA:206,1
DA:216,1192
DA:218,1192
DA:219,1008
DA:221,184
DA:222,80
DA:224,104
DA:225,63
DA:229,41
DA:230,95
DA:231,41
DA:234,54
DA:235,103
DA:236,0
DA:237,0
DA:241,54
DA:245,41
DA:247,1
DA:249,1480
DA:250,127
DA:251,0
DA:253,127
DA:255,1353
DA:256,1151
DA:258,329
DA:260,1
DA:268,123
DA:269,0
DA:271,123
DA:272,109
DA:273,83
DA:276,40
DA:278,1
DA:289,41
DA:290,0
DA:292,41
DA:293,41
DA:294,41
DA:296,41
DA:297,41
DA:298,41
DA:299,41
DA:301,41
DA:302,41
DA:304,41
DA:306,1
LF:144
LH:105
BRDA:5,0,0,1
BRDA:5,0,1,1
BRDA:5,0,2,1
BRDA:5,1,0,1
BRDA:5,1,1,0
BRDA:6,2,0,0
BRDA:6,2,1,0
BRDA:9,3,0,0
BRDA:9,3,1,0
BRDA:12,4,0,1
BRDA:12,4,1,1
BRDA:12,4,2,1
BRDA:12,5,0,1
BRDA:12,5,1,0
BRDA:17,6,0,1
BRDA:17,6,1,1
BRDA:17,6,2,1
BRDA:18,7,0,2
BRDA:18,7,1,0
BRDA:18,8,0,2
BRDA:18,8,1,2
BRDA:20,9,0,0
BRDA:20,9,1,0
BRDA:20,10,0,0
BRDA:20,10,1,0
BRDA:20,11,0,0
BRDA:20,11,1,0
BRDA:24,12,0,1
BRDA:24,12,1,1
BRDA:24,12,2,1
BRDA:25,13,0,10
BRDA:25,13,1,0
BRDA:26,14,0,239
BRDA:26,14,1,239
BRDA:29,15,0,239
BRDA:29,15,1,10
BRDA:30,16,0,239
BRDA:30,16,1,239
BRDA:33,17,0,1
BRDA:33,17,1,1
BRDA:33,17,2,1
BRDA:34,18,0,1
BRDA:34,18,1,0
BRDA:34,19,0,1
BRDA:34,19,1,1
BRDA:52,20,0,10
BRDA:56,21,0,0
BRDA:56,21,1,229
BRDA:80,22,0,15
BRDA:80,22,1,0
BRDA:106,23,0,0
BRDA:106,23,1,0
BRDA:131,24,0,229
BRDA:131,24,1,0
BRDA:143,25,0,0
BRDA:143,25,1,0
BRDA:179,26,0,1055
BRDA:179,26,1,137
BRDA:186,27,0,41
BRDA:186,27,1,1151
BRDA:188,28,0,26
BRDA:188,28,1,15
BRDA:201,29,0,514
BRDA:201,29,1,229
BRDA:218,30,0,1008
BRDA:218,30,1,184
BRDA:221,31,0,80
BRDA:221,31,1,104
BRDA:224,32,0,63
BRDA:224,32,1,41
BRDA:230,33,0,41
BRDA:230,33,1,54
BRDA:235,34,0,0
BRDA:235,34,1,103
BRDA:236,35,0,0
BRDA:236,35,1,0
BRDA:249,36,0,127
BRDA:249,36,1,1353
BRDA:250,37,0,0
BRDA:250,37,1,127
BRDA:250,38,0,127
BRDA:250,38,1,0
BRDA:255,39,0,1151
BRDA:255,39,1,202
BRDA:268,40,0,0
BRDA:268,40,1,123
BRDA:271,41,0,109
BRDA:271,41,1,14
BRDA:272,42,0,83
BRDA:272,42,1,26
BRDA:289,43,0,0
BRDA:289,43,1,41
BRDA:297,44,0,41
BRDA:297,44,1,0
BRDA:301,45,0,41
BRDA:301,45,1,0
BRF:96
BRH:65
end_of_record
TN:
SF:lib/Errors.ts
FN:7,IllegalFact
FN:11,OrphanImplicitFact
FN:15,StorageNotInitialized
FN:19,FileIO
FN:23,DBParsing
FN:27,CountNotImplemented
FNF:6
FNH:0
FNDA:0,IllegalFact
FNDA:0,OrphanImplicitFact
FNDA:0,StorageNotInitialized
FNDA:0,FileIO
FNDA:0,DBParsing
FNDA:0,CountNotImplemented
DA:7,1
DA:8,0
DA:11,1
DA:12,0
DA:15,1
DA:16,0
DA:19,1
DA:20,0
DA:23,1
DA:24,0
DA:27,1
DA:28,0
LF:12
LH:6
BRF:0
BRH:0
end_of_record
TN:
SF:lib/ParsingInterface.ts
FN:22,tripleToFact
FN:33,triplesToFacts
FN:34,(anonymous_3)
FN:37,factsToQuads
FNF:4
FNH:4
FNDA:4,tripleToFact
FNDA:2,triplesToFacts
FNDA:4,(anonymous_3)
FNDA:1,factsToQuads
DA:6,1
DA:7,1
DA:22,1
DA:23,4
DA:33,1
DA:34,4
DA:37,1
DA:38,1
DA:39,1
DA:40,1
DA:41,3
DA:42,0
DA:43,0
DA:44,0
DA:51,0
DA:59,3
DA:60,1
DA:66,2
DA:73,1
LF:19
LH:15
BRDA:22,0,0,0
BRDA:29,1,0,0
BRDA:29,1,1,4
BRDA:33,2,0,2
BRDA:41,3,0,0
BRDA:41,3,1,3
BRDA:43,4,0,0
BRDA:43,4,1,0
BRDA:59,5,0,1
BRDA:59,5,1,2
BRF:10
BRH:5
end_of_record
TN:
SF:lib/Prefixes.ts
FN:17,(anonymous_1)
FN:27,(anonymous_2)
FN:31,(anonymous_3)
FN:35,(anonymous_4)
FN:39,(anonymous_5)
FN:43,(anonymous_6)
FN:52,(anonymous_7)
FN:56,(anonymous_8)
FNF:8
FNH:3
FNDA:1,(anonymous_1)
FNDA:0,(anonymous_2)
FNDA:0,(anonymous_3)
FNDA:44,(anonymous_4)
FNDA:0,(anonymous_5)
FNDA:0,(anonymous_6)
FNDA:44,(anonymous_7)
FNDA:0,(anonymous_8)
DA:10,1
DA:18,1
DA:19,1
DA:28,0
DA:32,0
DA:36,44
DA:40,0
DA:44,0
DA:45,0
DA:46,0
DA:49,0
DA:53,44
DA:57,0
DA:58,0
DA:59,0
DA:60,0
DA:66,1
LF:17
LH:6
BRDA:36,0,0,38
BRDA:36,0,1,6
BRDA:45,1,0,0
BRDA:45,1,1,0
BRDA:59,2,0,0
BRDA:59,2,1,0
BRF:6
BRH:2
end_of_record
TN:
SF:lib/ReasoningEngine.ts
FN:24,naive
FN:66,incremental
FN:68,(anonymous_17)
FN:82,startAlgorithm
FN:86,overDeletionEvaluationLoop
FN:90,(anonymous_20)
FN:102,rederivationEvaluationLoop
FN:106,(anonymous_22)
FN:116,insertionEvaluationLoop
FN:121,(anonymous_24)
FN:146,tagFilter
FN:147,(anonymous_26)
FN:160,tagging
FN:168,(anonymous_28)
FN:169,startAlgorithm
FN:180,evaluationLoop
FN:184,(anonymous_31)
FNF:17
FNH:9
FNDA:0,naive
FNDA:2,incremental
FNDA:2,(anonymous_17)
FNDA:2,startAlgorithm
FNDA:2,overDeletionEvaluationLoop
FNDA:2,(anonymous_20)
FNDA:2,rederivationEvaluationLoop
FNDA:2,(anonymous_22)
FNDA:5,insertionEvaluationLoop
FNDA:5,(anonymous_24)
FNDA:0,tagFilter
FNDA:0,(anonymous_26)
FNDA:0,tagging
FNDA:0,(anonymous_28)
FNDA:0,startAlgorithm
FNDA:0,evaluationLoop
FNDA:0,(anonymous_31)
DA:7,1
DA:8,1
DA:9,1
DA:24,1
DA:25,0
DA:26,0
DA:30,0
DA:31,0
DA:35,0
DA:36,0
DA:40,0
DA:41,0
DA:43,0
DA:46,0
DA:47,0
DA:49,0
DA:51,0
DA:66,1
DA:68,2
DA:69,2
DA:70,2
DA:71,2
DA:72,2
DA:73,2
DA:74,2
DA:75,2
DA:76,2
DA:79,2
DA:80,2
DA:83,2
DA:87,2
DA:88,2
DA:89,2
DA:91,2
DA:92,2
DA:93,0
DA:95,2
DA:96,2
DA:97,2
DA:103,2
DA:104,2
DA:105,2
DA:107,2
DA:108,2
DA:109,0
DA:111,2
DA:117,5
DA:118,5
DA:119,5
DA:120,5
DA:122,5
DA:123,5
DA:124,3
DA:126,2
DA:127,2
DA:129,2
DA:136,2
DA:146,1
DA:147,0
DA:160,1
DA:164,0
DA:165,0
DA:166,0
DA:168,0
DA:170,0
DA:171,0
DA:173,0
DA:181,0
DA:182,0
DA:183,0
DA:185,0
DA:186,0
DA:187,0
DA:189,0
DA:198,0
DA:199,0
DA:200,0
DA:201,0
DA:202,0
LF:79
LH:44
BRDA:30,0,0,0
BRDA:30,0,1,0
BRDA:30,1,0,0
BRDA:30,1,1,0
BRDA:30,2,0,0
BRDA:30,2,1,0
BRDA:35,3,0,0
BRDA:35,3,1,0
BRDA:35,4,0,0
BRDA:35,4,1,0
BRDA:35,5,0,0
BRDA:35,5,1,0
BRDA:92,6,0,0
BRDA:92,6,1,2
BRDA:108,7,0,0
BRDA:108,7,1,2
BRDA:123,8,0,3
BRDA:123,8,1,2
BRDA:170,9,0,0
BRDA:170,9,1,0
BRDA:186,10,0,0
BRDA:186,10,1,0
BRF:22
BRH:4
end_of_record
TN:
SF:lib/RegularExpressions.ts
FNF:0
FNH:0
DA:5,1
LF:1
LH:1
BRF:0
BRH:0
end_of_record
TN:
SF:lib/Rules.ts
FNF:0
FNH:0
DA:10,1
DA:11,1
DA:13,1
DA:30,1
LF:4
LH:4
BRF:0
BRH:0
end_of_record
TN:
SF:lib/Utils.ts
FN:16,uniques
FN:29,insertUnique
FN:33,containsSubset
FN:42,isVariable
FN:58,isOperator
FN:66,removeBeforeSharp
FN:72,equivalentSets
FN:87,notInSet
FN:91,getValueFromDatatype
FN:100,emptyPromise
FN:101,(anonymous_17)
FN:104,tripleContainsVariable
FN:113,asCHRAtom
FNF:13
FNH:4
FNDA:336,uniques
FNDA:0,insertUnique
FNDA:5,containsSubset
FNDA:903,isVariable
FNDA:301,isOperator
FNDA:0,removeBeforeSharp
FNDA:0,equivalentSets
FNDA:0,notInSet
FNDA:0,getValueFromDatatype
FNDA:0,emptyPromise
FNDA:0,(anonymous_17)
FNDA:0,tripleContainsVariable
FNDA:0,asCHRAtom
DA:6,1
DA:7,1
DA:16,1
DA:17,336
DA:19,336
DA:20,832
DA:23,336
DA:24,756
DA:26,336
DA:29,1
DA:30,0
DA:33,1
DA:34,5
DA:42,1
DA:43,903
DA:44,22
DA:46,881
DA:47,881
DA:49,0
DA:58,1
DA:59,301
DA:60,301
DA:62,0
DA:66,1
DA:67,0
DA:68,0
DA:69,0
DA:72,1
DA:73,0
DA:74,0
DA:76,0
DA:77,0
DA:79,0
DA:80,0
DA:81,0
DA:84,0
DA:87,1
DA:88,0
DA:91,1
DA:92,0
DA:93,0
DA:94,0
DA:95,0
DA:97,0
DA:100,1
DA:101,0
DA:104,1
DA:105,0
DA:108,0
DA:110,0
DA:113,1
DA:114,0
DA:115,0
DA:116,0
DA:117,0
DA:119,0
DA:121,0
DA:123,0
DA:125,0
LF:59
LH:27
BRDA:20,0,0,810
BRDA:20,0,1,22
BRDA:43,1,0,22
BRDA:43,1,1,881
BRDA:60,2,0,301
BRDA:60,2,1,301
BRDA:60,2,2,301
BRDA:60,2,3,301
BRDA:60,2,4,301
BRDA:67,3,0,0
BRDA:67,3,1,0
BRDA:67,4,0,0
BRDA:67,4,1,0
BRDA:73,5,0,0
BRDA:73,5,1,0
BRDA:76,6,0,0
BRDA:76,6,1,0
BRDA:80,7,0,0
BRDA:80,7,1,0
BRDA:94,8,0,0
BRDA:94,8,1,0
BRDA:105,9,0,0
BRDA:105,9,1,0
BRDA:105,10,0,0
BRDA:105,10,1,0
BRDA:105,10,2,0
BRDA:114,11,0,0
BRDA:114,11,1,0
BRDA:115,12,0,0
BRDA:115,12,1,0
BRDA:116,13,0,0
BRDA:116,13,1,0
BRF:32
BRH:9
end_of_record
TN:
SF:lib/Logics/Fact.ts
FN:50,(anonymous_6)
FN:97,(anonymous_7)
FN:109,(anonymous_8)
FN:113,(anonymous_9)
FN:129,(anonymous_10)
FN:141,(anonymous_11)
FN:145,(anonymous_12)
FN:149,(anonymous_13)
FN:153,(anonymous_14)
FN:170,(anonymous_15)
FN:179,(anonymous_16)
FN:190,(anonymous_17)
FN:209,(anonymous_18)
FN:229,(anonymous_19)
FN:246,(anonymous_20)
FNF:15
FNH:3
FNDA:301,(anonymous_6)
FNDA:301,(anonymous_7)
FNDA:183,(anonymous_8)
FNDA:0,(anonymous_9)
FNDA:0,(anonymous_10)
FNDA:0,(anonymous_11)
FNDA:0,(anonymous_12)
FNDA:0,(anonymous_13)
FNDA:0,(anonymous_14)
FNDA:0,(anonymous_15)
FNDA:0,(anonymous_16)
FNDA:0,(anonymous_17)
FNDA:0,(anonymous_18)
FNDA:0,(anonymous_19)
FNDA:0,(anonymous_20)
DA:5,1
DA:6,1
DA:16,1
DA:55,301
DA:56,11
DA:58,301
DA:60,301
DA:61,301
DA:62,301
DA:63,301
DA:64,301
DA:66,301
DA:67,301
DA:68,301
DA:70,301
DA:71,260
DA:74,301
DA:75,301
DA:76,57
DA:78,301
DA:79,249
DA:81,301
DA:82,73
DA:85,301
DA:86,301
DA:87,0
DA:90,301
DA:100,301
DA:101,11
DA:103,290
DA:106,301
DA:110,183
DA:116,0
DA:117,0
DA:120,0
DA:121,0
DA:123,0
DA:126,0
DA:132,0
DA:133,0
DA:135,0
DA:138,0
DA:142,0
DA:146,0
DA:150,0
DA:156,0
DA:157,0
DA:159,0
DA:162,0
DA:173,0
DA:180,0
DA:191,0
DA:192,0
DA:193,0
DA:194,0
DA:197,0
DA:210,0
DA:211,0
DA:212,0
DA:213,0
DA:216,0
DA:218,0
DA:219,0
DA:220,0
DA:221,0
DA:222,0
DA:224,0
DA:226,0
DA:230,0
DA:231,0
DA:232,0
DA:233,0
DA:235,0
DA:236,0
DA:237,0
DA:238,0
DA:243,0
DA:247,0
DA:248,0
DA:249,0
DA:250,0
LF:81
LH:31
BRDA:52,0,0,250
BRDA:52,1,0,250
BRDA:52,2,0,297
BRDA:53,3,0,301
BRDA:55,4,0,11
BRDA:55,4,1,290
BRDA:70,5,0,260
BRDA:70,5,1,41
BRDA:70,6,0,301
BRDA:70,6,1,301
BRDA:75,7,0,57
BRDA:75,7,1,244
BRDA:78,8,0,249
BRDA:78,8,1,52
BRDA:81,9,0,73
BRDA:81,9,1,228
BRDA:86,10,0,0
BRDA:86,10,1,301
BRDA:100,11,0,11
BRDA:100,11,1,290
BRDA:106,12,0,260
BRDA:106,12,1,41
BRDA:116,13,0,0
BRDA:116,13,1,0
BRDA:120,14,0,0
BRDA:120,14,1,0
BRDA:132,15,0,0
BRDA:132,15,1,0
BRDA:156,16,0,0
BRDA:156,16,1,0
BRDA:162,17,0,0
BRDA:162,17,1,0
BRDA:173,18,0,0
BRDA:173,18,1,0
BRDA:173,18,2,0
BRDA:173,18,3,0
BRDA:180,19,0,0
BRDA:180,19,1,0
BRDA:180,19,2,0
BRDA:193,20,0,0
BRDA:193,20,1,0
BRDA:210,21,0,0
BRDA:210,21,1,0
BRDA:212,22,0,0
BRDA:212,22,1,0
BRDA:212,23,0,0
BRDA:212,23,1,0
BRDA:222,24,0,0
BRDA:222,24,1,0
BRDA:232,25,0,0
BRDA:232,25,1,0
BRDA:236,26,0,0
BRDA:236,26,1,0
BRDA:247,27,0,0
BRDA:247,27,1,0
BRDA:249,28,0,0
BRDA:249,28,1,0
BRF:57
BRH:21
end_of_record
TN:
SF:lib/Logics/Logics.ts
FN:27,combine
FN:48,getOnlyImplicitFacts
FN:64,getOnlyExplicitFacts
FN:83,restrictRuleSet
FN:114,causeMatchesFact
FN:127,causeMemberMatchesFactMember
FN:136,similarAtoms
FN:146,containsFacts
FN:164,minus
FN:188,isVariable
FN:196,updateValidTags
FN:199,(anonymous_18)
FN:228,addAlternativeDerivationAsCausedByFromExplicit
FN:239,buildCauses
FN:260,addConsequences
FN:271,combineImplicitCauses
FN:279,disjunctCauses
FN:296,unifyFactSet
FN:318,unify
FN:326,uniquesCausedBy
FN:357,parseRules
FN:370,parseRule
FN:380,_createFactSetFromTriples
FN:404,isBNode
FN:408,skolemize
FNF:25
FNH:11
FNDA:0,combine
FNDA:2,getOnlyImplicitFacts
FNDA:2,getOnlyExplicitFacts
FNDA:9,restrictRuleSet
FNDA:2985,causeMatchesFact
FNDA:3553,causeMemberMatchesFactMember
FNDA:0,similarAtoms
FNDA:0,containsFacts
FNDA:4,minus
FNDA:123,isVariable
FNDA:0,updateValidTags
FNDA:0,(anonymous_18)
FNDA:0,addAlternativeDerivationAsCausedByFromExplicit
FNDA:0,buildCauses
FNDA:0,addConsequences
FNDA:0,combineImplicitCauses
FNDA:0,disjunctCauses
FNDA:0,unifyFactSet
FNDA:0,unify
FNDA:0,uniquesCausedBy
FNDA:2,parseRules
FNDA:66,parseRule
FNDA:132,_createFactSetFromTriples
FNDA:123,isBNode
FNDA:0,skolemize
DA:7,1
DA:8,1
DA:10,1
DA:11,1
DA:12,1
DA:13,1
DA:14,1
DA:27,1
DA:28,0
DA:29,0
DA:30,0
DA:31,0
DA:32,0
DA:33,0
DA:34,0
DA:38,0
DA:39,0
DA:48,1
DA:49,2
DA:50,2
DA:51,3
DA:52,3
DA:53,0
DA:56,2
DA:64,1
DA:65,2
DA:66,2
DA:67,3
DA:68,3
DA:69,3
DA:72,2
DA:83,1
DA:84,9
DA:86,9
DA:87,468
DA:89,468
DA:90,1294
DA:91,2985
DA:92,177
DA:93,177
DA:97,1294
DA:98,177
DA:99,177
DA:104,9
DA:114,1
DA:115,2985
DA:127,1
DA:128,3553
DA:136,1
DA:137,0
DA:146,1
DA:147,0
DA:148,0
DA:149,0
DA:150,0
DA:151,0
DA:154,0
DA:164,1
DA:166,4
DA:167,4
DA:168,3
DA:169,3
DA:170,0
DA:171,0
DA:172,0
DA:175,3
DA:176,3
DA:180,4
DA:188,1
DA:189,123
DA:190,123
DA:192,0
DA:196,1
DA:197,0
DA:198,0
DA:199,0
DA:201,0
DA:202,0
DA:203,0
DA:204,0
DA:205,0
DA:207,0
DA:208,0
DA:211,0
DA:215,0
DA:216,0
DA:217,0
DA:218,0
DA:222,0
DA:228,1
DA:229,0
DA:231,0
DA:232,0
DA:233,0
DA:234,0
DA:239,1
DA:240,0
DA:241,0
DA:243,0
DA:245,0
DA:246,0
DA:247,0
DA:248,0
DA:249,0
DA:250,0
DA:253,0
DA:255,0
DA:257,0
DA:260,1
DA:261,0
DA:262,0
DA:263,0
DA:264,0
DA:265,0
DA:271,1
DA:272,0
DA:273,0
DA:274,0
DA:276,0
DA:279,1
DA:281,0
DA:283,0
DA:284,0
DA:287,0
DA:288,0
DA:289,0
DA:290,0
DA:293,0
DA:296,1
DA:297,0
DA:299,0
DA:300,0
DA:302,0
DA:303,0
DA:306,0
DA:309,0
DA:311,0
DA:315,0
DA:318,1
DA:319,0
DA:321,0
DA:322,0
DA:323,0
DA:326,1
DA:327,0
DA:329,0
DA:330,0
DA:331,0
DA:333,0
DA:334,0
DA:337,0
DA:338,0
DA:339,0
DA:340,0
DA:341,0
DA:342,0
DA:343,0
DA:345,0
DA:349,0
DA:350,0
DA:354,0
DA:357,1
DA:358,2
DA:359,2
DA:360,66
DA:361,66
DA:362,66
DA:364,0
DA:367,2
DA:370,1
DA:371,66
DA:372,66
DA:374,66
DA:375,66
DA:377,66
DA:380,1
DA:381,132
DA:382,132
DA:384,11
DA:386,121
DA:387,239
DA:389,239
DA:390,717
DA:391,44
DA:395,717
DA:398,239
DA:401,132
DA:404,1
DA:405,123
DA:408,1
DA:409,0
DA:410,0
DA:411,0
DA:413,0
LF:194
LH:88
BRDA:30,0,0,0
BRDA:30,0,1,0
BRDA:30,1,0,0
BRDA:30,1,1,0
BRDA:39,2,0,0
BRDA:39,2,1,0
BRDA:52,3,0,0
BRDA:52,3,1,3
BRDA:68,4,0,3
BRDA:68,4,1,0
BRDA:91,5,0,177
BRDA:91,5,1,2808
BRDA:97,6,0,177
BRDA:97,6,1,1117
BRDA:115,7,0,2985
BRDA:115,7,1,284
BRDA:115,7,2,284
BRDA:128,8,0,3553
BRDA:128,8,1,3358
BRDA:137,9,0,0
BRDA:137,9,1,0
BRDA:137,9,2,0
BRDA:147,10,0,0
BRDA:147,10,1,0
BRDA:147,11,0,0
BRDA:147,11,1,0
BRDA:150,12,0,0
BRDA:150,12,1,0
BRDA:170,13,0,0
BRDA:170,13,1,0
BRDA:175,14,0,3
BRDA:175,14,1,0
BRDA:203,15,0,0
BRDA:203,15,1,0
BRDA:204,16,0,0
BRDA:204,16,1,0
BRDA:217,17,0,0
BRDA:217,17,1,0
BRDA:217,18,0,0
BRDA:217,18,1,0
BRDA:245,19,0,0
BRDA:245,19,1,0
BRDA:247,20,0,0
BRDA:247,20,1,0
BRDA:262,21,0,0
BRDA:262,21,1,0
BRDA:283,22,0,0
BRDA:283,22,1,0
BRDA:283,23,0,0
BRDA:283,23,1,0
BRDA:300,24,0,0
BRDA:300,24,1,0
BRDA:302,25,0,0
BRDA:302,25,1,0
BRDA:329,26,0,0
BRDA:329,26,1,0
BRDA:340,27,0,0
BRDA:340,27,1,0
BRDA:342,28,0,0
BRDA:342,28,1,0
BRDA:349,29,0,0
BRDA:349,29,1,0
BRDA:357,30,0,0
BRDA:361,31,0,66
BRDA:361,31,1,0
BRDA:370,32,0,0
BRDA:382,33,0,11
BRDA:382,33,1,121
BRDA:390,34,0,44
BRDA:390,34,1,673
BRDA:405,35,0,123
BRDA:405,35,1,123
BRF:72
BRH:19
end_of_record
TN:
SF:lib/Logics/Rule.ts
FN:31,(anonymous_6)
FN:68,(anonymous_7)
FN:79,(anonymous_8)
FN:87,(anonymous_9)
FN:110,(anonymous_10)
FN:120,(anonymous_11)
FN:133,(anonymous_12)
FN:139,(anonymous_13)
FNF:8
FNH:3
FNDA:66,(anonymous_6)
FNDA:0,(anonymous_7)
FNDA:0,(anonymous_8)
FNDA:67,(anonymous_9)
FNDA:137,(anonymous_10)
FNDA:0,(anonymous_11)
FNDA:0,(anonymous_12)
FNDA:0,(anonymous_13)
DA:5,1
DA:14,1
DA:32,66
DA:33,66
DA:34,66
DA:35,66
DA:36,66
DA:37,66
DA:38,66
DA:39,66
DA:41,66
DA:42,177
DA:43,177
DA:45,0
DA:49,66
DA:50,177
DA:52,66
DA:53,73
DA:55,66
DA:58,1
DA:69,0
DA:70,0
DA:71,0
DA:73,0
DA:74,0
DA:76,0
DA:80,0
DA:88,67
DA:89,67
DA:91,67
DA:92,179
DA:93,179
DA:94,0
DA:96,179
DA:97,136
DA:99,179
DA:100,25
DA:102,179
DA:108,67
DA:110,137
DA:113,67
DA:114,179
DA:117,67
DA:121,0
DA:122,0
DA:123,0
DA:124,0
DA:125,0
DA:126,0
DA:130,0
DA:134,0
DA:135,0
DA:140,0
DA:141,0
DA:142,0
DA:143,0
DA:145,0
DA:146,0
DA:148,0
DA:150,0
DA:151,0
DA:153,0
DA:155,0
LF:63
LH:34
BRDA:31,0,0,0
BRDA:42,1,0,177
BRDA:42,1,1,0
BRDA:93,2,0,0
BRDA:93,2,1,179
BRDA:96,3,0,136
BRDA:96,3,1,43
BRDA:99,4,0,25
BRDA:99,4,1,154
BRDA:110,5,0,15
BRDA:110,5,1,122
BRDA:110,6,0,44
BRDA:110,6,1,78
BRDA:125,7,0,0
BRDA:125,7,1,0
BRDA:134,8,0,0
BRDA:134,8,1,0
BRF:17
BRH:10
end_of_record
TN:
SF:lib/Logics/Solver.ts
FN:20,evaluateRuleSet
FN:39,evaluateThroughRestriction
FN:61,evaluateThroughRestrictionWithTagging
FN:91,checkOperators
FN:115,getMappings
FN:138,substituteNextCauses
FN:184,factMatches
FN:219,factElemMatches
FN:238,substituteElementVariablesWithMapping
FN:258,substituteFactVariables
FNF:10
FNH:9
FNDA:10,evaluateRuleSet
FNDA:229,evaluateThroughRestriction
FNDA:0,evaluateThroughRestrictionWithTagging
FNDA:229,checkOperators
FNDA:229,getMappings
FNDA:743,substituteNextCauses
FNDA:1192,factMatches
FNDA:1480,factElemMatches
FNDA:123,substituteElementVariablesWithMapping
FNDA:41,substituteFactVariables
DA:5,1
DA:6,1
DA:7,1
DA:20,1
DA:21,10
DA:22,10
DA:23,229
DA:24,0
DA:26,229
DA:29,10
DA:39,1
DA:40,229
DA:42,229
DA:43,229
DA:44,15
DA:46,15
DA:47,15
DA:51,229
DA:61,1
DA:62,0
DA:63,0
DA:68,0
DA:70,0
DA:71,0
DA:73,0
DA:74,0
DA:75,0
DA:76,0
DA:77,0
DA:78,0
DA:80,0
DA:81,0
DA:83,0
DA:87,0
DA:91,1
DA:92,229
DA:96,229
DA:98,0
DA:99,0
DA:101,0
DA:102,0
DA:108,0
DA:109,0
DA:110,0
DA:115,1
DA:116,229
DA:118,229
DA:120,229
DA:121,743
DA:124,743
DA:126,229
DA:138,1
DA:139,743
DA:141,743
DA:142,255
DA:144,1192
DA:146,1192
DA:147,1055
DA:148,1055
DA:152,1192
DA:155,1192
DA:157,41
DA:159,26
DA:160,26
DA:161,26
DA:164,15
DA:170,743
DA:171,514
DA:173,229
DA:184,1
DA:185,1192
DA:188,1192
DA:189,1008
DA:191,184
DA:192,80
DA:194,104
DA:195,63
DA:200,41
DA:201,95
DA:202,41
DA:204,54
DA:205,103
DA:206,0
DA:207,0
DA:211,54
DA:216,41
DA:219,1
DA:220,1480
DA:221,127
DA:222,0
DA:224,127
DA:225,1353
DA:226,1151
DA:229,329
DA:238,1
DA:239,123
DA:240,0
DA:241,123
DA:242,109
DA:243,83
DA:246,40
DA:258,1
DA:259,41
DA:260,0
DA:262,41
DA:263,41
DA:264,41
DA:266,41
DA:268,41
DA:269,41
DA:270,41
DA:273,41
DA:274,41
DA:277,41
LF:114
LH:86
BRDA:20,0,0,10
BRDA:23,1,0,0
BRDA:23,1,1,229
BRDA:44,2,0,15
BRDA:44,2,1,0
BRDA:71,3,0,0
BRDA:71,3,1,0
BRDA:96,4,0,229
BRDA:96,4,1,0
BRDA:108,5,0,0
BRDA:108,5,1,0
BRDA:146,6,0,1055
BRDA:146,6,1,137
BRDA:155,7,0,41
BRDA:155,7,1,1151
BRDA:157,8,0,26
BRDA:157,8,1,15
BRDA:170,9,0,514
BRDA:170,9,1,229
BRDA:188,10,0,1008
BRDA:188,10,1,184
BRDA:191,11,0,80
BRDA:191,11,1,104
BRDA:194,12,0,63
BRDA:194,12,1,41
BRDA:201,13,0,41
BRDA:201,13,1,54
BRDA:205,14,0,0
BRDA:205,14,1,103
BRDA:206,15,0,0
BRDA:206,15,1,0
BRDA:220,16,0,127
BRDA:220,16,1,1353
BRDA:221,17,0,0
BRDA:221,17,1,127
BRDA:221,18,0,127
BRDA:221,18,1,0
BRDA:225,19,0,1151
BRDA:225,19,1,202
BRDA:239,20,0,0
BRDA:239,20,1,123
BRDA:241,21,0,109
BRDA:241,21,1,14
BRDA:242,22,0,83
BRDA:242,22,1,26
BRDA:259,23,0,0
BRDA:259,23,1,41
BRDA:268,24,0,41
BRDA:268,24,1,0
BRDA:273,25,0,41
BRDA:273,25,1,0
BRF:51
BRH:35
end_of_record
